{"/home/zimele-dubazana/eVuka-REWARDS-app/src/App.tsx": {"path":"/home/zimele-dubazana/eVuka-REWARDS-app/src/App.tsx","statementMap":{"0":{"start":{"line":1,"column":0},"end":{"line":1,"column":57}},"1":{"start":{"line":2,"column":0},"end":{"line":2,"column":70}},"2":{"start":{"line":3,"column":0},"end":{"line":3,"column":37}},"3":{"start":{"line":4,"column":0},"end":{"line":4,"column":43}},"4":{"start":{"line":5,"column":0},"end":{"line":5,"column":49}},"5":{"start":{"line":6,"column":0},"end":{"line":6,"column":53}},"6":{"start":{"line":7,"column":0},"end":{"line":7,"column":60}},"7":{"start":{"line":8,"column":0},"end":{"line":8,"column":56}},"8":{"start":{"line":9,"column":0},"end":{"line":9,"column":34}},"9":{"start":{"line":10,"column":0},"end":{"line":10,"column":56}},"10":{"start":{"line":11,"column":0},"end":{"line":11,"column":56}},"11":{"start":{"line":12,"column":0},"end":{"line":12,"column":50}},"12":{"start":{"line":13,"column":0},"end":{"line":13,"column":55}},"13":{"start":{"line":14,"column":0},"end":{"line":14,"column":63}},"14":{"start":{"line":16,"column":0},"end":{"line":16,"column":66}},"15":{"start":{"line":17,"column":0},"end":{"line":17,"column":69}},"16":{"start":{"line":18,"column":0},"end":{"line":18,"column":65}},"17":{"start":{"line":19,"column":0},"end":{"line":19,"column":38}},"18":{"start":{"line":20,"column":0},"end":{"line":20,"column":64}},"19":{"start":{"line":23,"column":20},"end":{"line":23,"column":61}},"20":{"start":{"line":23,"column":30},"end":{"line":23,"column":60}},"21":{"start":{"line":24,"column":21},"end":{"line":24,"column":60}},"22":{"start":{"line":24,"column":31},"end":{"line":24,"column":59}},"23":{"start":{"line":27,"column":2},"end":{"line":32,"column":9}},"24":{"start":{"line":28,"column":4},"end":{"line":31,"column":7}},"25":{"start":{"line":34,"column":2},"end":{"line":44,"column":9}},"26":{"start":{"line":35,"column":19},"end":{"line":35,"column":62}},"27":{"start":{"line":37,"column":4},"end":{"line":39,"column":5}},"28":{"start":{"line":38,"column":6},"end":{"line":38,"column":53}},"29":{"start":{"line":41,"column":4},"end":{"line":43,"column":5}},"30":{"start":{"line":42,"column":6},"end":{"line":42,"column":56}},"31":{"start":{"line":46,"column":2},"end":{"line":178,"column":4}},"32":{"start":{"line":181,"column":0},"end":{"line":181,"column":19}}},"fnMap":{"0":{"name":"(anonymous_0)","decl":{"start":{"line":23,"column":25},"end":{"line":23,"column":28}},"loc":{"start":{"line":23,"column":30},"end":{"line":23,"column":60}}},"1":{"name":"(anonymous_1)","decl":{"start":{"line":23,"column":30},"end":{"line":23,"column":38}},"loc":{"start":{"line":23,"column":30},"end":{"line":23,"column":60}}},"2":{"name":"(anonymous_2)","decl":{"start":{"line":24,"column":26},"end":{"line":24,"column":29}},"loc":{"start":{"line":24,"column":31},"end":{"line":24,"column":59}}},"3":{"name":"(anonymous_3)","decl":{"start":{"line":24,"column":31},"end":{"line":24,"column":39}},"loc":{"start":{"line":24,"column":31},"end":{"line":24,"column":59}}},"4":{"name":"App","decl":{"start":{"line":26,"column":9},"end":{"line":26,"column":12}},"loc":{"start":{"line":26,"column":12},"end":{"line":179,"column":1}}},"5":{"name":"(anonymous_5)","decl":{"start":{"line":27,"column":12},"end":{"line":27,"column":15}},"loc":{"start":{"line":27,"column":17},"end":{"line":32,"column":3}}},"6":{"name":"(anonymous_6)","decl":{"start":{"line":34,"column":12},"end":{"line":34,"column":15}},"loc":{"start":{"line":34,"column":17},"end":{"line":44,"column":3}}}},"branchMap":{"0":{"loc":{"start":{"line":37,"column":4},"end":{"line":39,"column":5}},"type":"if","locations":[{"start":{"line":37,"column":4},"end":{"line":39,"column":5}}]},"1":{"loc":{"start":{"line":41,"column":4},"end":{"line":43,"column":5}},"type":"if","locations":[{"start":{"line":41,"column":4},"end":{"line":43,"column":5}}]},"2":{"loc":{"start":{"line":52,"column":13},"end":{"line":52,"column":71}},"type":"binary-expr","locations":[{"start":{"line":52,"column":13},"end":{"line":52,"column":50}},{"start":{"line":52,"column":54},"end":{"line":52,"column":71}}]},"3":{"loc":{"start":{"line":154,"column":15},"end":{"line":155,"column":null}},"type":"binary-expr","locations":[{"start":{"line":154,"column":15},"end":{"line":154,"column":52}},{"start":{"line":155,"column":16},"end":{"line":155,"column":45}}]}},"s":{"0":0,"1":0,"2":0,"3":0,"4":0,"5":0,"6":0,"7":0,"8":0,"9":0,"10":0,"11":0,"12":0,"13":0,"14":0,"15":0,"16":0,"17":0,"18":0,"19":0,"20":0,"21":0,"22":0,"23":0,"24":0,"25":0,"26":0,"27":0,"28":0,"29":0,"30":0,"31":0,"32":0},"f":{"0":0,"1":0,"2":0,"3":0,"4":0,"5":0,"6":0},"b":{"0":[0],"1":[0],"2":[0,0],"3":[0,0]}}
,"/home/zimele-dubazana/eVuka-REWARDS-app/src/components/ErrorBoundary.tsx": {"path":"/home/zimele-dubazana/eVuka-REWARDS-app/src/components/ErrorBoundary.tsx","statementMap":{"0":{"start":{"line":1,"column":0},"end":{"line":1,"column":63}},"1":{"start":{"line":2,"column":0},"end":{"line":2,"column":33}},"2":{"start":{"line":3,"column":0},"end":{"line":3,"column":37}},"3":{"start":{"line":4,"column":0},"end":{"line":4,"column":56}},"4":{"start":{"line":5,"column":0},"end":{"line":5,"column":39}},"5":{"start":{"line":21,"column":9},"end":{"line":24,"column":null}},"6":{"start":{"line":60,"column":10},"end":{"line":62,"column":null}},"7":{"start":{"line":61,"column":4},"end":{"line":61,"column":72}},"8":{"start":{"line":64,"column":10},"end":{"line":66,"column":null}},"9":{"start":{"line":65,"column":4},"end":{"line":65,"column":29}},"10":{"start":{"line":27,"column":4},"end":{"line":27,"column":52}},"11":{"start":{"line":31,"column":18},"end":{"line":31,"column":49}},"12":{"start":{"line":32,"column":4},"end":{"line":36,"column":7}},"13":{"start":{"line":39,"column":4},"end":{"line":41,"column":5}},"14":{"start":{"line":40,"column":6},"end":{"line":40,"column":43}},"15":{"start":{"line":44,"column":4},"end":{"line":57,"column":5}},"16":{"start":{"line":45,"column":6},"end":{"line":56,"column":9}},"17":{"start":{"line":69,"column":4},"end":{"line":126,"column":5}},"18":{"start":{"line":70,"column":6},"end":{"line":72,"column":7}},"19":{"start":{"line":71,"column":8},"end":{"line":71,"column":35}},"20":{"start":{"line":74,"column":20},"end":{"line":74,"column":51}},"21":{"start":{"line":75,"column":28},"end":{"line":75,"column":66}},"22":{"start":{"line":77,"column":6},"end":{"line":125,"column":8}},"23":{"start":{"line":128,"column":4},"end":{"line":128,"column":31}},"24":{"start":{"line":132,"column":0},"end":{"line":132,"column":29}}},"fnMap":{"0":{"name":"(anonymous_0)","decl":{"start":{"line":20,"column":0},"end":{"line":20,"column":6}},"loc":{"start":{"line":20,"column":0},"end":{"line":130,"column":1}}},"1":{"name":"(anonymous_1)","decl":{"start":{"line":60,"column":24},"end":{"line":60,"column":27}},"loc":{"start":{"line":60,"column":29},"end":{"line":62,"column":3}}},"2":{"name":"(anonymous_2)","decl":{"start":{"line":64,"column":25},"end":{"line":64,"column":28}},"loc":{"start":{"line":64,"column":30},"end":{"line":66,"column":3}}},"3":{"name":"(anonymous_3)","decl":{"start":{"line":26,"column":9},"end":{"line":26,"column":15}},"loc":{"start":{"line":26,"column":53},"end":{"line":28,"column":3}}},"4":{"name":"(anonymous_4)","decl":{"start":{"line":30,"column":9},"end":{"line":30,"column":26}},"loc":{"start":{"line":30,"column":61},"end":{"line":58,"column":3}}},"5":{"name":"(anonymous_5)","decl":{"start":{"line":54,"column":15},"end":{"line":54,"column":18}},"loc":{"start":{"line":54,"column":20},"end":{"line":56,"column":7}}},"6":{"name":"(anonymous_6)","decl":{"start":{"line":68,"column":9},"end":{"line":68,"column":15}},"loc":{"start":{"line":68,"column":15},"end":{"line":129,"column":3}}}},"branchMap":{"0":{"loc":{"start":{"line":31,"column":18},"end":{"line":31,"column":49}},"type":"binary-expr","locations":[{"start":{"line":31,"column":18},"end":{"line":31,"column":34}},{"start":{"line":31,"column":38},"end":{"line":31,"column":49}}]},"1":{"loc":{"start":{"line":39,"column":4},"end":{"line":41,"column":5}},"type":"if","locations":[{"start":{"line":39,"column":4},"end":{"line":41,"column":5}}]},"2":{"loc":{"start":{"line":44,"column":4},"end":{"line":57,"column":5}},"type":"if","locations":[{"start":{"line":44,"column":4},"end":{"line":57,"column":5}}]},"3":{"loc":{"start":{"line":69,"column":4},"end":{"line":126,"column":5}},"type":"if","locations":[{"start":{"line":69,"column":4},"end":{"line":126,"column":5}}]},"4":{"loc":{"start":{"line":70,"column":6},"end":{"line":72,"column":7}},"type":"if","locations":[{"start":{"line":70,"column":6},"end":{"line":72,"column":7}}]},"5":{"loc":{"start":{"line":74,"column":20},"end":{"line":74,"column":51}},"type":"binary-expr","locations":[{"start":{"line":74,"column":20},"end":{"line":74,"column":36}},{"start":{"line":74,"column":40},"end":{"line":74,"column":51}}]},"6":{"loc":{"start":{"line":84,"column":17},"end":{"line":88,"column":58}},"type":"cond-expr","locations":[{"start":{"line":85,"column":20},"end":{"line":85,"column":75}},{"start":{"line":86,"column":20},"end":{"line":88,"column":58}}]},"7":{"loc":{"start":{"line":86,"column":20},"end":{"line":88,"column":58}},"type":"cond-expr","locations":[{"start":{"line":87,"column":20},"end":{"line":87,"column":62}},{"start":{"line":88,"column":20},"end":{"line":88,"column":58}}]},"8":{"loc":{"start":{"line":92,"column":13},"end":{"line":97,"column":null}},"type":"binary-expr","locations":[{"start":{"line":92,"column":13},"end":{"line":92,"column":26}},{"start":{"line":92,"column":30},"end":{"line":92,"column":46}},{"start":{"line":93,"column":14},"end":{"line":96,"column":null}}]},"9":{"loc":{"start":{"line":109,"column":15},"end":{"line":116,"column":null}},"type":"binary-expr","locations":[{"start":{"line":109,"column":15},"end":{"line":109,"column":31}},{"start":{"line":110,"column":16},"end":{"line":113,"column":null}}]}},"s":{"0":0,"1":0,"2":0,"3":0,"4":0,"5":0,"6":0,"7":0,"8":0,"9":0,"10":0,"11":0,"12":0,"13":0,"14":0,"15":0,"16":0,"17":0,"18":0,"19":0,"20":0,"21":0,"22":0,"23":0,"24":0},"f":{"0":0,"1":0,"2":0,"3":0,"4":0,"5":0,"6":0},"b":{"0":[0,0],"1":[0],"2":[0],"3":[0],"4":[0],"5":[0,0],"6":[0,0],"7":[0,0],"8":[0,0,0],"9":[0,0]}}
,"/home/zimele-dubazana/eVuka-REWARDS-app/src/components/ErrorFallback.tsx": {"path":"/home/zimele-dubazana/eVuka-REWARDS-app/src/components/ErrorFallback.tsx","statementMap":{"0":{"start":{"line":1,"column":0},"end":{"line":1,"column":26}},"1":{"start":{"line":2,"column":0},"end":{"line":2,"column":43}},"2":{"start":{"line":3,"column":0},"end":{"line":3,"column":33}},"3":{"start":{"line":4,"column":0},"end":{"line":4,"column":37}},"4":{"start":{"line":13,"column":59},"end":{"line":43,"column":1}},"5":{"start":{"line":19,"column":2},"end":{"line":42,"column":4}},"6":{"start":{"line":13,"column":13},"end":{"line":13,"column":59}},"7":{"start":{"line":45,"column":0},"end":{"line":45,"column":29}}},"fnMap":{"0":{"name":"(anonymous_0)","decl":{"start":{"line":13,"column":59},"end":{"line":13,"column":60}},"loc":{"start":{"line":18,"column":5},"end":{"line":43,"column":1}}}},"branchMap":{"0":{"loc":{"start":{"line":16,"column":2},"end":{"line":16,"column":17}},"type":"default-arg","locations":[{"start":{"line":16,"column":10},"end":{"line":16,"column":17}}]},"1":{"loc":{"start":{"line":17,"column":2},"end":{"line":17,"column":63}},"type":"default-arg","locations":[{"start":{"line":17,"column":16},"end":{"line":17,"column":63}}]},"2":{"loc":{"start":{"line":26,"column":11},"end":{"line":27,"column":null}},"type":"binary-expr","locations":[{"start":{"line":26,"column":11},"end":{"line":26,"column":16}},{"start":{"line":26,"column":20},"end":{"line":26,"column":58}},{"start":{"line":27,"column":12},"end":{"line":27,"column":86}}]},"3":{"loc":{"start":{"line":29,"column":11},"end":{"line":37,"column":null}},"type":"binary-expr","locations":[{"start":{"line":29,"column":11},"end":{"line":29,"column":18}},{"start":{"line":30,"column":12},"end":{"line":34,"column":null}}]}},"s":{"0":0,"1":0,"2":0,"3":0,"4":0,"5":0,"6":0,"7":0},"f":{"0":0},"b":{"0":[0],"1":[0],"2":[0,0,0],"3":[0,0]}}
,"/home/zimele-dubazana/eVuka-REWARDS-app/src/components/LoadingFallback.tsx": {"path":"/home/zimele-dubazana/eVuka-REWARDS-app/src/components/LoadingFallback.tsx","statementMap":{"0":{"start":{"line":1,"column":0},"end":{"line":1,"column":26}},"1":{"start":{"line":2,"column":0},"end":{"line":2,"column":65}},"2":{"start":{"line":3,"column":0},"end":{"line":3,"column":44}},"3":{"start":{"line":10,"column":63},"end":{"line":31,"column":1}},"4":{"start":{"line":14,"column":2},"end":{"line":23,"column":3}},"5":{"start":{"line":15,"column":4},"end":{"line":22,"column":6}},"6":{"start":{"line":25,"column":2},"end":{"line":30,"column":4}},"7":{"start":{"line":10,"column":13},"end":{"line":10,"column":63}},"8":{"start":{"line":33,"column":0},"end":{"line":33,"column":31}}},"fnMap":{"0":{"name":"(anonymous_0)","decl":{"start":{"line":10,"column":63},"end":{"line":10,"column":64}},"loc":{"start":{"line":13,"column":5},"end":{"line":31,"column":1}}}},"branchMap":{"0":{"loc":{"start":{"line":11,"column":2},"end":{"line":11,"column":24}},"type":"default-arg","locations":[{"start":{"line":11,"column":12},"end":{"line":11,"column":24}}]},"1":{"loc":{"start":{"line":12,"column":2},"end":{"line":12,"column":20}},"type":"default-arg","locations":[{"start":{"line":12,"column":15},"end":{"line":12,"column":20}}]},"2":{"loc":{"start":{"line":14,"column":2},"end":{"line":23,"column":3}},"type":"if","locations":[{"start":{"line":14,"column":2},"end":{"line":23,"column":3}}]}},"s":{"0":0,"1":0,"2":0,"3":0,"4":0,"5":0,"6":0,"7":0,"8":0},"f":{"0":0},"b":{"0":[0],"1":[0],"2":[0]}}
,"/home/zimele-dubazana/eVuka-REWARDS-app/src/components/home.tsx": {"path":"/home/zimele-dubazana/eVuka-REWARDS-app/src/components/home.tsx","statementMap":{"0":{"start":{"line":1,"column":0},"end":{"line":1,"column":51}},"1":{"start":{"line":3,"column":0},"end":{"line":3,"column":66}},"2":{"start":{"line":4,"column":0},"end":{"line":4,"column":33}},"3":{"start":{"line":5,"column":0},"end":{"line":5,"column":37}},"4":{"start":{"line":6,"column":0},"end":{"line":6,"column":51}},"5":{"start":{"line":7,"column":0},"end":{"line":7,"column":54}},"6":{"start":{"line":8,"column":0},"end":{"line":8,"column":47}},"7":{"start":{"line":9,"column":0},"end":{"line":9,"column":null}},"8":{"start":{"line":14,"column":0},"end":{"line":14,"column":63}},"9":{"start":{"line":15,"column":0},"end":{"line":15,"column":null}},"10":{"start":{"line":20,"column":0},"end":{"line":20,"column":60}},"11":{"start":{"line":21,"column":0},"end":{"line":21,"column":53}},"12":{"start":{"line":22,"column":0},"end":{"line":22,"column":62}},"13":{"start":{"line":23,"column":0},"end":{"line":23,"column":80}},"14":{"start":{"line":24,"column":0},"end":{"line":24,"column":66}},"15":{"start":{"line":25,"column":0},"end":{"line":25,"column":51}},"16":{"start":{"line":26,"column":0},"end":{"line":26,"column":68}},"17":{"start":{"line":27,"column":0},"end":{"line":27,"column":68}},"18":{"start":{"line":28,"column":0},"end":{"line":28,"column":61}},"19":{"start":{"line":29,"column":0},"end":{"line":29,"column":51}},"20":{"start":{"line":31,"column":13},"end":{"line":218,"column":1}},"21":{"start":{"line":32,"column":41},"end":{"line":32,"column":50}},"22":{"start":{"line":33,"column":20},"end":{"line":33,"column":30}},"23":{"start":{"line":34,"column":19},"end":{"line":34,"column":32}},"24":{"start":{"line":35,"column":42},"end":{"line":35,"column":75}},"25":{"start":{"line":37,"column":2},"end":{"line":42,"column":13}},"26":{"start":{"line":38,"column":4},"end":{"line":40,"column":5}},"27":{"start":{"line":39,"column":6},"end":{"line":39,"column":26}},"28":{"start":{"line":44,"column":28},"end":{"line":52,"column":3}},"29":{"start":{"line":45,"column":4},"end":{"line":51,"column":5}},"30":{"start":{"line":46,"column":6},"end":{"line":46,"column":23}},"31":{"start":{"line":47,"column":22},"end":{"line":47,"column":53}},"32":{"start":{"line":48,"column":6},"end":{"line":48,"column":31}},"33":{"start":{"line":50,"column":6},"end":{"line":50,"column":25}},"34":{"start":{"line":54,"column":46},"end":{"line":54,"column":78}},"35":{"start":{"line":56,"column":24},"end":{"line":111,"column":3}},"36":{"start":{"line":57,"column":4},"end":{"line":110,"column":5}},"37":{"start":{"line":58,"column":6},"end":{"line":58,"column":23}},"38":{"start":{"line":59,"column":21},"end":{"line":59,"column":48}},"39":{"start":{"line":62,"column":29},"end":{"line":62,"column":71}},"40":{"start":{"line":63,"column":6},"end":{"line":63,"column":54}},"41":{"start":{"line":64,"column":6},"end":{"line":64,"column":51}},"42":{"start":{"line":67,"column":6},"end":{"line":74,"column":7}},"43":{"start":{"line":68,"column":8},"end":{"line":73,"column":11}},"44":{"start":{"line":76,"column":23},"end":{"line":76,"column":24}},"45":{"start":{"line":77,"column":21},"end":{"line":77,"column":60}},"46":{"start":{"line":80,"column":22},"end":{"line":86,"column":8}},"47":{"start":{"line":88,"column":6},"end":{"line":93,"column":9}},"48":{"start":{"line":96,"column":6},"end":{"line":96,"column":53}},"49":{"start":{"line":96,"column":34},"end":{"line":96,"column":51}},"50":{"start":{"line":99,"column":6},"end":{"line":99,"column":32}},"51":{"start":{"line":101,"column":6},"end":{"line":104,"column":9}},"52":{"start":{"line":106,"column":6},"end":{"line":106,"column":20}},"53":{"start":{"line":108,"column":6},"end":{"line":108,"column":25}},"54":{"start":{"line":109,"column":6},"end":{"line":109,"column":15}},"55":{"start":{"line":113,"column":24},"end":{"line":115,"column":3}},"56":{"start":{"line":117,"column":2},"end":{"line":117,"column":25}},"57":{"start":{"line":117,"column":13},"end":{"line":117,"column":25}},"58":{"start":{"line":119,"column":2},"end":{"line":217,"column":4}},"59":{"start":{"line":152,"column":33},"end":{"line":152,"column":53}},"60":{"start":{"line":160,"column":33},"end":{"line":160,"column":42}},"61":{"start":{"line":220,"column":0},"end":{"line":220,"column":20}}},"fnMap":{"0":{"name":"(anonymous_0)","decl":{"start":{"line":31,"column":13},"end":{"line":31,"column":16}},"loc":{"start":{"line":31,"column":18},"end":{"line":218,"column":1}}},"1":{"name":"(anonymous_1)","decl":{"start":{"line":37,"column":12},"end":{"line":37,"column":15}},"loc":{"start":{"line":37,"column":17},"end":{"line":42,"column":3}}},"2":{"name":"(anonymous_2)","decl":{"start":{"line":44,"column":28},"end":{"line":44,"column":33}},"loc":{"start":{"line":44,"column":39},"end":{"line":52,"column":3}}},"3":{"name":"(anonymous_3)","decl":{"start":{"line":56,"column":24},"end":{"line":56,"column":29}},"loc":{"start":{"line":56,"column":48},"end":{"line":111,"column":3}}},"4":{"name":"(anonymous_4)","decl":{"start":{"line":96,"column":24},"end":{"line":96,"column":25}},"loc":{"start":{"line":96,"column":34},"end":{"line":96,"column":51}}},"5":{"name":"(anonymous_5)","decl":{"start":{"line":113,"column":24},"end":{"line":113,"column":27}},"loc":{"start":{"line":113,"column":29},"end":{"line":115,"column":3}}},"6":{"name":"(anonymous_6)","decl":{"start":{"line":152,"column":27},"end":{"line":152,"column":30}},"loc":{"start":{"line":152,"column":33},"end":{"line":152,"column":53}}},"7":{"name":"(anonymous_7)","decl":{"start":{"line":160,"column":27},"end":{"line":160,"column":30}},"loc":{"start":{"line":160,"column":33},"end":{"line":160,"column":42}}}},"branchMap":{"0":{"loc":{"start":{"line":38,"column":4},"end":{"line":40,"column":5}},"type":"if","locations":[{"start":{"line":38,"column":4},"end":{"line":40,"column":5}}]},"1":{"loc":{"start":{"line":67,"column":6},"end":{"line":74,"column":7}},"type":"if","locations":[{"start":{"line":67,"column":6},"end":{"line":74,"column":7}}]},"2":{"loc":{"start":{"line":117,"column":2},"end":{"line":117,"column":25}},"type":"if","locations":[{"start":{"line":117,"column":2},"end":{"line":117,"column":25}}]},"3":{"loc":{"start":{"line":137,"column":21},"end":{"line":139,"column":34}},"type":"cond-expr","locations":[{"start":{"line":138,"column":24},"end":{"line":138,"column":76}},{"start":{"line":139,"column":24},"end":{"line":139,"column":34}}]},"4":{"loc":{"start":{"line":137,"column":21},"end":{"line":137,"column":70}},"type":"binary-expr","locations":[{"start":{"line":137,"column":21},"end":{"line":137,"column":44}},{"start":{"line":137,"column":48},"end":{"line":137,"column":70}}]},"5":{"loc":{"start":{"line":142,"column":17},"end":{"line":145,"column":null}},"type":"binary-expr","locations":[{"start":{"line":142,"column":17},"end":{"line":142,"column":38}},{"start":{"line":143,"column":18},"end":{"line":144,"column":null}}]}},"s":{"0":0,"1":0,"2":0,"3":0,"4":0,"5":0,"6":0,"7":0,"8":0,"9":0,"10":0,"11":0,"12":0,"13":0,"14":0,"15":0,"16":0,"17":0,"18":0,"19":0,"20":0,"21":0,"22":0,"23":0,"24":0,"25":0,"26":0,"27":0,"28":0,"29":0,"30":0,"31":0,"32":0,"33":0,"34":0,"35":0,"36":0,"37":0,"38":0,"39":0,"40":0,"41":0,"42":0,"43":0,"44":0,"45":0,"46":0,"47":0,"48":0,"49":0,"50":0,"51":0,"52":0,"53":0,"54":0,"55":0,"56":0,"57":0,"58":0,"59":0,"60":0,"61":0},"f":{"0":0,"1":0,"2":0,"3":0,"4":0,"5":0,"6":0,"7":0},"b":{"0":[0],"1":[0],"2":[0],"3":[0,0],"4":[0,0],"5":[0,0]}}
,"/home/zimele-dubazana/eVuka-REWARDS-app/src/components/analytics/AnalyticsDashboard.tsx": {"path":"/home/zimele-dubazana/eVuka-REWARDS-app/src/components/analytics/AnalyticsDashboard.tsx","statementMap":{"0":{"start":{"line":1,"column":0},"end":{"line":1,"column":44}},"1":{"start":{"line":2,"column":0},"end":{"line":2,"column":34}},"2":{"start":{"line":3,"column":0},"end":{"line":3,"column":42}},"3":{"start":{"line":4,"column":0},"end":{"line":4,"column":70}},"4":{"start":{"line":5,"column":0},"end":{"line":5,"column":74}},"5":{"start":{"line":6,"column":0},"end":{"line":6,"column":49}},"6":{"start":{"line":7,"column":0},"end":{"line":7,"column":38}},"7":{"start":{"line":8,"column":0},"end":{"line":8,"column":55}},"8":{"start":{"line":9,"column":0},"end":{"line":9,"column":null}},"9":{"start":{"line":22,"column":0},"end":{"line":32,"column":2}},"10":{"start":{"line":41,"column":34},"end":{"line":273,"column":1}},"11":{"start":{"line":43,"column":44},"end":{"line":43,"column":59}},"12":{"start":{"line":44,"column":32},"end":{"line":53,"column":4}},"13":{"start":{"line":56,"column":2},"end":{"line":69,"column":9}},"14":{"start":{"line":57,"column":37},"end":{"line":66,"column":5}},"15":{"start":{"line":58,"column":6},"end":{"line":65,"column":7}},"16":{"start":{"line":59,"column":29},"end":{"line":61,"column":39}},"17":{"start":{"line":62,"column":8},"end":{"line":62,"column":33}},"18":{"start":{"line":68,"column":4},"end":{"line":68,"column":31}},"19":{"start":{"line":72,"column":35},"end":{"line":79,"column":3}},"20":{"start":{"line":73,"column":4},"end":{"line":78,"column":5}},"21":{"start":{"line":74,"column":6},"end":{"line":74,"column":72}},"22":{"start":{"line":75,"column":6},"end":{"line":75,"column":30}},"23":{"start":{"line":82,"column":33},"end":{"line":88,"column":3}},"24":{"start":{"line":83,"column":4},"end":{"line":87,"column":6}},"25":{"start":{"line":85,"column":8},"end":{"line":85,"column":75}},"26":{"start":{"line":91,"column":21},"end":{"line":102,"column":4}},"27":{"start":{"line":104,"column":23},"end":{"line":118,"column":4}},"28":{"start":{"line":120,"column":23},"end":{"line":129,"column":4}},"29":{"start":{"line":132,"column":25},"end":{"line":134,"column":38}},"30":{"start":{"line":133,"column":24},"end":{"line":133,"column":38}},"31":{"start":{"line":134,"column":20},"end":{"line":134,"column":37}},"32":{"start":{"line":136,"column":2},"end":{"line":272,"column":4}},"33":{"start":{"line":144,"column":25},"end":{"line":144,"column":57}},"34":{"start":{"line":167,"column":14},"end":{"line":168,"column":null}},"35":{"start":{"line":175,"column":33},"end":{"line":175,"column":66}},"36":{"start":{"line":188,"column":36},"end":{"line":188,"column":60}},"37":{"start":{"line":209,"column":36},"end":{"line":209,"column":53}},"38":{"start":{"line":247,"column":36},"end":{"line":247,"column":62}},"39":{"start":{"line":41,"column":13},"end":{"line":41,"column":34}}},"fnMap":{"0":{"name":"(anonymous_0)","decl":{"start":{"line":41,"column":34},"end":{"line":41,"column":37}},"loc":{"start":{"line":41,"column":39},"end":{"line":273,"column":1}}},"1":{"name":"(anonymous_1)","decl":{"start":{"line":56,"column":12},"end":{"line":56,"column":15}},"loc":{"start":{"line":56,"column":17},"end":{"line":69,"column":3}}},"2":{"name":"(anonymous_2)","decl":{"start":{"line":57,"column":37},"end":{"line":57,"column":42}},"loc":{"start":{"line":57,"column":48},"end":{"line":66,"column":5}}},"3":{"name":"(anonymous_3)","decl":{"start":{"line":72,"column":35},"end":{"line":72,"column":40}},"loc":{"start":{"line":72,"column":46},"end":{"line":79,"column":3}}},"4":{"name":"(anonymous_4)","decl":{"start":{"line":82,"column":33},"end":{"line":82,"column":34}},"loc":{"start":{"line":82,"column":48},"end":{"line":88,"column":3}}},"5":{"name":"(anonymous_5)","decl":{"start":{"line":84,"column":18},"end":{"line":84,"column":19}},"loc":{"start":{"line":85,"column":8},"end":{"line":85,"column":75}}},"6":{"name":"(anonymous_6)","decl":{"start":{"line":133,"column":12},"end":{"line":133,"column":13}},"loc":{"start":{"line":133,"column":24},"end":{"line":133,"column":38}}},"7":{"name":"(anonymous_7)","decl":{"start":{"line":134,"column":10},"end":{"line":134,"column":11}},"loc":{"start":{"line":134,"column":20},"end":{"line":134,"column":37}}},"8":{"name":"(anonymous_8)","decl":{"start":{"line":144,"column":19},"end":{"line":144,"column":22}},"loc":{"start":{"line":144,"column":25},"end":{"line":144,"column":57}}},"9":{"name":"(anonymous_9)","decl":{"start":{"line":166,"column":25},"end":{"line":166,"column":26}},"loc":{"start":{"line":167,"column":14},"end":{"line":168,"column":null}}},"10":{"name":"(anonymous_10)","decl":{"start":{"line":175,"column":27},"end":{"line":175,"column":30}},"loc":{"start":{"line":175,"column":33},"end":{"line":175,"column":66}}},"11":{"name":"(anonymous_11)","decl":{"start":{"line":188,"column":29},"end":{"line":188,"column":30}},"loc":{"start":{"line":188,"column":36},"end":{"line":188,"column":60}}},"12":{"name":"(anonymous_12)","decl":{"start":{"line":209,"column":29},"end":{"line":209,"column":30}},"loc":{"start":{"line":209,"column":36},"end":{"line":209,"column":53}}},"13":{"name":"(anonymous_13)","decl":{"start":{"line":247,"column":29},"end":{"line":247,"column":30}},"loc":{"start":{"line":247,"column":36},"end":{"line":247,"column":62}}}},"branchMap":{"0":{"loc":{"start":{"line":85,"column":8},"end":{"line":85,"column":75}},"type":"cond-expr","locations":[{"start":{"line":85,"column":27},"end":{"line":85,"column":66}},{"start":{"line":85,"column":69},"end":{"line":85,"column":75}}]},"1":{"loc":{"start":{"line":148,"column":11},"end":{"line":148,"column":47}},"type":"cond-expr","locations":[{"start":{"line":148,"column":27},"end":{"line":148,"column":33}},{"start":{"line":148,"column":36},"end":{"line":148,"column":47}}]},"2":{"loc":{"start":{"line":153,"column":7},"end":{"line":182,"column":null}},"type":"binary-expr","locations":[{"start":{"line":153,"column":7},"end":{"line":153,"column":20}},{"start":{"line":154,"column":8},"end":{"line":181,"column":null}}]},"3":{"loc":{"start":{"line":173,"column":27},"end":{"line":173,"column":65}},"type":"cond-expr","locations":[{"start":{"line":173,"column":44},"end":{"line":173,"column":53}},{"start":{"line":173,"column":56},"end":{"line":173,"column":65}}]},"4":{"loc":{"start":{"line":177,"column":19},"end":{"line":177,"column":56}},"type":"cond-expr","locations":[{"start":{"line":177,"column":36},"end":{"line":177,"column":45}},{"start":{"line":177,"column":48},"end":{"line":177,"column":56}}]},"5":{"loc":{"start":{"line":188,"column":9},"end":{"line":205,"column":null}},"type":"binary-expr","locations":[{"start":{"line":188,"column":9},"end":{"line":188,"column":61}},{"start":{"line":189,"column":10},"end":{"line":204,"column":null}}]},"6":{"loc":{"start":{"line":209,"column":9},"end":{"line":243,"column":null}},"type":"binary-expr","locations":[{"start":{"line":209,"column":9},"end":{"line":209,"column":54}},{"start":{"line":210,"column":10},"end":{"line":242,"column":null}}]},"7":{"loc":{"start":{"line":247,"column":9},"end":{"line":268,"column":null}},"type":"binary-expr","locations":[{"start":{"line":247,"column":9},"end":{"line":247,"column":63}},{"start":{"line":248,"column":10},"end":{"line":267,"column":null}}]}},"s":{"0":0,"1":0,"2":0,"3":0,"4":0,"5":0,"6":0,"7":0,"8":0,"9":0,"10":0,"11":0,"12":0,"13":0,"14":0,"15":0,"16":0,"17":0,"18":0,"19":0,"20":0,"21":0,"22":0,"23":0,"24":0,"25":0,"26":0,"27":0,"28":0,"29":0,"30":0,"31":0,"32":0,"33":0,"34":0,"35":0,"36":0,"37":0,"38":0,"39":0},"f":{"0":0,"1":0,"2":0,"3":0,"4":0,"5":0,"6":0,"7":0,"8":0,"9":0,"10":0,"11":0,"12":0,"13":0},"b":{"0":[0,0],"1":[0,0],"2":[0,0],"3":[0,0],"4":[0,0],"5":[0,0],"6":[0,0],"7":[0,0]}}
,"/home/zimele-dubazana/eVuka-REWARDS-app/src/components/analytics/PriceTrendsDashboard.tsx": {"path":"/home/zimele-dubazana/eVuka-REWARDS-app/src/components/analytics/PriceTrendsDashboard.tsx","statementMap":{"0":{"start":{"line":1,"column":0},"end":{"line":1,"column":51}},"1":{"start":{"line":2,"column":0},"end":{"line":2,"column":44}},"2":{"start":{"line":3,"column":0},"end":{"line":3,"column":80}},"3":{"start":{"line":4,"column":0},"end":{"line":4,"column":null}},"4":{"start":{"line":11,"column":0},"end":{"line":11,"column":46}},"5":{"start":{"line":12,"column":0},"end":{"line":12,"column":48}},"6":{"start":{"line":13,"column":0},"end":{"line":13,"column":46}},"7":{"start":{"line":14,"column":0},"end":{"line":14,"column":52}},"8":{"start":{"line":15,"column":0},"end":{"line":15,"column":null}},"9":{"start":{"line":24,"column":0},"end":{"line":24,"column":44}},"10":{"start":{"line":25,"column":0},"end":{"line":25,"column":null}},"11":{"start":{"line":39,"column":0},"end":{"line":49,"column":2}},"12":{"start":{"line":50,"column":0},"end":{"line":50,"column":43}},"13":{"start":{"line":76,"column":25},"end":{"line":151,"column":1}},"14":{"start":{"line":77,"column":21},"end":{"line":83,"column":4}},"15":{"start":{"line":84,"column":17},"end":{"line":91,"column":4}},"16":{"start":{"line":92,"column":19},"end":{"line":108,"column":4}},"17":{"start":{"line":110,"column":2},"end":{"line":150,"column":5}},"18":{"start":{"line":111,"column":21},"end":{"line":111,"column":78}},"19":{"start":{"line":112,"column":22},"end":{"line":112,"column":44}},"20":{"start":{"line":115,"column":38},"end":{"line":115,"column":40}},"21":{"start":{"line":116,"column":4},"end":{"line":131,"column":5}},"22":{"start":{"line":116,"column":17},"end":{"line":116,"column":18}},"23":{"start":{"line":117,"column":19},"end":{"line":117,"column":63}},"24":{"start":{"line":120,"column":6},"end":{"line":130,"column":9}},"25":{"start":{"line":122,"column":26},"end":{"line":122,"column":51}},"26":{"start":{"line":123,"column":22},"end":{"line":123,"column":43}},"27":{"start":{"line":125,"column":8},"end":{"line":129,"column":11}},"28":{"start":{"line":134,"column":19},"end":{"line":134,"column":57}},"29":{"start":{"line":134,"column":46},"end":{"line":134,"column":56}},"30":{"start":{"line":135,"column":24},"end":{"line":135,"column":43}},"31":{"start":{"line":136,"column":25},"end":{"line":136,"column":44}},"32":{"start":{"line":137,"column":25},"end":{"line":138,"column":null}},"33":{"start":{"line":138,"column":31},"end":{"line":138,"column":36}},"34":{"start":{"line":141,"column":4},"end":{"line":149,"column":6}},"35":{"start":{"line":153,"column":29},"end":{"line":644,"column":1}},"36":{"start":{"line":154,"column":21},"end":{"line":154,"column":64}},"37":{"start":{"line":156,"column":4},"end":{"line":156,"column":37}},"38":{"start":{"line":157,"column":48},"end":{"line":158,"column":null}},"39":{"start":{"line":160,"column":40},"end":{"line":160,"column":52}},"40":{"start":{"line":161,"column":50},"end":{"line":161,"column":73}},"41":{"start":{"line":162,"column":36},"end":{"line":162,"column":61}},"42":{"start":{"line":163,"column":40},"end":{"line":163,"column":63}},"43":{"start":{"line":166,"column":2},"end":{"line":188,"column":48}},"44":{"start":{"line":167,"column":19},"end":{"line":167,"column":27}},"45":{"start":{"line":169,"column":4},"end":{"line":173,"column":5}},"46":{"start":{"line":170,"column":6},"end":{"line":172,"column":8}},"47":{"start":{"line":171,"column":8},"end":{"line":171,"column":70}},"48":{"start":{"line":175,"column":4},"end":{"line":179,"column":5}},"49":{"start":{"line":176,"column":6},"end":{"line":178,"column":8}},"50":{"start":{"line":177,"column":21},"end":{"line":177,"column":58}},"51":{"start":{"line":181,"column":4},"end":{"line":181,"column":34}},"52":{"start":{"line":184,"column":4},"end":{"line":186,"column":5}},"53":{"start":{"line":185,"column":6},"end":{"line":185,"column":38}},"54":{"start":{"line":191,"column":21},"end":{"line":194,"column":4}},"55":{"start":{"line":193,"column":41},"end":{"line":193,"column":57}},"56":{"start":{"line":197,"column":17},"end":{"line":204,"column":4}},"57":{"start":{"line":201,"column":8},"end":{"line":201,"column":54}},"58":{"start":{"line":201,"column":43},"end":{"line":201,"column":53}},"59":{"start":{"line":207,"column":27},"end":{"line":262,"column":3}},"60":{"start":{"line":208,"column":4},"end":{"line":208,"column":38}},"61":{"start":{"line":208,"column":26},"end":{"line":208,"column":38}},"62":{"start":{"line":211,"column":26},"end":{"line":211,"column":54}},"63":{"start":{"line":212,"column":4},"end":{"line":216,"column":5}},"64":{"start":{"line":213,"column":6},"end":{"line":215,"column":8}},"65":{"start":{"line":214,"column":18},"end":{"line":214,"column":44}},"66":{"start":{"line":219,"column":4},"end":{"line":228,"column":5}},"67":{"start":{"line":220,"column":27},"end":{"line":220,"column":57}},"68":{"start":{"line":221,"column":25},"end":{"line":223,"column":null}},"69":{"start":{"line":225,"column":6},"end":{"line":227,"column":8}},"70":{"start":{"line":226,"column":18},"end":{"line":226,"column":41}},"71":{"start":{"line":231,"column":26},"end":{"line":240,"column":null}},"72":{"start":{"line":233,"column":8},"end":{"line":235,"column":9}},"73":{"start":{"line":234,"column":10},"end":{"line":234,"column":50}},"74":{"start":{"line":236,"column":8},"end":{"line":236,"column":43}},"75":{"start":{"line":237,"column":8},"end":{"line":237,"column":34}},"76":{"start":{"line":238,"column":8},"end":{"line":238,"column":19}},"77":{"start":{"line":244,"column":23},"end":{"line":244,"column":56}},"78":{"start":{"line":245,"column":26},"end":{"line":248,"column":6}},"79":{"start":{"line":246,"column":31},"end":{"line":246,"column":50}},"80":{"start":{"line":247,"column":6},"end":{"line":247,"column":52}},"81":{"start":{"line":250,"column":4},"end":{"line":261,"column":6}},"82":{"start":{"line":265,"column":33},"end":{"line":307,"column":3}},"83":{"start":{"line":266,"column":4},"end":{"line":266,"column":36}},"84":{"start":{"line":266,"column":26},"end":{"line":266,"column":36}},"85":{"start":{"line":269,"column":26},"end":{"line":269,"column":54}},"86":{"start":{"line":270,"column":4},"end":{"line":279,"column":5}},"87":{"start":{"line":271,"column":27},"end":{"line":271,"column":57}},"88":{"start":{"line":272,"column":25},"end":{"line":274,"column":null}},"89":{"start":{"line":276,"column":6},"end":{"line":278,"column":8}},"90":{"start":{"line":277,"column":18},"end":{"line":277,"column":41}},"91":{"start":{"line":282,"column":18},"end":{"line":282,"column":79}},"92":{"start":{"line":282,"column":60},"end":{"line":282,"column":69}},"93":{"start":{"line":283,"column":27},"end":{"line":283,"column":50}},"94":{"start":{"line":286,"column":22},"end":{"line":292,"column":9}},"95":{"start":{"line":287,"column":24},"end":{"line":287,"column":52}},"96":{"start":{"line":288,"column":22},"end":{"line":292,"column":8}},"97":{"start":{"line":296,"column":6},"end":{"line":296,"column":77}},"98":{"start":{"line":296,"column":38},"end":{"line":296,"column":54}},"99":{"start":{"line":299,"column":4},"end":{"line":306,"column":41}},"100":{"start":{"line":300,"column":22},"end":{"line":305,"column":8}},"101":{"start":{"line":306,"column":22},"end":{"line":306,"column":39}},"102":{"start":{"line":309,"column":20},"end":{"line":309,"column":38}},"103":{"start":{"line":310,"column":26},"end":{"line":310,"column":50}},"104":{"start":{"line":312,"column":2},"end":{"line":643,"column":4}},"105":{"start":{"line":344,"column":16},"end":{"line":344,"column":40}},"106":{"start":{"line":362,"column":33},"end":{"line":362,"column":63}},"107":{"start":{"line":369,"column":16},"end":{"line":370,"column":null}},"108":{"start":{"line":375,"column":33},"end":{"line":375,"column":62}},"109":{"start":{"line":384,"column":16},"end":{"line":385,"column":null}},"110":{"start":{"line":387,"column":33},"end":{"line":387,"column":60}},"111":{"start":{"line":449,"column":53},"end":{"line":449,"column":64}},"112":{"start":{"line":488,"column":34},"end":{"line":488,"column":74}},"113":{"start":{"line":519,"column":24},"end":{"line":519,"column":46}},"114":{"start":{"line":582,"column":28},"end":{"line":582,"column":48}},"115":{"start":{"line":583,"column":26},"end":{"line":583,"column":79}},"116":{"start":{"line":583,"column":60},"end":{"line":583,"column":69}},"117":{"start":{"line":584,"column":31},"end":{"line":584,"column":54}},"118":{"start":{"line":585,"column":33},"end":{"line":585,"column":56}},"119":{"start":{"line":587,"column":33},"end":{"line":588,"column":null}},"120":{"start":{"line":588,"column":24},"end":{"line":588,"column":48}},"121":{"start":{"line":590,"column":35},"end":{"line":591,"column":null}},"122":{"start":{"line":591,"column":24},"end":{"line":591,"column":50}},"123":{"start":{"line":595,"column":14},"end":{"line":596,"column":33}},"124":{"start":{"line":595,"column":49},"end":{"line":595,"column":65}},"125":{"start":{"line":598,"column":14},"end":{"line":599,"column":35}},"126":{"start":{"line":598,"column":51},"end":{"line":598,"column":67}},"127":{"start":{"line":601,"column":27},"end":{"line":601,"column":50}},"128":{"start":{"line":602,"column":34},"end":{"line":602,"column":62}},"129":{"start":{"line":604,"column":12},"end":{"line":634,"column":14}},"130":{"start":{"line":646,"column":0},"end":{"line":646,"column":36}}},"fnMap":{"0":{"name":"(anonymous_0)","decl":{"start":{"line":76,"column":25},"end":{"line":76,"column":43}},"loc":{"start":{"line":76,"column":45},"end":{"line":151,"column":1}}},"1":{"name":"(anonymous_1)","decl":{"start":{"line":110,"column":22},"end":{"line":110,"column":23}},"loc":{"start":{"line":110,"column":41},"end":{"line":150,"column":3}}},"2":{"name":"(anonymous_2)","decl":{"start":{"line":120,"column":21},"end":{"line":120,"column":22}},"loc":{"start":{"line":120,"column":31},"end":{"line":130,"column":7}}},"3":{"name":"(anonymous_3)","decl":{"start":{"line":134,"column":36},"end":{"line":134,"column":37}},"loc":{"start":{"line":134,"column":46},"end":{"line":134,"column":56}}},"4":{"name":"(anonymous_4)","decl":{"start":{"line":138,"column":21},"end":{"line":138,"column":22}},"loc":{"start":{"line":138,"column":31},"end":{"line":138,"column":36}}},"5":{"name":"(anonymous_5)","decl":{"start":{"line":153,"column":29},"end":{"line":153,"column":32}},"loc":{"start":{"line":153,"column":34},"end":{"line":644,"column":1}}},"6":{"name":"(anonymous_6)","decl":{"start":{"line":166,"column":12},"end":{"line":166,"column":15}},"loc":{"start":{"line":166,"column":17},"end":{"line":188,"column":3}}},"7":{"name":"(anonymous_7)","decl":{"start":{"line":170,"column":33},"end":{"line":170,"column":34}},"loc":{"start":{"line":171,"column":8},"end":{"line":171,"column":70}}},"8":{"name":"(anonymous_8)","decl":{"start":{"line":177,"column":8},"end":{"line":177,"column":9}},"loc":{"start":{"line":177,"column":21},"end":{"line":177,"column":58}}},"9":{"name":"(anonymous_9)","decl":{"start":{"line":193,"column":28},"end":{"line":193,"column":29}},"loc":{"start":{"line":193,"column":41},"end":{"line":193,"column":57}}},"10":{"name":"(anonymous_10)","decl":{"start":{"line":200,"column":23},"end":{"line":200,"column":24}},"loc":{"start":{"line":201,"column":8},"end":{"line":201,"column":54}}},"11":{"name":"(anonymous_11)","decl":{"start":{"line":201,"column":33},"end":{"line":201,"column":34}},"loc":{"start":{"line":201,"column":43},"end":{"line":201,"column":53}}},"12":{"name":"(anonymous_12)","decl":{"start":{"line":207,"column":27},"end":{"line":207,"column":30}},"loc":{"start":{"line":207,"column":32},"end":{"line":262,"column":3}}},"13":{"name":"(anonymous_13)","decl":{"start":{"line":214,"column":8},"end":{"line":214,"column":9}},"loc":{"start":{"line":214,"column":18},"end":{"line":214,"column":44}}},"14":{"name":"(anonymous_14)","decl":{"start":{"line":226,"column":8},"end":{"line":226,"column":9}},"loc":{"start":{"line":226,"column":18},"end":{"line":226,"column":41}}},"15":{"name":"(anonymous_15)","decl":{"start":{"line":232,"column":6},"end":{"line":232,"column":7}},"loc":{"start":{"line":232,"column":20},"end":{"line":239,"column":7}}},"16":{"name":"(anonymous_16)","decl":{"start":{"line":245,"column":41},"end":{"line":245,"column":42}},"loc":{"start":{"line":245,"column":50},"end":{"line":248,"column":5}}},"17":{"name":"(anonymous_17)","decl":{"start":{"line":265,"column":33},"end":{"line":265,"column":36}},"loc":{"start":{"line":265,"column":38},"end":{"line":307,"column":3}}},"18":{"name":"(anonymous_18)","decl":{"start":{"line":277,"column":8},"end":{"line":277,"column":9}},"loc":{"start":{"line":277,"column":18},"end":{"line":277,"column":41}}},"19":{"name":"(anonymous_19)","decl":{"start":{"line":282,"column":50},"end":{"line":282,"column":51}},"loc":{"start":{"line":282,"column":60},"end":{"line":282,"column":69}}},"20":{"name":"(anonymous_20)","decl":{"start":{"line":287,"column":14},"end":{"line":287,"column":15}},"loc":{"start":{"line":287,"column":24},"end":{"line":287,"column":52}}},"21":{"name":"(anonymous_21)","decl":{"start":{"line":288,"column":11},"end":{"line":288,"column":12}},"loc":{"start":{"line":288,"column":22},"end":{"line":292,"column":8}}},"22":{"name":"(anonymous_22)","decl":{"start":{"line":296,"column":23},"end":{"line":296,"column":24}},"loc":{"start":{"line":296,"column":38},"end":{"line":296,"column":54}}},"23":{"name":"(anonymous_23)","decl":{"start":{"line":300,"column":11},"end":{"line":300,"column":12}},"loc":{"start":{"line":300,"column":22},"end":{"line":305,"column":8}}},"24":{"name":"(anonymous_24)","decl":{"start":{"line":306,"column":12},"end":{"line":306,"column":13}},"loc":{"start":{"line":306,"column":22},"end":{"line":306,"column":39}}},"25":{"name":"(anonymous_25)","decl":{"start":{"line":343,"column":26},"end":{"line":343,"column":27}},"loc":{"start":{"line":344,"column":16},"end":{"line":344,"column":40}}},"26":{"name":"(anonymous_26)","decl":{"start":{"line":362,"column":26},"end":{"line":362,"column":27}},"loc":{"start":{"line":362,"column":33},"end":{"line":362,"column":63}}},"27":{"name":"(anonymous_27)","decl":{"start":{"line":368,"column":30},"end":{"line":368,"column":31}},"loc":{"start":{"line":369,"column":16},"end":{"line":370,"column":null}}},"28":{"name":"(anonymous_28)","decl":{"start":{"line":375,"column":27},"end":{"line":375,"column":30}},"loc":{"start":{"line":375,"column":33},"end":{"line":375,"column":62}}},"29":{"name":"(anonymous_29)","decl":{"start":{"line":383,"column":36},"end":{"line":383,"column":37}},"loc":{"start":{"line":384,"column":16},"end":{"line":385,"column":null}}},"30":{"name":"(anonymous_30)","decl":{"start":{"line":387,"column":27},"end":{"line":387,"column":30}},"loc":{"start":{"line":387,"column":33},"end":{"line":387,"column":60}}},"31":{"name":"(anonymous_31)","decl":{"start":{"line":449,"column":42},"end":{"line":449,"column":43}},"loc":{"start":{"line":449,"column":53},"end":{"line":449,"column":64}}},"32":{"name":"(anonymous_32)","decl":{"start":{"line":487,"column":39},"end":{"line":487,"column":40}},"loc":{"start":{"line":488,"column":34},"end":{"line":488,"column":74}}},"33":{"name":"(anonymous_33)","decl":{"start":{"line":518,"column":43},"end":{"line":518,"column":44}},"loc":{"start":{"line":519,"column":24},"end":{"line":519,"column":46}}},"34":{"name":"(anonymous_34)","decl":{"start":{"line":580,"column":36},"end":{"line":580,"column":37}},"loc":{"start":{"line":580,"column":48},"end":{"line":635,"column":11}}},"35":{"name":"(anonymous_35)","decl":{"start":{"line":583,"column":50},"end":{"line":583,"column":51}},"loc":{"start":{"line":583,"column":60},"end":{"line":583,"column":69}}},"36":{"name":"(anonymous_36)","decl":{"start":{"line":588,"column":14},"end":{"line":588,"column":15}},"loc":{"start":{"line":588,"column":24},"end":{"line":588,"column":48}}},"37":{"name":"(anonymous_37)","decl":{"start":{"line":591,"column":14},"end":{"line":591,"column":15}},"loc":{"start":{"line":591,"column":24},"end":{"line":591,"column":50}}},"38":{"name":"(anonymous_38)","decl":{"start":{"line":595,"column":34},"end":{"line":595,"column":35}},"loc":{"start":{"line":595,"column":49},"end":{"line":595,"column":65}}},"39":{"name":"(anonymous_39)","decl":{"start":{"line":598,"column":36},"end":{"line":598,"column":37}},"loc":{"start":{"line":598,"column":51},"end":{"line":598,"column":67}}}},"branchMap":{"0":{"loc":{"start":{"line":169,"column":4},"end":{"line":173,"column":5}},"type":"if","locations":[{"start":{"line":169,"column":4},"end":{"line":173,"column":5}}]},"1":{"loc":{"start":{"line":175,"column":4},"end":{"line":179,"column":5}},"type":"if","locations":[{"start":{"line":175,"column":4},"end":{"line":179,"column":5}}]},"2":{"loc":{"start":{"line":184,"column":4},"end":{"line":186,"column":5}},"type":"if","locations":[{"start":{"line":184,"column":4},"end":{"line":186,"column":5}}]},"3":{"loc":{"start":{"line":184,"column":8},"end":{"line":184,"column":47}},"type":"binary-expr","locations":[{"start":{"line":184,"column":8},"end":{"line":184,"column":27}},{"start":{"line":184,"column":31},"end":{"line":184,"column":47}}]},"4":{"loc":{"start":{"line":208,"column":4},"end":{"line":208,"column":38}},"type":"if","locations":[{"start":{"line":208,"column":4},"end":{"line":208,"column":38}}]},"5":{"loc":{"start":{"line":212,"column":4},"end":{"line":216,"column":5}},"type":"if","locations":[{"start":{"line":212,"column":4},"end":{"line":216,"column":5}}]},"6":{"loc":{"start":{"line":219,"column":4},"end":{"line":228,"column":5}},"type":"if","locations":[{"start":{"line":219,"column":4},"end":{"line":228,"column":5}}]},"7":{"loc":{"start":{"line":220,"column":27},"end":{"line":220,"column":57}},"type":"cond-expr","locations":[{"start":{"line":220,"column":51},"end":{"line":220,"column":52}},{"start":{"line":220,"column":55},"end":{"line":220,"column":57}}]},"8":{"loc":{"start":{"line":233,"column":8},"end":{"line":235,"column":9}},"type":"if","locations":[{"start":{"line":233,"column":8},"end":{"line":235,"column":9}}]},"9":{"loc":{"start":{"line":266,"column":4},"end":{"line":266,"column":36}},"type":"if","locations":[{"start":{"line":266,"column":4},"end":{"line":266,"column":36}}]},"10":{"loc":{"start":{"line":270,"column":4},"end":{"line":279,"column":5}},"type":"if","locations":[{"start":{"line":270,"column":4},"end":{"line":279,"column":5}}]},"11":{"loc":{"start":{"line":271,"column":27},"end":{"line":271,"column":57}},"type":"cond-expr","locations":[{"start":{"line":271,"column":51},"end":{"line":271,"column":52}},{"start":{"line":271,"column":55},"end":{"line":271,"column":57}}]},"12":{"loc":{"start":{"line":345,"column":19},"end":{"line":345,"column":57}},"type":"cond-expr","locations":[{"start":{"line":345,"column":37},"end":{"line":345,"column":49}},{"start":{"line":345,"column":52},"end":{"line":345,"column":57}}]},"13":{"loc":{"start":{"line":372,"column":20},"end":{"line":372,"column":73}},"type":"cond-expr","locations":[{"start":{"line":372,"column":52},"end":{"line":372,"column":61}},{"start":{"line":372,"column":64},"end":{"line":372,"column":73}}]},"14":{"loc":{"start":{"line":377,"column":19},"end":{"line":377,"column":67}},"type":"cond-expr","locations":[{"start":{"line":377,"column":40},"end":{"line":377,"column":56}},{"start":{"line":377,"column":59},"end":{"line":377,"column":67}}]},"15":{"loc":{"start":{"line":386,"column":62},"end":{"line":386,"column":154}},"type":"cond-expr","locations":[{"start":{"line":386,"column":99},"end":{"line":386,"column":135}},{"start":{"line":386,"column":138},"end":{"line":386,"column":154}}]},"16":{"loc":{"start":{"line":397,"column":15},"end":{"line":400,"column":null}},"type":"binary-expr","locations":[{"start":{"line":397,"column":15},"end":{"line":397,"column":44}},{"start":{"line":398,"column":16},"end":{"line":398,"column":null}}]},"17":{"loc":{"start":{"line":408,"column":11},"end":{"line":569,"column":null}},"type":"cond-expr","locations":[{"start":{"line":409,"column":12},"end":{"line":564,"column":null}},{"start":{"line":567,"column":12},"end":{"line":567,"column":null}}]},"18":{"loc":{"start":{"line":438,"column":19},"end":{"line":511,"column":null}},"type":"cond-expr","locations":[{"start":{"line":439,"column":20},"end":{"line":506,"column":null}},{"start":{"line":509,"column":20},"end":{"line":509,"column":null}}]},"19":{"loc":{"start":{"line":516,"column":19},"end":{"line":561,"column":null}},"type":"cond-expr","locations":[{"start":{"line":517,"column":20},"end":{"line":556,"column":null}},{"start":{"line":559,"column":20},"end":{"line":559,"column":null}}]},"20":{"loc":{"start":{"line":526,"column":31},"end":{"line":541,"column":null}},"type":"binary-expr","locations":[{"start":{"line":526,"column":31},"end":{"line":526,"column":52}},{"start":{"line":527,"column":32},"end":{"line":540,"column":null}}]},"21":{"loc":{"start":{"line":528,"column":74},"end":{"line":528,"column":129}},"type":"cond-expr","locations":[{"start":{"line":528,"column":96},"end":{"line":528,"column":112}},{"start":{"line":528,"column":115},"end":{"line":528,"column":129}}]},"22":{"loc":{"start":{"line":530,"column":35},"end":{"line":539,"column":null}},"type":"cond-expr","locations":[{"start":{"line":531,"column":36},"end":{"line":533,"column":null}},{"start":{"line":536,"column":36},"end":{"line":538,"column":null}}]},"23":{"loc":{"start":{"line":549,"column":30},"end":{"line":549,"column":70}},"type":"cond-expr","locations":[{"start":{"line":549,"column":44},"end":{"line":549,"column":58}},{"start":{"line":549,"column":61},"end":{"line":549,"column":70}}]},"24":{"loc":{"start":{"line":613,"column":60},"end":{"line":613,"column":137}},"type":"cond-expr","locations":[{"start":{"line":613,"column":73},"end":{"line":613,"column":89}},{"start":{"line":613,"column":92},"end":{"line":613,"column":137}}]},"25":{"loc":{"start":{"line":613,"column":92},"end":{"line":613,"column":137}},"type":"cond-expr","locations":[{"start":{"line":613,"column":105},"end":{"line":613,"column":119}},{"start":{"line":613,"column":122},"end":{"line":613,"column":137}}]},"26":{"loc":{"start":{"line":615,"column":21},"end":{"line":626,"column":null}},"type":"cond-expr","locations":[{"start":{"line":616,"column":22},"end":{"line":616,"column":33}},{"start":{"line":617,"column":24},"end":{"line":626,"column":null}}]},"27":{"loc":{"start":{"line":617,"column":24},"end":{"line":626,"column":null}},"type":"cond-expr","locations":[{"start":{"line":618,"column":22},"end":{"line":620,"column":null}},{"start":{"line":623,"column":22},"end":{"line":625,"column":null}}]}},"s":{"0":0,"1":0,"2":0,"3":0,"4":0,"5":0,"6":0,"7":0,"8":0,"9":0,"10":0,"11":0,"12":0,"13":0,"14":0,"15":0,"16":0,"17":0,"18":0,"19":0,"20":0,"21":0,"22":0,"23":0,"24":0,"25":0,"26":0,"27":0,"28":0,"29":0,"30":0,"31":0,"32":0,"33":0,"34":0,"35":0,"36":0,"37":0,"38":0,"39":0,"40":0,"41":0,"42":0,"43":0,"44":0,"45":0,"46":0,"47":0,"48":0,"49":0,"50":0,"51":0,"52":0,"53":0,"54":0,"55":0,"56":0,"57":0,"58":0,"59":0,"60":0,"61":0,"62":0,"63":0,"64":0,"65":0,"66":0,"67":0,"68":0,"69":0,"70":0,"71":0,"72":0,"73":0,"74":0,"75":0,"76":0,"77":0,"78":0,"79":0,"80":0,"81":0,"82":0,"83":0,"84":0,"85":0,"86":0,"87":0,"88":0,"89":0,"90":0,"91":0,"92":0,"93":0,"94":0,"95":0,"96":0,"97":0,"98":0,"99":0,"100":0,"101":0,"102":0,"103":0,"104":0,"105":0,"106":0,"107":0,"108":0,"109":0,"110":0,"111":0,"112":0,"113":0,"114":0,"115":0,"116":0,"117":0,"118":0,"119":0,"120":0,"121":0,"122":0,"123":0,"124":0,"125":0,"126":0,"127":0,"128":0,"129":0,"130":0},"f":{"0":0,"1":0,"2":0,"3":0,"4":0,"5":0,"6":0,"7":0,"8":0,"9":0,"10":0,"11":0,"12":0,"13":0,"14":0,"15":0,"16":0,"17":0,"18":0,"19":0,"20":0,"21":0,"22":0,"23":0,"24":0,"25":0,"26":0,"27":0,"28":0,"29":0,"30":0,"31":0,"32":0,"33":0,"34":0,"35":0,"36":0,"37":0,"38":0,"39":0},"b":{"0":[0],"1":[0],"2":[0],"3":[0,0],"4":[0],"5":[0],"6":[0],"7":[0,0],"8":[0],"9":[0],"10":[0],"11":[0,0],"12":[0,0],"13":[0,0],"14":[0,0],"15":[0,0],"16":[0,0],"17":[0,0],"18":[0,0],"19":[0,0],"20":[0,0],"21":[0,0],"22":[0,0],"23":[0,0],"24":[0,0],"25":[0,0],"26":[0,0],"27":[0,0]}}
,"/home/zimele-dubazana/eVuka-REWARDS-app/src/components/auth/AuthGuard.tsx": {"path":"/home/zimele-dubazana/eVuka-REWARDS-app/src/components/auth/AuthGuard.tsx","statementMap":{"0":{"start":{"line":1,"column":0},"end":{"line":1,"column":34}},"1":{"start":{"line":2,"column":0},"end":{"line":2,"column":47}},"2":{"start":{"line":3,"column":0},"end":{"line":3,"column":51}},"3":{"start":{"line":4,"column":0},"end":{"line":4,"column":55}},"4":{"start":{"line":6,"column":25},"end":{"line":21,"column":1}},"5":{"start":{"line":7,"column":28},"end":{"line":7,"column":37}},"6":{"start":{"line":8,"column":19},"end":{"line":8,"column":32}},"7":{"start":{"line":10,"column":2},"end":{"line":14,"column":32}},"8":{"start":{"line":11,"column":4},"end":{"line":13,"column":5}},"9":{"start":{"line":12,"column":6},"end":{"line":12,"column":30}},"10":{"start":{"line":16,"column":2},"end":{"line":18,"column":3}},"11":{"start":{"line":17,"column":4},"end":{"line":17,"column":30}},"12":{"start":{"line":20,"column":2},"end":{"line":20,"column":39}},"13":{"start":{"line":6,"column":13},"end":{"line":6,"column":25}}},"fnMap":{"0":{"name":"(anonymous_0)","decl":{"start":{"line":6,"column":25},"end":{"line":6,"column":26}},"loc":{"start":{"line":6,"column":73},"end":{"line":21,"column":1}}},"1":{"name":"(anonymous_1)","decl":{"start":{"line":10,"column":12},"end":{"line":10,"column":15}},"loc":{"start":{"line":10,"column":17},"end":{"line":14,"column":3}}}},"branchMap":{"0":{"loc":{"start":{"line":11,"column":4},"end":{"line":13,"column":5}},"type":"if","locations":[{"start":{"line":11,"column":4},"end":{"line":13,"column":5}}]},"1":{"loc":{"start":{"line":11,"column":8},"end":{"line":11,"column":25}},"type":"binary-expr","locations":[{"start":{"line":11,"column":8},"end":{"line":11,"column":16}},{"start":{"line":11,"column":20},"end":{"line":11,"column":25}}]},"2":{"loc":{"start":{"line":16,"column":2},"end":{"line":18,"column":3}},"type":"if","locations":[{"start":{"line":16,"column":2},"end":{"line":18,"column":3}}]},"3":{"loc":{"start":{"line":20,"column":9},"end":{"line":20,"column":38}},"type":"cond-expr","locations":[{"start":{"line":20,"column":16},"end":{"line":20,"column":31}},{"start":{"line":20,"column":34},"end":{"line":20,"column":38}}]}},"s":{"0":0,"1":0,"2":0,"3":0,"4":0,"5":0,"6":0,"7":0,"8":0,"9":0,"10":0,"11":0,"12":0,"13":0},"f":{"0":0,"1":0},"b":{"0":[0],"1":[0,0],"2":[0],"3":[0,0]}}
,"/home/zimele-dubazana/eVuka-REWARDS-app/src/components/auth/AuthTestHarness.tsx": {"path":"/home/zimele-dubazana/eVuka-REWARDS-app/src/components/auth/AuthTestHarness.tsx","statementMap":{"0":{"start":{"line":1,"column":0},"end":{"line":1,"column":40}},"1":{"start":{"line":2,"column":0},"end":{"line":2,"column":38}},"2":{"start":{"line":3,"column":0},"end":{"line":3,"column":51}},"3":{"start":{"line":4,"column":0},"end":{"line":4,"column":48}},"4":{"start":{"line":5,"column":0},"end":{"line":5,"column":44}},"5":{"start":{"line":6,"column":0},"end":{"line":6,"column":80}},"6":{"start":{"line":7,"column":0},"end":{"line":7,"column":64}},"7":{"start":{"line":8,"column":0},"end":{"line":8,"column":56}},"8":{"start":{"line":9,"column":0},"end":{"line":9,"column":36}},"9":{"start":{"line":10,"column":0},"end":{"line":10,"column":38}},"10":{"start":{"line":11,"column":0},"end":{"line":11,"column":36}},"11":{"start":{"line":13,"column":34},"end":{"line":163,"column":1}},"12":{"start":{"line":14,"column":28},"end":{"line":14,"column":37}},"13":{"start":{"line":15,"column":36},"end":{"line":15,"column":54}},"14":{"start":{"line":16,"column":38},"end":{"line":19,"column":17}},"15":{"start":{"line":21,"column":18},"end":{"line":37,"column":3}},"16":{"start":{"line":22,"column":4},"end":{"line":22,"column":24}},"17":{"start":{"line":23,"column":4},"end":{"line":36,"column":5}},"18":{"start":{"line":24,"column":22},"end":{"line":24,"column":36}},"19":{"start":{"line":25,"column":6},"end":{"line":30,"column":9}},"20":{"start":{"line":32,"column":6},"end":{"line":35,"column":9}},"21":{"start":{"line":39,"column":33},"end":{"line":42,"column":3}},"22":{"start":{"line":41,"column":4},"end":{"line":41,"column":18}},"23":{"start":{"line":44,"column":22},"end":{"line":60,"column":3}},"24":{"start":{"line":45,"column":4},"end":{"line":51,"column":5}},"25":{"start":{"line":46,"column":6},"end":{"line":49,"column":9}},"26":{"start":{"line":50,"column":6},"end":{"line":50,"column":19}},"27":{"start":{"line":53,"column":4},"end":{"line":59,"column":5}},"28":{"start":{"line":54,"column":6},"end":{"line":54,"column":22}},"29":{"start":{"line":55,"column":6},"end":{"line":55,"column":18}},"30":{"start":{"line":57,"column":6},"end":{"line":57,"column":45}},"31":{"start":{"line":58,"column":6},"end":{"line":58,"column":19}},"32":{"start":{"line":62,"column":2},"end":{"line":162,"column":4}},"33":{"start":{"line":109,"column":18},"end":{"line":109,"column":72}},"34":{"start":{"line":116,"column":31},"end":{"line":116,"column":63}},"35":{"start":{"line":165,"column":0},"end":{"line":165,"column":31}}},"fnMap":{"0":{"name":"(anonymous_0)","decl":{"start":{"line":13,"column":34},"end":{"line":13,"column":37}},"loc":{"start":{"line":13,"column":39},"end":{"line":163,"column":1}}},"1":{"name":"(anonymous_1)","decl":{"start":{"line":21,"column":18},"end":{"line":21,"column":23}},"loc":{"start":{"line":21,"column":77},"end":{"line":37,"column":3}}},"2":{"name":"(anonymous_2)","decl":{"start":{"line":39,"column":33},"end":{"line":39,"column":38}},"loc":{"start":{"line":39,"column":44},"end":{"line":42,"column":3}}},"3":{"name":"(anonymous_3)","decl":{"start":{"line":44,"column":22},"end":{"line":44,"column":27}},"loc":{"start":{"line":44,"column":33},"end":{"line":60,"column":3}}},"4":{"name":"(anonymous_4)","decl":{"start":{"line":108,"column":25},"end":{"line":108,"column":28}},"loc":{"start":{"line":109,"column":18},"end":{"line":109,"column":72}}},"5":{"name":"(anonymous_5)","decl":{"start":{"line":116,"column":25},"end":{"line":116,"column":28}},"loc":{"start":{"line":116,"column":31},"end":{"line":116,"column":63}}},"6":{"name":"(anonymous_6)","decl":{"start":{"line":150,"column":62},"end":{"line":150,"column":65}},"loc":{"start":{"line":150,"column":67},"end":{"line":150,"column":70}}}},"branchMap":{"0":{"loc":{"start":{"line":27,"column":17},"end":{"line":29,"column":38}},"type":"cond-expr","locations":[{"start":{"line":28,"column":12},"end":{"line":28,"column":38}},{"start":{"line":29,"column":12},"end":{"line":29,"column":38}}]},"1":{"loc":{"start":{"line":34,"column":47},"end":{"line":34,"column":101}},"type":"cond-expr","locations":[{"start":{"line":34,"column":72},"end":{"line":34,"column":85}},{"start":{"line":34,"column":88},"end":{"line":34,"column":101}}]},"2":{"loc":{"start":{"line":45,"column":4},"end":{"line":51,"column":5}},"type":"if","locations":[{"start":{"line":45,"column":4},"end":{"line":51,"column":5}}]},"3":{"loc":{"start":{"line":79,"column":49},"end":{"line":79,"column":68}},"type":"cond-expr","locations":[{"start":{"line":79,"column":56},"end":{"line":79,"column":61}},{"start":{"line":79,"column":64},"end":{"line":79,"column":68}}]},"4":{"loc":{"start":{"line":81,"column":15},"end":{"line":99,"column":null}},"type":"binary-expr","locations":[{"start":{"line":81,"column":15},"end":{"line":81,"column":19}},{"start":{"line":82,"column":16},"end":{"line":98,"column":null}}]},"5":{"loc":{"start":{"line":91,"column":21},"end":{"line":91,"column":59}},"type":"cond-expr","locations":[{"start":{"line":91,"column":47},"end":{"line":91,"column":52}},{"start":{"line":91,"column":55},"end":{"line":91,"column":59}}]},"6":{"loc":{"start":{"line":95,"column":21},"end":{"line":97,"column":29}},"type":"cond-expr","locations":[{"start":{"line":96,"column":24},"end":{"line":96,"column":71}},{"start":{"line":97,"column":24},"end":{"line":97,"column":29}}]},"7":{"loc":{"start":{"line":125,"column":11},"end":{"line":136,"column":null}},"type":"binary-expr","locations":[{"start":{"line":125,"column":11},"end":{"line":125,"column":21}},{"start":{"line":126,"column":12},"end":{"line":135,"column":null}}]},"8":{"loc":{"start":{"line":127,"column":23},"end":{"line":127,"column":69}},"type":"cond-expr","locations":[{"start":{"line":127,"column":44},"end":{"line":127,"column":53}},{"start":{"line":127,"column":56},"end":{"line":127,"column":69}}]},"9":{"loc":{"start":{"line":128,"column":25},"end":{"line":128,"column":71}},"type":"cond-expr","locations":[{"start":{"line":128,"column":46},"end":{"line":128,"column":59}},{"start":{"line":128,"column":62},"end":{"line":128,"column":71}}]},"10":{"loc":{"start":{"line":130,"column":15},"end":{"line":133,"column":null}},"type":"cond-expr","locations":[{"start":{"line":131,"column":16},"end":{"line":131,"column":66}},{"start":{"line":133,"column":16},"end":{"line":133,"column":51}}]},"11":{"loc":{"start":{"line":149,"column":11},"end":{"line":157,"column":null}},"type":"cond-expr","locations":[{"start":{"line":150,"column":12},"end":{"line":150,"column":74}},{"start":{"line":152,"column":12},"end":{"line":156,"column":null}}]}},"s":{"0":0,"1":0,"2":0,"3":0,"4":0,"5":0,"6":0,"7":0,"8":0,"9":0,"10":0,"11":0,"12":0,"13":0,"14":0,"15":0,"16":0,"17":0,"18":0,"19":0,"20":0,"21":0,"22":0,"23":0,"24":0,"25":0,"26":0,"27":0,"28":0,"29":0,"30":0,"31":0,"32":0,"33":0,"34":0,"35":0},"f":{"0":0,"1":0,"2":0,"3":0,"4":0,"5":0,"6":0},"b":{"0":[0,0],"1":[0,0],"2":[0],"3":[0,0],"4":[0,0],"5":[0,0],"6":[0,0],"7":[0,0],"8":[0,0],"9":[0,0],"10":[0,0],"11":[0,0]}}
,"/home/zimele-dubazana/eVuka-REWARDS-app/src/components/auth/EmailVerification.tsx": {"path":"/home/zimele-dubazana/eVuka-REWARDS-app/src/components/auth/EmailVerification.tsx","statementMap":{"0":{"start":{"line":1,"column":0},"end":{"line":1,"column":44}},"1":{"start":{"line":2,"column":0},"end":{"line":2,"column":51}},"2":{"start":{"line":3,"column":0},"end":{"line":3,"column":48}},"3":{"start":{"line":4,"column":0},"end":{"line":4,"column":44}},"4":{"start":{"line":5,"column":0},"end":{"line":5,"column":55}},"5":{"start":{"line":6,"column":0},"end":{"line":6,"column":69}},"6":{"start":{"line":7,"column":0},"end":{"line":7,"column":64}},"7":{"start":{"line":8,"column":0},"end":{"line":8,"column":54}},"8":{"start":{"line":10,"column":33},"end":{"line":146,"column":1}},"9":{"start":{"line":11,"column":25},"end":{"line":11,"column":42}},"10":{"start":{"line":12,"column":16},"end":{"line":12,"column":41}},"11":{"start":{"line":13,"column":36},"end":{"line":13,"column":53}},"12":{"start":{"line":14,"column":34},"end":{"line":14,"column":49}},"13":{"start":{"line":15,"column":28},"end":{"line":15,"column":57}},"14":{"start":{"line":16,"column":44},"end":{"line":16,"column":59}},"15":{"start":{"line":17,"column":44},"end":{"line":17,"column":59}},"16":{"start":{"line":18,"column":57},"end":{"line":18,"column":66}},"17":{"start":{"line":19,"column":19},"end":{"line":19,"column":32}},"18":{"start":{"line":21,"column":2},"end":{"line":40,"column":27}},"19":{"start":{"line":22,"column":19},"end":{"line":37,"column":5}},"20":{"start":{"line":23,"column":6},"end":{"line":36,"column":7}},"21":{"start":{"line":24,"column":8},"end":{"line":33,"column":9}},"22":{"start":{"line":25,"column":10},"end":{"line":25,"column":35}},"23":{"start":{"line":26,"column":10},"end":{"line":26,"column":28}},"24":{"start":{"line":28,"column":10},"end":{"line":30,"column":12}},"25":{"start":{"line":32,"column":10},"end":{"line":32,"column":30}},"26":{"start":{"line":35,"column":8},"end":{"line":35,"column":28}},"27":{"start":{"line":39,"column":4},"end":{"line":39,"column":13}},"28":{"start":{"line":42,"column":35},"end":{"line":59,"column":3}},"29":{"start":{"line":43,"column":4},"end":{"line":43,"column":27}},"30":{"start":{"line":44,"column":4},"end":{"line":44,"column":19}},"31":{"start":{"line":45,"column":4},"end":{"line":45,"column":28}},"32":{"start":{"line":47,"column":4},"end":{"line":58,"column":5}},"33":{"start":{"line":48,"column":6},"end":{"line":48,"column":38}},"34":{"start":{"line":49,"column":6},"end":{"line":49,"column":29}},"35":{"start":{"line":51,"column":6},"end":{"line":55,"column":8}},"36":{"start":{"line":57,"column":6},"end":{"line":57,"column":30}},"37":{"start":{"line":61,"column":2},"end":{"line":73,"column":3}},"38":{"start":{"line":62,"column":4},"end":{"line":72,"column":6}},"39":{"start":{"line":75,"column":2},"end":{"line":91,"column":3}},"40":{"start":{"line":76,"column":4},"end":{"line":90,"column":6}},"41":{"start":{"line":85,"column":33},"end":{"line":85,"column":46}},"42":{"start":{"line":93,"column":2},"end":{"line":145,"column":4}},"43":{"start":{"line":140,"column":49},"end":{"line":140,"column":72}},"44":{"start":{"line":10,"column":13},"end":{"line":10,"column":33}}},"fnMap":{"0":{"name":"(anonymous_0)","decl":{"start":{"line":10,"column":33},"end":{"line":10,"column":36}},"loc":{"start":{"line":10,"column":38},"end":{"line":146,"column":1}}},"1":{"name":"(anonymous_1)","decl":{"start":{"line":21,"column":12},"end":{"line":21,"column":15}},"loc":{"start":{"line":21,"column":17},"end":{"line":40,"column":3}}},"2":{"name":"(anonymous_2)","decl":{"start":{"line":22,"column":19},"end":{"line":22,"column":24}},"loc":{"start":{"line":22,"column":30},"end":{"line":37,"column":5}}},"3":{"name":"(anonymous_3)","decl":{"start":{"line":42,"column":35},"end":{"line":42,"column":40}},"loc":{"start":{"line":42,"column":46},"end":{"line":59,"column":3}}},"4":{"name":"(anonymous_4)","decl":{"start":{"line":85,"column":27},"end":{"line":85,"column":30}},"loc":{"start":{"line":85,"column":33},"end":{"line":85,"column":46}}},"5":{"name":"(anonymous_5)","decl":{"start":{"line":140,"column":43},"end":{"line":140,"column":46}},"loc":{"start":{"line":140,"column":49},"end":{"line":140,"column":72}}}},"branchMap":{"0":{"loc":{"start":{"line":23,"column":6},"end":{"line":36,"column":7}},"type":"if","locations":[{"start":{"line":23,"column":6},"end":{"line":36,"column":7}},{"start":{"line":34,"column":13},"end":{"line":36,"column":7}}]},"1":{"loc":{"start":{"line":29,"column":12},"end":{"line":29,"column":73}},"type":"cond-expr","locations":[{"start":{"line":29,"column":35},"end":{"line":29,"column":46}},{"start":{"line":29,"column":49},"end":{"line":29,"column":73}}]},"2":{"loc":{"start":{"line":52,"column":8},"end":{"line":54,"column":49}},"type":"cond-expr","locations":[{"start":{"line":53,"column":12},"end":{"line":53,"column":23}},{"start":{"line":54,"column":12},"end":{"line":54,"column":49}}]},"3":{"loc":{"start":{"line":61,"column":2},"end":{"line":73,"column":3}},"type":"if","locations":[{"start":{"line":61,"column":2},"end":{"line":73,"column":3}}]},"4":{"loc":{"start":{"line":75,"column":2},"end":{"line":91,"column":3}},"type":"if","locations":[{"start":{"line":75,"column":2},"end":{"line":91,"column":3}}]},"5":{"loc":{"start":{"line":102,"column":9},"end":{"line":105,"column":null}},"type":"binary-expr","locations":[{"start":{"line":102,"column":9},"end":{"line":102,"column":14}},{"start":{"line":103,"column":10},"end":{"line":104,"column":null}}]},"6":{"loc":{"start":{"line":108,"column":9},"end":{"line":113,"column":null}},"type":"binary-expr","locations":[{"start":{"line":108,"column":9},"end":{"line":108,"column":22}},{"start":{"line":109,"column":10},"end":{"line":112,"column":null}}]},"7":{"loc":{"start":{"line":117,"column":11},"end":{"line":119,"column":119}},"type":"cond-expr","locations":[{"start":{"line":118,"column":14},"end":{"line":118,"column":110}},{"start":{"line":119,"column":14},"end":{"line":119,"column":119}}]},"8":{"loc":{"start":{"line":127,"column":11},"end":{"line":136,"column":null}},"type":"cond-expr","locations":[{"start":{"line":128,"column":12},"end":{"line":129,"column":null}},{"start":{"line":133,"column":12},"end":{"line":134,"column":null}}]}},"s":{"0":0,"1":0,"2":0,"3":0,"4":0,"5":0,"6":0,"7":0,"8":0,"9":0,"10":0,"11":0,"12":0,"13":0,"14":0,"15":0,"16":0,"17":0,"18":0,"19":0,"20":0,"21":0,"22":0,"23":0,"24":0,"25":0,"26":0,"27":0,"28":0,"29":0,"30":0,"31":0,"32":0,"33":0,"34":0,"35":0,"36":0,"37":0,"38":0,"39":0,"40":0,"41":0,"42":0,"43":0,"44":0},"f":{"0":0,"1":0,"2":0,"3":0,"4":0,"5":0},"b":{"0":[0,0],"1":[0,0],"2":[0,0],"3":[0],"4":[0],"5":[0,0],"6":[0,0],"7":[0,0],"8":[0,0]}}
,"/home/zimele-dubazana/eVuka-REWARDS-app/src/components/auth/LoginForm.tsx": {"path":"/home/zimele-dubazana/eVuka-REWARDS-app/src/components/auth/LoginForm.tsx","statementMap":{"0":{"start":{"line":1,"column":0},"end":{"line":1,"column":51}},"1":{"start":{"line":2,"column":0},"end":{"line":2,"column":51}},"2":{"start":{"line":3,"column":0},"end":{"line":3,"column":48}},"3":{"start":{"line":4,"column":0},"end":{"line":4,"column":46}},"4":{"start":{"line":5,"column":0},"end":{"line":5,"column":44}},"5":{"start":{"line":6,"column":0},"end":{"line":6,"column":55}},"6":{"start":{"line":7,"column":0},"end":{"line":7,"column":69}},"7":{"start":{"line":8,"column":0},"end":{"line":8,"column":60}},"8":{"start":{"line":9,"column":0},"end":{"line":9,"column":54}},"9":{"start":{"line":10,"column":0},"end":{"line":10,"column":46}},"10":{"start":{"line":11,"column":0},"end":{"line":11,"column":36}},"11":{"start":{"line":12,"column":0},"end":{"line":12,"column":38}},"12":{"start":{"line":14,"column":35},"end":{"line":209,"column":1}},"13":{"start":{"line":15,"column":51},"end":{"line":15,"column":60}},"14":{"start":{"line":16,"column":28},"end":{"line":16,"column":40}},"15":{"start":{"line":17,"column":34},"end":{"line":17,"column":46}},"16":{"start":{"line":18,"column":32},"end":{"line":18,"column":47}},"17":{"start":{"line":19,"column":28},"end":{"line":19,"column":57}},"18":{"start":{"line":20,"column":32},"end":{"line":20,"column":47}},"19":{"start":{"line":21,"column":30},"end":{"line":21,"column":59}},"20":{"start":{"line":22,"column":46},"end":{"line":22,"column":75}},"21":{"start":{"line":23,"column":19},"end":{"line":23,"column":32}},"22":{"start":{"line":24,"column":19},"end":{"line":24,"column":32}},"23":{"start":{"line":27,"column":2},"end":{"line":35,"column":27}},"24":{"start":{"line":28,"column":19},"end":{"line":28,"column":55}},"25":{"start":{"line":29,"column":20},"end":{"line":29,"column":41}},"26":{"start":{"line":30,"column":4},"end":{"line":34,"column":5}},"27":{"start":{"line":31,"column":6},"end":{"line":31,"column":53}},"28":{"start":{"line":33,"column":6},"end":{"line":33,"column":53}},"29":{"start":{"line":38,"column":2},"end":{"line":41,"column":19}},"30":{"start":{"line":39,"column":4},"end":{"line":39,"column":17}},"31":{"start":{"line":40,"column":4},"end":{"line":40,"column":30}},"32":{"start":{"line":40,"column":17},"end":{"line":40,"column":29}},"33":{"start":{"line":44,"column":2},"end":{"line":48,"column":18}},"34":{"start":{"line":45,"column":4},"end":{"line":47,"column":5}},"35":{"start":{"line":46,"column":6},"end":{"line":46,"column":26}},"36":{"start":{"line":50,"column":23},"end":{"line":106,"column":3}},"37":{"start":{"line":51,"column":4},"end":{"line":51,"column":23}},"38":{"start":{"line":52,"column":4},"end":{"line":52,"column":21}},"39":{"start":{"line":53,"column":4},"end":{"line":53,"column":19}},"40":{"start":{"line":54,"column":4},"end":{"line":54,"column":28}},"41":{"start":{"line":56,"column":4},"end":{"line":56,"column":65}},"42":{"start":{"line":59,"column":4},"end":{"line":63,"column":5}},"43":{"start":{"line":60,"column":6},"end":{"line":60,"column":55}},"44":{"start":{"line":61,"column":6},"end":{"line":61,"column":24}},"45":{"start":{"line":62,"column":6},"end":{"line":62,"column":13}},"46":{"start":{"line":66,"column":23},"end":{"line":66,"column":73}},"47":{"start":{"line":67,"column":4},"end":{"line":71,"column":5}},"48":{"start":{"line":68,"column":6},"end":{"line":68,"column":53}},"49":{"start":{"line":69,"column":6},"end":{"line":69,"column":24}},"50":{"start":{"line":70,"column":6},"end":{"line":70,"column":13}},"51":{"start":{"line":73,"column":4},"end":{"line":105,"column":5}},"52":{"start":{"line":74,"column":21},"end":{"line":74,"column":71}},"53":{"start":{"line":76,"column":6},"end":{"line":83,"column":7}},"54":{"start":{"line":77,"column":8},"end":{"line":77,"column":54}},"55":{"start":{"line":78,"column":8},"end":{"line":81,"column":11}},"56":{"start":{"line":82,"column":8},"end":{"line":82,"column":15}},"57":{"start":{"line":85,"column":6},"end":{"line":94,"column":7}},"58":{"start":{"line":86,"column":8},"end":{"line":86,"column":77}},"59":{"start":{"line":87,"column":8},"end":{"line":87,"column":38}},"60":{"start":{"line":88,"column":8},"end":{"line":88,"column":25}},"61":{"start":{"line":91,"column":8},"end":{"line":91,"column":21}},"62":{"start":{"line":92,"column":8},"end":{"line":92,"column":24}},"63":{"start":{"line":93,"column":8},"end":{"line":93,"column":72}},"64":{"start":{"line":97,"column":8},"end":{"line":97,"column":64}},"65":{"start":{"line":98,"column":6},"end":{"line":98,"column":29}},"66":{"start":{"line":99,"column":6},"end":{"line":102,"column":9}},"67":{"start":{"line":104,"column":6},"end":{"line":104,"column":24}},"68":{"start":{"line":108,"column":2},"end":{"line":208,"column":4}},"69":{"start":{"line":114,"column":27},"end":{"line":114,"column":40}},"70":{"start":{"line":143,"column":33},"end":{"line":143,"column":57}},"71":{"start":{"line":158,"column":33},"end":{"line":158,"column":60}},"72":{"start":{"line":170,"column":31},"end":{"line":170,"column":63}},"73":{"start":{"line":197,"column":31},"end":{"line":197,"column":57}},"74":{"start":{"line":14,"column":13},"end":{"line":14,"column":35}},"75":{"start":{"line":211,"column":0},"end":{"line":211,"column":25}}},"fnMap":{"0":{"name":"(anonymous_0)","decl":{"start":{"line":14,"column":35},"end":{"line":14,"column":38}},"loc":{"start":{"line":14,"column":40},"end":{"line":209,"column":1}}},"1":{"name":"(anonymous_1)","decl":{"start":{"line":27,"column":12},"end":{"line":27,"column":15}},"loc":{"start":{"line":27,"column":17},"end":{"line":35,"column":3}}},"2":{"name":"(anonymous_2)","decl":{"start":{"line":38,"column":12},"end":{"line":38,"column":15}},"loc":{"start":{"line":38,"column":17},"end":{"line":41,"column":3}}},"3":{"name":"(anonymous_3)","decl":{"start":{"line":40,"column":11},"end":{"line":40,"column":14}},"loc":{"start":{"line":40,"column":17},"end":{"line":40,"column":29}}},"4":{"name":"(anonymous_4)","decl":{"start":{"line":44,"column":12},"end":{"line":44,"column":15}},"loc":{"start":{"line":44,"column":17},"end":{"line":48,"column":3}}},"5":{"name":"(anonymous_5)","decl":{"start":{"line":50,"column":23},"end":{"line":50,"column":28}},"loc":{"start":{"line":50,"column":52},"end":{"line":106,"column":3}}},"6":{"name":"(anonymous_6)","decl":{"start":{"line":114,"column":21},"end":{"line":114,"column":24}},"loc":{"start":{"line":114,"column":27},"end":{"line":114,"column":40}}},"7":{"name":"(anonymous_7)","decl":{"start":{"line":143,"column":26},"end":{"line":143,"column":27}},"loc":{"start":{"line":143,"column":33},"end":{"line":143,"column":57}}},"8":{"name":"(anonymous_8)","decl":{"start":{"line":158,"column":26},"end":{"line":158,"column":27}},"loc":{"start":{"line":158,"column":33},"end":{"line":158,"column":60}}},"9":{"name":"(anonymous_9)","decl":{"start":{"line":170,"column":25},"end":{"line":170,"column":28}},"loc":{"start":{"line":170,"column":31},"end":{"line":170,"column":63}}},"10":{"name":"(anonymous_10)","decl":{"start":{"line":197,"column":25},"end":{"line":197,"column":28}},"loc":{"start":{"line":197,"column":31},"end":{"line":197,"column":57}}}},"branchMap":{"0":{"loc":{"start":{"line":30,"column":4},"end":{"line":34,"column":5}},"type":"if","locations":[{"start":{"line":30,"column":4},"end":{"line":34,"column":5}}]},"1":{"loc":{"start":{"line":45,"column":4},"end":{"line":47,"column":5}},"type":"if","locations":[{"start":{"line":45,"column":4},"end":{"line":47,"column":5}}]},"2":{"loc":{"start":{"line":59,"column":4},"end":{"line":63,"column":5}},"type":"if","locations":[{"start":{"line":59,"column":4},"end":{"line":63,"column":5}}]},"3":{"loc":{"start":{"line":59,"column":8},"end":{"line":59,"column":34}},"type":"binary-expr","locations":[{"start":{"line":59,"column":8},"end":{"line":59,"column":21}},{"start":{"line":59,"column":25},"end":{"line":59,"column":34}}]},"4":{"loc":{"start":{"line":67,"column":4},"end":{"line":71,"column":5}},"type":"if","locations":[{"start":{"line":67,"column":4},"end":{"line":71,"column":5}}]},"5":{"loc":{"start":{"line":76,"column":6},"end":{"line":83,"column":7}},"type":"if","locations":[{"start":{"line":76,"column":6},"end":{"line":83,"column":7}}]},"6":{"loc":{"start":{"line":77,"column":17},"end":{"line":77,"column":52}},"type":"binary-expr","locations":[{"start":{"line":77,"column":17},"end":{"line":77,"column":29}},{"start":{"line":77,"column":33},"end":{"line":77,"column":52}}]},"7":{"loc":{"start":{"line":85,"column":6},"end":{"line":94,"column":7}},"type":"if","locations":[{"start":{"line":85,"column":6},"end":{"line":94,"column":7}},{"start":{"line":89,"column":13},"end":{"line":94,"column":7}}]},"8":{"loc":{"start":{"line":85,"column":10},"end":{"line":85,"column":56}},"type":"binary-expr","locations":[{"start":{"line":85,"column":10},"end":{"line":85,"column":34}},{"start":{"line":85,"column":38},"end":{"line":85,"column":56}}]},"9":{"loc":{"start":{"line":97,"column":8},"end":{"line":97,"column":64}},"type":"cond-expr","locations":[{"start":{"line":97,"column":31},"end":{"line":97,"column":42}},{"start":{"line":97,"column":45},"end":{"line":97,"column":64}}]},"10":{"loc":{"start":{"line":110,"column":7},"end":{"line":205,"column":null}},"type":"cond-expr","locations":[{"start":{"line":111,"column":8},"end":{"line":114,"column":null}},{"start":{"line":117,"column":8},"end":{"line":204,"column":null}}]},"11":{"loc":{"start":{"line":110,"column":7},"end":{"line":110,"column":24}},"type":"binary-expr","locations":[{"start":{"line":110,"column":7},"end":{"line":110,"column":14}},{"start":{"line":110,"column":18},"end":{"line":110,"column":24}}]},"12":{"loc":{"start":{"line":120,"column":11},"end":{"line":126,"column":null}},"type":"binary-expr","locations":[{"start":{"line":120,"column":11},"end":{"line":120,"column":25}},{"start":{"line":121,"column":12},"end":{"line":125,"column":null}}]},"13":{"loc":{"start":{"line":129,"column":11},"end":{"line":133,"column":null}},"type":"binary-expr","locations":[{"start":{"line":129,"column":11},"end":{"line":129,"column":16}},{"start":{"line":130,"column":12},"end":{"line":132,"column":null}}]},"14":{"loc":{"start":{"line":179,"column":15},"end":{"line":185,"column":null}},"type":"cond-expr","locations":[{"start":{"line":180,"column":16},"end":{"line":181,"column":null}},{"start":{"line":185,"column":16},"end":{"line":185,"column":25}}]}},"s":{"0":0,"1":0,"2":0,"3":0,"4":0,"5":0,"6":0,"7":0,
[...]
,"/home/zimele-dubazana/eVuka-REWARDS-app/src/stories/popover.stories.tsx": {"path":"/home/zimele-dubazana/eVuka-REWARDS-app/src/stories/popover.stories.tsx","statementMap":{"0":{"start":{"line":2,"column":0},"end":{"line":2,"column":41}},"1":{"start":{"line":4,"column":0},"end":{"line":4,"column":49}},"2":{"start":{"line":5,"column":0},"end":{"line":5,"column":47}},"3":{"start":{"line":6,"column":0},"end":{"line":6,"column":47}},"4":{"start":{"line":7,"column":0},"end":{"line":7,"column":null}},"5":{"start":{"line":13,"column":13},"end":{"line":18,"column":2}},"6":{"start":{"line":19,"column":0},"end":{"line":19,"column":20}},"7":{"start":{"line":21,"column":13},"end":{"line":77,"column":2}},"8":{"start":{"line":23,"column":4},"end":{"line":73,"column":null}}},"fnMap":{"0":{"name":"(anonymous_0)","decl":{"start":{"line":22,"column":10},"end":{"line":22,"column":13}},"loc":{"start":{"line":23,"column":4},"end":{"line":73,"column":null}}}},"branchMap":{},"s":{"0":0,"1":0,"2":0,"3":0,"4":0,"5":0,"6":0,"7":0,"8":0},"f":{"0":0},"b":{}}
,"/home/zimele-dubazana/eVuka-REWARDS-app/src/stories/progress.stories.tsx": {"path":"/home/zimele-dubazana/eVuka-REWARDS-app/src/stories/progress.stories.tsx","statementMap":{"0":{"start":{"line":2,"column":0},"end":{"line":2,"column":53}},"1":{"start":{"line":4,"column":13},"end":{"line":9,"column":2}},"2":{"start":{"line":10,"column":0},"end":{"line":10,"column":20}},"3":{"start":{"line":12,"column":13},"end":{"line":15,"column":2}},"4":{"start":{"line":13,"column":16},"end":{"line":13,"column":39}}},"fnMap":{"0":{"name":"(anonymous_0)","decl":{"start":{"line":13,"column":10},"end":{"line":13,"column":13}},"loc":{"start":{"line":13,"column":16},"end":{"line":13,"column":39}}}},"branchMap":{},"s":{"0":0,"1":0,"2":0,"3":0,"4":0},"f":{"0":0},"b":{}}
,"/home/zimele-dubazana/eVuka-REWARDS-app/src/stories/radio-group.stories.tsx": {"path":"/home/zimele-dubazana/eVuka-REWARDS-app/src/stories/radio-group.stories.tsx","statementMap":{"0":{"start":{"line":2,"column":0},"end":{"line":2,"column":47}},"1":{"start":{"line":3,"column":0},"end":{"line":3,"column":74}},"2":{"start":{"line":5,"column":13},"end":{"line":10,"column":2}},"3":{"start":{"line":11,"column":0},"end":{"line":11,"column":20}},"4":{"start":{"line":13,"column":13},"end":{"line":31,"column":2}},"5":{"start":{"line":15,"column":4},"end":{"line":27,"column":null}}},"fnMap":{"0":{"name":"(anonymous_0)","decl":{"start":{"line":14,"column":10},"end":{"line":14,"column":13}},"loc":{"start":{"line":15,"column":4},"end":{"line":27,"column":null}}}},"branchMap":{},"s":{"0":0,"1":0,"2":0,"3":0,"4":0,"5":0},"f":{"0":0},"b":{}}
,"/home/zimele-dubazana/eVuka-REWARDS-app/src/stories/resizable.stories.tsx": {"path":"/home/zimele-dubazana/eVuka-REWARDS-app/src/stories/resizable.stories.tsx","statementMap":{"0":{"start":{"line":1,"column":0},"end":{"line":1,"column":null}},"1":{"start":{"line":7,"column":12},"end":{"line":12,"column":2}},"2":{"start":{"line":13,"column":0},"end":{"line":13,"column":20}},"3":{"start":{"line":15,"column":13},"end":{"line":46,"column":2}},"4":{"start":{"line":17,"column":4},"end":{"line":42,"column":null}}},"fnMap":{"0":{"name":"(anonymous_0)","decl":{"start":{"line":16,"column":10},"end":{"line":16,"column":11}},"loc":{"start":{"line":17,"column":4},"end":{"line":42,"column":null}}}},"branchMap":{},"s":{"0":0,"1":0,"2":0,"3":0,"4":0},"f":{"0":0},"b":{}}
,"/home/zimele-dubazana/eVuka-REWARDS-app/src/stories/scroll-area.stories.tsx": {"path":"/home/zimele-dubazana/eVuka-REWARDS-app/src/stories/scroll-area.stories.tsx","statementMap":{"0":{"start":{"line":2,"column":0},"end":{"line":2,"column":26}},"1":{"start":{"line":4,"column":0},"end":{"line":4,"column":58}},"2":{"start":{"line":5,"column":0},"end":{"line":5,"column":55}},"3":{"start":{"line":7,"column":13},"end":{"line":12,"column":2}},"4":{"start":{"line":13,"column":0},"end":{"line":13,"column":20}},"5":{"start":{"line":15,"column":13},"end":{"line":34,"column":2}},"6":{"start":{"line":17,"column":4},"end":{"line":30,"column":null}},"7":{"start":{"line":21,"column":28},"end":{"line":21,"column":57}},"8":{"start":{"line":23,"column":12},"end":{"line":27,"column":null}}},"fnMap":{"0":{"name":"(anonymous_0)","decl":{"start":{"line":16,"column":10},"end":{"line":16,"column":13}},"loc":{"start":{"line":17,"column":4},"end":{"line":30,"column":null}}},"1":{"name":"(anonymous_1)","decl":{"start":{"line":21,"column":15},"end":{"line":21,"column":16}},"loc":{"start":{"line":21,"column":28},"end":{"line":21,"column":57}}},"2":{"name":"(anonymous_2)","decl":{"start":{"line":22,"column":15},"end":{"line":22,"column":16}},"loc":{"start":{"line":23,"column":12},"end":{"line":27,"column":null}}}},"branchMap":{},"s":{"0":0,"1":0,"2":0,"3":0,"4":0,"5":0,"6":0,"7":0,"8":0},"f":{"0":0,"1":0,"2":0},"b":{}}
,"/home/zimele-dubazana/eVuka-REWARDS-app/src/stories/select.stories.tsx": {"path":"/home/zimele-dubazana/eVuka-REWARDS-app/src/stories/select.stories.tsx","statementMap":{"0":{"start":{"line":2,"column":0},"end":{"line":2,"column":null}},"1":{"start":{"line":13,"column":13},"end":{"line":18,"column":2}},"2":{"start":{"line":19,"column":0},"end":{"line":19,"column":20}},"3":{"start":{"line":21,"column":13},"end":{"line":59,"column":2}},"4":{"start":{"line":23,"column":4},"end":{"line":55,"column":null}}},"fnMap":{"0":{"name":"(anonymous_0)","decl":{"start":{"line":22,"column":10},"end":{"line":22,"column":13}},"loc":{"start":{"line":23,"column":4},"end":{"line":55,"column":null}}}},"branchMap":{},"s":{"0":0,"1":0,"2":0,"3":0,"4":0},"f":{"0":0},"b":{}}
,"/home/zimele-dubazana/eVuka-REWARDS-app/src/stories/separator.stories.tsx": {"path":"/home/zimele-dubazana/eVuka-REWARDS-app/src/stories/separator.stories.tsx","statementMap":{"0":{"start":{"line":2,"column":0},"end":{"line":2,"column":55}},"1":{"start":{"line":4,"column":13},"end":{"line":9,"column":2}},"2":{"start":{"line":10,"column":0},"end":{"line":10,"column":20}},"3":{"start":{"line":12,"column":13},"end":{"line":32,"column":2}},"4":{"start":{"line":14,"column":4},"end":{"line":28,"column":null}}},"fnMap":{"0":{"name":"(anonymous_0)","decl":{"start":{"line":13,"column":10},"end":{"line":13,"column":13}},"loc":{"start":{"line":14,"column":4},"end":{"line":28,"column":null}}}},"branchMap":{},"s":{"0":0,"1":0,"2":0,"3":0,"4":0},"f":{"0":0},"b":{}}
,"/home/zimele-dubazana/eVuka-REWARDS-app/src/stories/sheet.stories.tsx": {"path":"/home/zimele-dubazana/eVuka-REWARDS-app/src/stories/sheet.stories.tsx","statementMap":{"0":{"start":{"line":2,"column":0},"end":{"line":2,"column":null}},"1":{"start":{"line":11,"column":13},"end":{"line":16,"column":2}},"2":{"start":{"line":17,"column":0},"end":{"line":17,"column":20}},"3":{"start":{"line":19,"column":13},"end":{"line":39,"column":2}},"4":{"start":{"line":21,"column":4},"end":{"line":34,"column":6}},"5":{"start":{"line":41,"column":13},"end":{"line":61,"column":2}},"6":{"start":{"line":43,"column":4},"end":{"line":56,"column":6}},"7":{"start":{"line":63,"column":13},"end":{"line":83,"column":2}},"8":{"start":{"line":65,"column":4},"end":{"line":78,"column":6}},"9":{"start":{"line":85,"column":13},"end":{"line":105,"column":2}},"10":{"start":{"line":87,"column":4},"end":{"line":100,"column":6}}},"fnMap":{"0":{"name":"(anonymous_0)","decl":{"start":{"line":20,"column":10},"end":{"line":20,"column":11}},"loc":{"start":{"line":20,"column":24},"end":{"line":35,"column":3}}},"1":{"name":"(anonymous_1)","decl":{"start":{"line":42,"column":10},"end":{"line":42,"column":11}},"loc":{"start":{"line":42,"column":24},"end":{"line":57,"column":3}}},"2":{"name":"(anonymous_2)","decl":{"start":{"line":64,"column":10},"end":{"line":64,"column":11}},"loc":{"start":{"line":64,"column":24},"end":{"line":79,"column":3}}},"3":{"name":"(anonymous_3)","decl":{"start":{"line":86,"column":10},"end":{"line":86,"column":11}},"loc":{"start":{"line":86,"column":24},"end":{"line":101,"column":3}}}},"branchMap":{},"s":{"0":0,"1":0,"2":0,"3":0,"4":0,"5":0,"6":0,"7":0,"8":0,"9":0,"10":0},"f":{"0":0,"1":0,"2":0,"3":0},"b":{}}
,"/home/zimele-dubazana/eVuka-REWARDS-app/src/stories/skeleton.stories.tsx": {"path":"/home/zimele-dubazana/eVuka-REWARDS-app/src/stories/skeleton.stories.tsx","statementMap":{"0":{"start":{"line":3,"column":0},"end":{"line":3,"column":53}},"1":{"start":{"line":5,"column":13},"end":{"line":10,"column":2}},"2":{"start":{"line":11,"column":0},"end":{"line":11,"column":20}},"3":{"start":{"line":13,"column":13},"end":{"line":26,"column":2}},"4":{"start":{"line":15,"column":4},"end":{"line":23,"column":6}}},"fnMap":{"0":{"name":"(anonymous_0)","decl":{"start":{"line":14,"column":10},"end":{"line":14,"column":13}},"loc":{"start":{"line":14,"column":15},"end":{"line":24,"column":3}}}},"branchMap":{},"s":{"0":0,"1":0,"2":0,"3":0,"4":0},"f":{"0":0},"b":{}}
,"/home/zimele-dubazana/eVuka-REWARDS-app/src/stories/slider.stories.tsx": {"path":"/home/zimele-dubazana/eVuka-REWARDS-app/src/stories/slider.stories.tsx","statementMap":{"0":{"start":{"line":2,"column":0},"end":{"line":2,"column":49}},"1":{"start":{"line":4,"column":13},"end":{"line":9,"column":2}},"2":{"start":{"line":10,"column":0},"end":{"line":10,"column":20}},"3":{"start":{"line":12,"column":13},"end":{"line":18,"column":2}}},"fnMap":{},"branchMap":{},"s":{"0":0,"1":0,"2":0,"3":0},"f":{},"b":{}}
,"/home/zimele-dubazana/eVuka-REWARDS-app/src/stories/switch.stories.tsx": {"path":"/home/zimele-dubazana/eVuka-REWARDS-app/src/stories/switch.stories.tsx","statementMap":{"0":{"start":{"line":2,"column":0},"end":{"line":2,"column":47}},"1":{"start":{"line":3,"column":0},"end":{"line":3,"column":49}},"2":{"start":{"line":5,"column":13},"end":{"line":10,"column":2}},"3":{"start":{"line":11,"column":0},"end":{"line":11,"column":20}},"4":{"start":{"line":13,"column":13},"end":{"line":21,"column":2}},"5":{"start":{"line":15,"column":4},"end":{"line":17,"column":null}}},"fnMap":{"0":{"name":"(anonymous_0)","decl":{"start":{"line":14,"column":10},"end":{"line":14,"column":13}},"loc":{"start":{"line":15,"column":4},"end":{"line":17,"column":null}}}},"branchMap":{},"s":{"0":0,"1":0,"2":0,"3":0,"4":0,"5":0},"f":{"0":0},"b":{}}
,"/home/zimele-dubazana/eVuka-REWARDS-app/src/stories/table.stories.tsx": {"path":"/home/zimele-dubazana/eVuka-REWARDS-app/src/stories/table.stories.tsx","statementMap":{"0":{"start":{"line":2,"column":0},"end":{"line":2,"column":null}},"1":{"start":{"line":12,"column":13},"end":{"line":17,"column":2}},"2":{"start":{"line":18,"column":0},"end":{"line":18,"column":20}},"3":{"start":{"line":20,"column":13},"end":{"line":69,"column":2}},"4":{"start":{"line":22,"column":4},"end":{"line":66,"column":6}}},"fnMap":{"0":{"name":"(anonymous_0)","decl":{"start":{"line":21,"column":10},"end":{"line":21,"column":13}},"loc":{"start":{"line":21,"column":15},"end":{"line":67,"column":3}}}},"branchMap":{},"s":{"0":0,"1":0,"2":0,"3":0,"4":0},"f":{"0":0},"b":{}}
,"/home/zimele-dubazana/eVuka-REWARDS-app/src/stories/tabs.stories.tsx": {"path":"/home/zimele-dubazana/eVuka-REWARDS-app/src/stories/tabs.stories.tsx","statementMap":{"0":{"start":{"line":2,"column":0},"end":{"line":2,"column":49}},"1":{"start":{"line":3,"column":0},"end":{"line":3,"column":47}},"2":{"start":{"line":4,"column":0},"end":{"line":4,"column":47}},"3":{"start":{"line":5,"column":0},"end":{"line":5,"column":null}},"4":{"start":{"line":12,"column":13},"end":{"line":17,"column":2}},"5":{"start":{"line":18,"column":0},"end":{"line":18,"column":20}},"6":{"start":{"line":20,"column":13},"end":{"line":68,"column":2}},"7":{"start":{"line":22,"column":4},"end":{"line":62,"column":null}}},"fnMap":{"0":{"name":"(anonymous_0)","decl":{"start":{"line":21,"column":10},"end":{"line":21,"column":11}},"loc":{"start":{"line":22,"column":4},"end":{"line":62,"column":null}}}},"branchMap":{},"s":{"0":0,"1":0,"2":0,"3":0,"4":0,"5":0,"6":0,"7":0},"f":{"0":0},"b":{}}
,"/home/zimele-dubazana/eVuka-REWARDS-app/src/stories/textarea.stories.tsx": {"path":"/home/zimele-dubazana/eVuka-REWARDS-app/src/stories/textarea.stories.tsx","statementMap":{"0":{"start":{"line":2,"column":0},"end":{"line":2,"column":49}},"1":{"start":{"line":3,"column":0},"end":{"line":3,"column":47}},"2":{"start":{"line":4,"column":0},"end":{"line":4,"column":53}},"3":{"start":{"line":6,"column":13},"end":{"line":11,"column":2}},"4":{"start":{"line":12,"column":0},"end":{"line":12,"column":20}},"5":{"start":{"line":14,"column":13},"end":{"line":19,"column":2}},"6":{"start":{"line":15,"column":25},"end":{"line":15,"column":47}},"7":{"start":{"line":21,"column":13},"end":{"line":27,"column":2}},"8":{"start":{"line":22,"column":25},"end":{"line":22,"column":47}},"9":{"start":{"line":29,"column":13},"end":{"line":37,"column":2}},"10":{"start":{"line":31,"column":4},"end":{"line":33,"column":null}},"11":{"start":{"line":39,"column":13},"end":{"line":50,"column":2}},"12":{"start":{"line":41,"column":4},"end":{"line":46,"column":null}},"13":{"start":{"line":52,"column":13},"end":{"line":60,"column":2}},"14":{"start":{"line":54,"column":4},"end":{"line":56,"column":null}}},"fnMap":{"0":{"name":"(anonymous_0)","decl":{"start":{"line":15,"column":10},"end":{"line":15,"column":11}},"loc":{"start":{"line":15,"column":25},"end":{"line":15,"column":47}}},"1":{"name":"(anonymous_1)","decl":{"start":{"line":22,"column":10},"end":{"line":22,"column":11}},"loc":{"start":{"line":22,"column":25},"end":{"line":22,"column":47}}},"2":{"name":"(anonymous_2)","decl":{"start":{"line":30,"column":10},"end":{"line":30,"column":11}},"loc":{"start":{"line":31,"column":4},"end":{"line":33,"column":null}}},"3":{"name":"(anonymous_3)","decl":{"start":{"line":40,"column":10},"end":{"line":40,"column":11}},"loc":{"start":{"line":41,"column":4},"end":{"line":46,"column":null}}},"4":{"name":"(anonymous_4)","decl":{"start":{"line":53,"column":10},"end":{"line":53,"column":11}},"loc":{"start":{"line":54,"column":4},"end":{"line":56,"column":null}}}},"branchMap":{},"s":{"0":0,"1":0,"2":0,"3":0,"4":0,"5":0,"6":0,"7":0,"8":0,"9":0,"10":0,"11":0,"12":0,"13":0,"14":0},"f":{"0":0,"1":0,"2":0,"3":0,"4":0},"b":{}}
,"/home/zimele-dubazana/eVuka-REWARDS-app/src/stories/toggle.stories.tsx": {"path":"/home/zimele-dubazana/eVuka-REWARDS-app/src/stories/toggle.stories.tsx","statementMap":{"0":{"start":{"line":2,"column":0},"end":{"line":2,"column":69}},"1":{"start":{"line":3,"column":0},"end":{"line":3,"column":49}},"2":{"start":{"line":5,"column":13},"end":{"line":10,"column":2}},"3":{"start":{"line":11,"column":0},"end":{"line":11,"column":20}},"4":{"start":{"line":13,"column":13},"end":{"line":20,"column":2}},"5":{"start":{"line":15,"column":4},"end":{"line":16,"column":null}},"6":{"start":{"line":22,"column":13},"end":{"line":29,"column":2}},"7":{"start":{"line":24,"column":4},"end":{"line":25,"column":null}},"8":{"start":{"line":31,"column":13},"end":{"line":39,"column":2}},"9":{"start":{"line":33,"column":4},"end":{"line":34,"column":null}},"10":{"start":{"line":41,"column":13},"end":{"line":48,"column":2}},"11":{"start":{"line":43,"column":4},"end":{"line":44,"column":null}},"12":{"start":{"line":50,"column":13},"end":{"line":57,"column":2}},"13":{"start":{"line":52,"column":4},"end":{"line":53,"column":null}},"14":{"start":{"line":59,"column":13},"end":{"line":68,"column":2}},"15":{"start":{"line":61,"column":4},"end":{"line":62,"column":null}}},"fnMap":{"0":{"name":"(anonymous_0)","decl":{"start":{"line":14,"column":10},"end":{"line":14,"column":13}},"loc":{"start":{"line":15,"column":4},"end":{"line":16,"column":null}}},"1":{"name":"(anonymous_1)","decl":{"start":{"line":23,"column":10},"end":{"line":23,"column":13}},"loc":{"start":{"line":24,"column":4},"end":{"line":25,"column":null}}},"2":{"name":"(anonymous_2)","decl":{"start":{"line":32,"column":10},"end":{"line":32,"column":13}},"loc":{"start":{"line":33,"column":4},"end":{"line":34,"column":null}}},"3":{"name":"(anonymous_3)","decl":{"start":{"line":42,"column":10},"end":{"line":42,"column":13}},"loc":{"start":{"line":43,"column":4},"end":{"line":44,"column":null}}},"4":{"name":"(anonymous_4)","decl":{"start":{"line":51,"column":10},"end":{"line":51,"column":13}},"loc":{"start":{"line":52,"column":4},"end":{"line":53,"column":null}}},"5":{"name":"(anonymous_5)","decl":{"start":{"line":60,"column":10},"end":{"line":60,"column":13}},"loc":{"start":{"line":61,"column":4},"end":{"line":62,"column":null}}}},"branchMap":{},"s":{"0":0,"1":0,"2":0,"3":0,"4":0,"5":0,"6":0,"7":0,"8":0,"9":0,"10":0,"11":0,"12":0,"13":0,"14":0,"15":0},"f":{"0":0,"1":0,"2":0,"3":0,"4":0,"5":0},"b":{}}
,"/home/zimele-dubazana/eVuka-REWARDS-app/src/stories/tooltip.stories.tsx": {"path":"/home/zimele-dubazana/eVuka-REWARDS-app/src/stories/tooltip.stories.tsx","statementMap":{"0":{"start":{"line":2,"column":0},"end":{"line":2,"column":36}},"1":{"start":{"line":4,"column":0},"end":{"line":4,"column":49}},"2":{"start":{"line":5,"column":0},"end":{"line":5,"column":null}},"3":{"start":{"line":12,"column":13},"end":{"line":17,"column":2}},"4":{"start":{"line":18,"column":0},"end":{"line":18,"column":20}},"5":{"start":{"line":20,"column":13},"end":{"line":37,"column":2}},"6":{"start":{"line":22,"column":4},"end":{"line":33,"column":null}}},"fnMap":{"0":{"name":"(anonymous_0)","decl":{"start":{"line":21,"column":10},"end":{"line":21,"column":13}},"loc":{"start":{"line":22,"column":4},"end":{"line":33,"column":null}}}},"branchMap":{},"s":{"0":0,"1":0,"2":0,"3":0,"4":0,"5":0,"6":0},"f":{"0":0},"b":{}}
,"/home/zimele-dubazana/eVuka-REWARDS-app/src/types/errors.ts": {"path":"/home/zimele-dubazana/eVuka-REWARDS-app/src/types/errors.ts","statementMap":{"0":{"start":{"line":7,"column":4},"end":{"line":7,"column":19}},"1":{"start":{"line":4,"column":4},"end":{"line":4,"column":null}},"2":{"start":{"line":5,"column":4},"end":{"line":5,"column":null}},"3":{"start":{"line":8,"column":4},"end":{"line":8,"column":27}},"4":{"start":{"line":1,"column":0},"end":{"line":1,"column":13}},"5":{"start":{"line":14,"column":4},"end":{"line":14,"column":77}},"6":{"start":{"line":12,"column":0},"end":{"line":12,"column":13}},"7":{"start":{"line":20,"column":4},"end":{"line":24,"column":6}},"8":{"start":{"line":18,"column":0},"end":{"line":18,"column":13}},"9":{"start":{"line":30,"column":4},"end":{"line":34,"column":6}},"10":{"start":{"line":28,"column":0},"end":{"line":28,"column":13}},"11":{"start":{"line":40,"column":4},"end":{"line":40,"column":78}},"12":{"start":{"line":38,"column":0},"end":{"line":38,"column":13}}},"fnMap":{"0":{"name":"(anonymous_0)","decl":{"start":{"line":2,"column":2},"end":{"line":2,"column":null}},"loc":{"start":{"line":5,"column":40},"end":{"line":9,"column":3}}},"1":{"name":"(anonymous_1)","decl":{"start":{"line":13,"column":2},"end":{"line":13,"column":14}},"loc":{"start":{"line":13,"column":29},"end":{"line":15,"column":3}}},"2":{"name":"(anonymous_2)","decl":{"start":{"line":19,"column":2},"end":{"line":19,"column":14}},"loc":{"start":{"line":19,"column":29},"end":{"line":25,"column":3}}},"3":{"name":"(anonymous_3)","decl":{"start":{"line":29,"column":2},"end":{"line":29,"column":14}},"loc":{"start":{"line":29,"column":64},"end":{"line":35,"column":3}}},"4":{"name":"(anonymous_4)","decl":{"start":{"line":39,"column":2},"end":{"line":39,"column":14}},"loc":{"start":{"line":39,"column":29},"end":{"line":41,"column":3}}}},"branchMap":{"0":{"loc":{"start":{"line":5,"column":11},"end":{"line":5,"column":40}},"type":"default-arg","locations":[{"start":{"line":5,"column":33},"end":{"line":5,"column":40}}]},"1":{"loc":{"start":{"line":29,"column":31},"end":{"line":29,"column":64}},"type":"default-arg","locations":[{"start":{"line":29,"column":46},"end":{"line":29,"column":64}}]}},"s":{"0":0,"1":0,"2":0,"3":0,"4":0,"5":0,"6":0,"7":0,"8":0,"9":0,"10":0,"11":0,"12":0},"f":{"0":0,"1":0,"2":0,"3":0,"4":0},"b":{"0":[0],"1":[0]}}
}
