{"/home/zimele-dubazana/eVuka-REWARDS-app/src/App.tsx": {"path":"/home/zimele-dubazana/eVuka-REWARDS-app/src/App.tsx","statementMap":{"0":{"start":{"line":17,"column":13},"end":{"line":17,"column":52}},"1":{"start":{"line":17,"column":24},"end":{"line":17,"column":51}},"2":{"start":{"line":18,"column":18},"end":{"line":18,"column":58}},"3":{"start":{"line":18,"column":29},"end":{"line":18,"column":57}},"4":{"start":{"line":19,"column":21},"end":{"line":19,"column":64}},"5":{"start":{"line":19,"column":32},"end":{"line":19,"column":63}},"6":{"start":{"line":20,"column":25},"end":{"line":20,"column":68}},"7":{"start":{"line":20,"column":36},"end":{"line":20,"column":67}},"8":{"start":{"line":21,"column":26},"end":{"line":21,"column":75}},"9":{"start":{"line":21,"column":37},"end":{"line":21,"column":74}},"10":{"start":{"line":22,"column":24},"end":{"line":22,"column":71}},"11":{"start":{"line":22,"column":35},"end":{"line":22,"column":70}},"12":{"start":{"line":23,"column":24},"end":{"line":23,"column":79}},"13":{"start":{"line":23,"column":35},"end":{"line":23,"column":78}},"14":{"start":{"line":26,"column":20},"end":{"line":26,"column":61}},"15":{"start":{"line":26,"column":31},"end":{"line":26,"column":60}},"16":{"start":{"line":27,"column":21},"end":{"line":27,"column":60}},"17":{"start":{"line":27,"column":32},"end":{"line":27,"column":59}},"18":{"start":{"line":28,"column":28},"end":{"line":28,"column":77}},"19":{"start":{"line":28,"column":39},"end":{"line":28,"column":76}},"20":{"start":{"line":31,"column":2},"end":{"line":36,"column":9}},"21":{"start":{"line":32,"column":4},"end":{"line":35,"column":7}},"22":{"start":{"line":38,"column":2},"end":{"line":48,"column":9}},"23":{"start":{"line":39,"column":19},"end":{"line":39,"column":62}},"24":{"start":{"line":41,"column":4},"end":{"line":43,"column":5}},"25":{"start":{"line":42,"column":6},"end":{"line":42,"column":53}},"26":{"start":{"line":45,"column":4},"end":{"line":47,"column":5}},"27":{"start":{"line":46,"column":6},"end":{"line":46,"column":56}},"28":{"start":{"line":50,"column":2},"end":{"line":194,"column":4}}},"fnMap":{"0":{"name":"(anonymous_0)","decl":{"start":{"line":17,"column":18},"end":{"line":17,"column":19}},"loc":{"start":{"line":17,"column":24},"end":{"line":17,"column":51}},"line":17},"1":{"name":"(anonymous_1)","decl":{"start":{"line":18,"column":23},"end":{"line":18,"column":24}},"loc":{"start":{"line":18,"column":29},"end":{"line":18,"column":57}},"line":18},"2":{"name":"(anonymous_2)","decl":{"start":{"line":19,"column":26},"end":{"line":19,"column":27}},"loc":{"start":{"line":19,"column":32},"end":{"line":19,"column":63}},"line":19},"3":{"name":"(anonymous_3)","decl":{"start":{"line":20,"column":30},"end":{"line":20,"column":31}},"loc":{"start":{"line":20,"column":36},"end":{"line":20,"column":67}},"line":20},"4":{"name":"(anonymous_4)","decl":{"start":{"line":21,"column":31},"end":{"line":21,"column":32}},"loc":{"start":{"line":21,"column":37},"end":{"line":21,"column":74}},"line":21},"5":{"name":"(anonymous_5)","decl":{"start":{"line":22,"column":29},"end":{"line":22,"column":30}},"loc":{"start":{"line":22,"column":35},"end":{"line":22,"column":70}},"line":22},"6":{"name":"(anonymous_6)","decl":{"start":{"line":23,"column":29},"end":{"line":23,"column":30}},"loc":{"start":{"line":23,"column":35},"end":{"line":23,"column":78}},"line":23},"7":{"name":"(anonymous_7)","decl":{"start":{"line":26,"column":25},"end":{"line":26,"column":26}},"loc":{"start":{"line":26,"column":31},"end":{"line":26,"column":60}},"line":26},"8":{"name":"(anonymous_8)","decl":{"start":{"line":27,"column":26},"end":{"line":27,"column":27}},"loc":{"start":{"line":27,"column":32},"end":{"line":27,"column":59}},"line":27},"9":{"name":"(anonymous_9)","decl":{"start":{"line":28,"column":33},"end":{"line":28,"column":34}},"loc":{"start":{"line":28,"column":39},"end":{"line":28,"column":76}},"line":28},"10":{"name":"App","decl":{"start":{"line":30,"column":9},"end":{"line":30,"column":12}},"loc":{"start":{"line":30,"column":15},"end":{"line":195,"column":1}},"line":30},"11":{"name":"(anonymous_11)","decl":{"start":{"line":31,"column":12},"end":{"line":31,"column":13}},"loc":{"start":{"line":31,"column":18},"end":{"line":36,"column":3}},"line":31},"12":{"name":"(anonymous_12)","decl":{"start":{"line":38,"column":12},"end":{"line":38,"column":13}},"loc":{"start":{"line":38,"column":18},"end":{"line":48,"column":3}},"line":38}},"branchMap":{"0":{"loc":{"start":{"line":41,"column":4},"end":{"line":43,"column":5}},"type":"if","locations":[{"start":{"line":41,"column":4},"end":{"line":43,"column":5}},{"start":{},"end":{}}],"line":41},"1":{"loc":{"start":{"line":45,"column":4},"end":{"line":47,"column":5}},"type":"if","locations":[{"start":{"line":45,"column":4},"end":{"line":47,"column":5}},{"start":{},"end":{}}],"line":45},"2":{"loc":{"start":{"line":56,"column":13},"end":{"line":56,"column":71}},"type":"binary-expr","locations":[{"start":{"line":56,"column":13},"end":{"line":56,"column":50}},{"start":{"line":56,"column":54},"end":{"line":56,"column":71}}],"line":56},"3":{"loc":{"start":{"line":170,"column":15},"end":{"line":172,"column":15}},"type":"binary-expr","locations":[{"start":{"line":170,"column":15},"end":{"line":170,"column":52}},{"start":{"line":171,"column":16},"end":{"line":171,"column":45}}],"line":170}},"s":{"0":0,"1":0,"2":0,"3":0,"4":0,"5":0,"6":0,"7":0,"8":0,"9":0,"10":0,"11":0,"12":0,"13":0,"14":0,"15":0,"16":0,"17":0,"18":0,"19":0,"20":0,"21":0,"22":0,"23":0,"24":0,"25":0,"26":0,"27":0,"28":0},"f":{"0":0,"1":0,"2":0,"3":0,"4":0,"5":0,"6":0,"7":0,"8":0,"9":0,"10":0,"11":0,"12":0},"b":{"0":[0,0],"1":[0,0],"2":[0,0],"3":[0,0]}}
,"/home/zimele-dubazana/eVuka-REWARDS-app/src/components/ErrorBoundary.tsx": {"path":"/home/zimele-dubazana/eVuka-REWARDS-app/src/components/ErrorBoundary.tsx","statementMap":{"0":{"start":{"line":25,"column":33},"end":{"line":25,"column":59}},"1":{"start":{"line":26,"column":35},"end":{"line":26,"column":67}},"2":{"start":{"line":29,"column":24},"end":{"line":33,"column":3}},"3":{"start":{"line":36,"column":4},"end":{"line":36,"column":37}},"4":{"start":{"line":41,"column":4},"end":{"line":43,"column":5}},"5":{"start":{"line":42,"column":6},"end":{"line":42,"column":36}},"6":{"start":{"line":47,"column":18},"end":{"line":47,"column":49}},"7":{"start":{"line":48,"column":16},"end":{"line":48,"column":26}},"8":{"start":{"line":51,"column":31},"end":{"line":53,"column":16}},"9":{"start":{"line":56,"column":24},"end":{"line":56,"column":49}},"10":{"start":{"line":57,"column":4},"end":{"line":60,"column":5}},"11":{"start":{"line":58,"column":6},"end":{"line":58,"column":24}},"12":{"start":{"line":59,"column":6},"end":{"line":59,"column":64}},"13":{"start":{"line":63,"column":33},"end":{"line":63,"column":66}},"14":{"start":{"line":65,"column":4},"end":{"line":69,"column":7}},"15":{"start":{"line":71,"column":4},"end":{"line":78,"column":7}},"16":{"start":{"line":81,"column":4},"end":{"line":83,"column":5}},"17":{"start":{"line":82,"column":6},"end":{"line":82,"column":43}},"18":{"start":{"line":86,"column":4},"end":{"line":101,"column":5}},"19":{"start":{"line":87,"column":6},"end":{"line":100,"column":9}},"20":{"start":{"line":104,"column":4},"end":{"line":115,"column":5}},"21":{"start":{"line":105,"column":6},"end":{"line":107,"column":7}},"22":{"start":{"line":106,"column":8},"end":{"line":106,"column":38}},"23":{"start":{"line":108,"column":6},"end":{"line":114,"column":29}},"24":{"start":{"line":109,"column":8},"end":{"line":109,"column":71}},"25":{"start":{"line":110,"column":8},"end":{"line":113,"column":11}},"26":{"start":{"line":118,"column":24},"end":{"line":143,"column":3}},"27":{"start":{"line":120,"column":4},"end":{"line":126,"column":5}},"28":{"start":{"line":121,"column":6},"end":{"line":124,"column":9}},"29":{"start":{"line":125,"column":6},"end":{"line":125,"column":13}},"30":{"start":{"line":129,"column":25},"end":{"line":129,"column":87}},"31":{"start":{"line":131,"column":4},"end":{"line":142,"column":5}},"32":{"start":{"line":132,"column":6},"end":{"line":134,"column":9}},"33":{"start":{"line":136,"column":6},"end":{"line":138,"column":23}},"34":{"start":{"line":137,"column":8},"end":{"line":137,"column":61}},"35":{"start":{"line":141,"column":6},"end":{"line":141,"column":59}},"36":{"start":{"line":145,"column":25},"end":{"line":147,"column":3}},"37":{"start":{"line":146,"column":4},"end":{"line":146,"column":29}},"38":{"start":{"line":150,"column":4},"end":{"line":224,"column":5}},"39":{"start":{"line":151,"column":6},"end":{"line":153,"column":7}},"40":{"start":{"line":152,"column":8},"end":{"line":152,"column":35}},"41":{"start":{"line":155,"column":20},"end":{"line":155,"column":51}},"42":{"start":{"line":156,"column":28},"end":{"line":156,"column":66}},"43":{"start":{"line":158,"column":6},"end":{"line":223,"column":8}},"44":{"start":{"line":226,"column":4},"end":{"line":226,"column":31}}},"fnMap":{"0":{"name":"(anonymous_0)","decl":{"start":{"line":35,"column":2},"end":{"line":35,"column":3}},"loc":{"start":{"line":35,"column":71},"end":{"line":37,"column":3}},"line":35},"1":{"name":"(anonymous_1)","decl":{"start":{"line":39,"column":2},"end":{"line":39,"column":3}},"loc":{"start":{"line":39,"column":25},"end":{"line":44,"column":3}},"line":39},"2":{"name":"(anonymous_2)","decl":{"start":{"line":46,"column":2},"end":{"line":46,"column":3}},"loc":{"start":{"line":46,"column":63},"end":{"line":116,"column":3}},"line":46},"3":{"name":"(anonymous_3)","decl":{"start":{"line":98,"column":15},"end":{"line":98,"column":16}},"loc":{"start":{"line":98,"column":21},"end":{"line":100,"column":7}},"line":98},"4":{"name":"(anonymous_4)","decl":{"start":{"line":108,"column":35},"end":{"line":108,"column":36}},"loc":{"start":{"line":108,"column":41},"end":{"line":114,"column":7}},"line":108},"5":{"name":"(anonymous_5)","decl":{"start":{"line":118,"column":24},"end":{"line":118,"column":25}},"loc":{"start":{"line":118,"column":30},"end":{"line":143,"column":3}},"line":118},"6":{"name":"(anonymous_6)","decl":{"start":{"line":136,"column":17},"end":{"line":136,"column":18}},"loc":{"start":{"line":136,"column":23},"end":{"line":138,"column":7}},"line":136},"7":{"name":"(anonymous_7)","decl":{"start":{"line":145,"column":25},"end":{"line":145,"column":26}},"loc":{"start":{"line":145,"column":31},"end":{"line":147,"column":3}},"line":145},"8":{"name":"(anonymous_8)","decl":{"start":{"line":149,"column":2},"end":{"line":149,"column":3}},"loc":{"start":{"line":149,"column":18},"end":{"line":227,"column":3}},"line":149}},"branchMap":{"0":{"loc":{"start":{"line":25,"column":33},"end":{"line":25,"column":59}},"type":"binary-expr","locations":[{"start":{"line":25,"column":33},"end":{"line":25,"column":54}},{"start":{"line":25,"column":58},"end":{"line":25,"column":59}}],"line":25},"1":{"loc":{"start":{"line":26,"column":35},"end":{"line":26,"column":67}},"type":"binary-expr","locations":[{"start":{"line":26,"column":35},"end":{"line":26,"column":58}},{"start":{"line":26,"column":62},"end":{"line":26,"column":67}}],"line":26},"2":{"loc":{"start":{"line":41,"column":4},"end":{"line":43,"column":5}},"type":"if","locations":[{"start":{"line":41,"column":4},"end":{"line":43,"column":5}},{"start":{},"end":{}}],"line":41},"3":{"loc":{"start":{"line":47,"column":18},"end":{"line":47,"column":49}},"type":"binary-expr","locations":[{"start":{"line":47,"column":18},"end":{"line":47,"column":34}},{"start":{"line":47,"column":38},"end":{"line":47,"column":49}}],"line":47},"4":{"loc":{"start":{"line":51,"column":31},"end":{"line":53,"column":16}},"type":"cond-expr","locations":[{"start":{"line":52,"column":8},"end":{"line":52,"column":38}},{"start":{"line":53,"column":8},"end":{"line":53,"column":16}}],"line":51},"5":{"loc":{"start":{"line":57,"column":4},"end":{"line":60,"column":5}},"type":"if","locations":[{"start":{"line":57,"column":4},"end":{"line":60,"column":5}},{"start":{},"end":{}}],"line":57},"6":{"loc":{"start":{"line":81,"column":4},"end":{"line":83,"column":5}},"type":"if","locations":[{"start":{"line":81,"column":4},"end":{"line":83,"column":5}},{"start":{},"end":{}}],"line":81},"7":{"loc":{"start":{"line":86,"column":4},"end":{"line":101,"column":5}},"type":"if","locations":[{"start":{"line":86,"column":4},"end":{"line":101,"column":5}},{"start":{},"end":{}}],"line":86},"8":{"loc":{"start":{"line":104,"column":4},"end":{"line":115,"column":5}},"type":"if","locations":[{"start":{"line":104,"column":4},"end":{"line":115,"column":5}},{"start":{},"end":{}}],"line":104},"9":{"loc":{"start":{"line":105,"column":6},"end":{"line":107,"column":7}},"type":"if","locations":[{"start":{"line":105,"column":6},"end":{"line":107,"column":7}},{"start":{},"end":{}}],"line":105},"10":{"loc":{"start":{"line":120,"column":4},"end":{"line":126,"column":5}},"type":"if","locations":[{"start":{"line":120,"column":4},"end":{"line":126,"column":5}},{"start":{},"end":{}}],"line":120},"11":{"loc":{"start":{"line":131,"column":4},"end":{"line":142,"column":5}},"type":"if","locations":[{"start":{"line":131,"column":4},"end":{"line":142,"column":5}},{"start":{"line":139,"column":11},"end":{"line":142,"column":5}}],"line":131},"12":{"loc":{"start":{"line":150,"column":4},"end":{"line":224,"column":5}},"type":"if","locations":[{"start":{"line":150,"column":4},"end":{"line":224,"column":5}},{"start":{},"end":{}}],"line":150},"13":{"loc":{"start":{"line":151,"column":6},"end":{"line":153,"column":7}},"type":"if","locations":[{"start":{"line":151,"column":6},"end":{"line":153,"column":7}},{"start":{},"end":{}}],"line":151},"14":{"loc":{"start":{"line":155,"column":20},"end":{"line":155,"column":51}},"type":"binary-expr","locations":[{"start":{"line":155,"column":20},"end":{"line":155,"column":36}},{"start":{"line":155,"column":40},"end":{"line":155,"column":51}}],"line":155},"15":{"loc":{"start":{"line":164,"column":17},"end":{"line":166,"column":42}},"type":"cond-expr","locations":[{"start":{"line":165,"column":20},"end":{"line":165,"column":46}},{"start":{"line":166,"column":20},"end":{"line":166,"column":42}}],"line":164},"16":{"loc":{"start":{"line":169,"column":17},"end":{"line":180,"column":17}},"type":"cond-expr","locations":[{"start":{"line":170,"column":18},"end":{"line":173,"column":21}},{"start":{"line":174,"column":20},"end":{"line":180,"column":17}}],"line":169},"17":{"loc":{"start":{"line":174,"column":20},"end":{"line":180,"column":17}},"type":"cond-expr","locations":[{"start":{"line":175,"column":18},"end":{"line":175,"column":73}},{"start":{"line":176,"column":20},"end":{"line":180,"column":17}}],"line":174},"18":{"loc":{"start":{"line":176,"column":20},"end":{"line":180,"column":17}},"type":"cond-expr","locations":[{"start":{"line":177,"column":18},"end":{"line":177,"column":60}},{"start":{"line":179,"column":18},"end":{"line":179,"column":56}}],"line":176},"19":{"loc":{"start":{"line":182,"column":15},"end":{"line":186,"column":15}},"type":"binary-expr","locations":[{"start":{"line":182,"column":15},"end":{"line":182,"column":40}},{"start":{"line":182,"column":44},"end":{"line":182,"column":76}},{"start":{"line":183,"column":16},"end":{"line":185,"column":20}}],"line":182},"20":{"loc":{"start":{"line":189,"column":13},"end":{"line":195,"column":13}},"type":"binary-expr","locations":[{"start":{"line":189,"column":13},"end":{"line":189,"column":26}},{"start":{"line":189,"column":30},"end":{"line":189,"column":46}},{"start":{"line":190,"column":14},"end":{"line":194,"column":20}}],"line":189},"21":{"loc":{"start":{"line":205,"column":17},"end":{"line":205,"column":81}},"type":"cond-expr","locations":[{"start":{"line":205,"column":51},"end":{"line":205,"column":67}},{"start":{"line":205,"column":70},"end":{"line":205,"column":81}}],"line":205},"22":{"loc":{"start":{"line":207,"column":15},"end":{"line":215,"column":15}},"type":"binary-expr","locations":[{"start":{"line":207,"column":15},"end":{"line":207,"column":31}},{"start":{"line":208,"column":16},"end":{"line":214,"column":25}}],"line":207}},"s":{"0":0,"1":0,"2":0,"3":0,"4":0,"5":0,"6":0,"7":0,"8":0,"9":0,"10":0,"11":0,"12":0,"13":0,"14":0,"15":0,"16":0,"17":0,"18":0,"19":0,"20":0,"21":0,"22":0,"23":0,"24":0,"25":0,"26":0,"27":0,"28":0,"29":0,"30":0,"31":0,"32":0,"33":0,"34":0,"35":0,"36":0,"37":0,"38":0,"39":0,"40":0,"41":0,"42":0,"43":0,"44":0},"f":{"0":0,"1":0,"2":0,"3":0,"4":0,"5":0,"6":0,"7":0,"8":0},"b":{"0":[0,0],"1":[0,0],"2":[0,0],"3":[0,0],"4":[0,0],"5":[0,0],"6":[0,0],"7":[0,0],"8":[0,0],"9":[0,0],"10":[0,0],"11":[0,0],"12":[0,0],"13":[0,0],"14":[0,0],"15":[0,0],"16":[0,0],"17":[0,0],"18":[0,0],"19":[0,0,0],"20":[0,0,0],"21":[0,0],"22":[0,0]}}
,"/home/zimele-dubazana/eVuka-REWARDS-app/src/components/ErrorFallback.tsx": {"path":"/home/zimele-dubazana/eVuka-REWARDS-app/src/components/ErrorFallback.tsx","statementMap":{"0":{"start":{"line":13,"column":59},"end":{"line":43,"column":1}},"1":{"start":{"line":19,"column":2},"end":{"line":42,"column":4}}},"fnMap":{"0":{"name":"(anonymous_0)","decl":{"start":{"line":13,"column":59},"end":{"line":13,"column":60}},"loc":{"start":{"line":18,"column":6},"end":{"line":43,"column":1}},"line":18}},"branchMap":{"0":{"loc":{"start":{"line":16,"column":2},"end":{"line":16,"column":17}},"type":"default-arg","locations":[{"start":{"line":16,"column":10},"end":{"line":16,"column":17}}],"line":16},"1":{"loc":{"start":{"line":17,"column":2},"end":{"line":17,"column":63}},"type":"default-arg","locations":[{"start":{"line":17,"column":16},"end":{"line":17,"column":63}}],"line":17},"2":{"loc":{"start":{"line":26,"column":11},"end":{"line":28,"column":11}},"type":"binary-expr","locations":[{"start":{"line":26,"column":11},"end":{"line":26,"column":16}},{"start":{"line":26,"column":20},"end":{"line":26,"column":58}},{"start":{"line":27,"column":12},"end":{"line":27,"column":86}}],"line":26},"3":{"loc":{"start":{"line":29,"column":11},"end":{"line":38,"column":11}},"type":"binary-expr","locations":[{"start":{"line":29,"column":11},"end":{"line":29,"column":18}},{"start":{"line":30,"column":12},"end":{"line":37,"column":21}}],"line":29}},"s":{"0":0,"1":0},"f":{"0":0},"b":{"0":[0],"1":[0],"2":[0,0,0],"3":[0,0]}}
,"/home/zimele-dubazana/eVuka-REWARDS-app/src/components/LoadingFallback.tsx": {"path":"/home/zimele-dubazana/eVuka-REWARDS-app/src/components/LoadingFallback.tsx","statementMap":{"0":{"start":{"line":10,"column":63},"end":{"line":31,"column":1}},"1":{"start":{"line":14,"column":2},"end":{"line":23,"column":3}},"2":{"start":{"line":15,"column":4},"end":{"line":22,"column":6}},"3":{"start":{"line":25,"column":2},"end":{"line":30,"column":4}}},"fnMap":{"0":{"name":"(anonymous_0)","decl":{"start":{"line":10,"column":63},"end":{"line":10,"column":64}},"loc":{"start":{"line":13,"column":6},"end":{"line":31,"column":1}},"line":13}},"branchMap":{"0":{"loc":{"start":{"line":11,"column":2},"end":{"line":11,"column":24}},"type":"default-arg","locations":[{"start":{"line":11,"column":12},"end":{"line":11,"column":24}}],"line":11},"1":{"loc":{"start":{"line":12,"column":2},"end":{"line":12,"column":20}},"type":"default-arg","locations":[{"start":{"line":12,"column":15},"end":{"line":12,"column":20}}],"line":12},"2":{"loc":{"start":{"line":14,"column":2},"end":{"line":23,"column":3}},"type":"if","locations":[{"start":{"line":14,"column":2},"end":{"line":23,"column":3}},{"start":{},"end":{}}],"line":14}},"s":{"0":0,"1":0,"2":0,"3":0},"f":{"0":0},"b":{"0":[0],"1":[0],"2":[0,0]}}
,"/home/zimele-dubazana/eVuka-REWARDS-app/src/components/home.tsx": {"path":"/home/zimele-dubazana/eVuka-REWARDS-app/src/components/home.tsx","statementMap":{"0":{"start":{"line":31,"column":13},"end":{"line":218,"column":1}},"1":{"start":{"line":32,"column":41},"end":{"line":32,"column":50}},"2":{"start":{"line":33,"column":20},"end":{"line":33,"column":30}},"3":{"start":{"line":34,"column":19},"end":{"line":34,"column":32}},"4":{"start":{"line":35,"column":42},"end":{"line":35,"column":75}},"5":{"start":{"line":37,"column":2},"end":{"line":42,"column":13}},"6":{"start":{"line":38,"column":4},"end":{"line":40,"column":5}},"7":{"start":{"line":39,"column":6},"end":{"line":39,"column":26}},"8":{"start":{"line":44,"column":28},"end":{"line":52,"column":3}},"9":{"start":{"line":45,"column":4},"end":{"line":51,"column":5}},"10":{"start":{"line":46,"column":6},"end":{"line":46,"column":23}},"11":{"start":{"line":47,"column":22},"end":{"line":47,"column":53}},"12":{"start":{"line":48,"column":6},"end":{"line":48,"column":31}},"13":{"start":{"line":50,"column":6},"end":{"line":50,"column":25}},"14":{"start":{"line":54,"column":46},"end":{"line":54,"column":78}},"15":{"start":{"line":56,"column":24},"end":{"line":111,"column":3}},"16":{"start":{"line":57,"column":4},"end":{"line":110,"column":5}},"17":{"start":{"line":58,"column":6},"end":{"line":58,"column":23}},"18":{"start":{"line":59,"column":21},"end":{"line":59,"column":48}},"19":{"start":{"line":62,"column":29},"end":{"line":62,"column":71}},"20":{"start":{"line":63,"column":6},"end":{"line":63,"column":54}},"21":{"start":{"line":64,"column":6},"end":{"line":64,"column":51}},"22":{"start":{"line":67,"column":6},"end":{"line":74,"column":7}},"23":{"start":{"line":68,"column":8},"end":{"line":73,"column":11}},"24":{"start":{"line":76,"column":23},"end":{"line":76,"column":24}},"25":{"start":{"line":77,"column":21},"end":{"line":77,"column":60}},"26":{"start":{"line":80,"column":22},"end":{"line":86,"column":8}},"27":{"start":{"line":88,"column":6},"end":{"line":93,"column":9}},"28":{"start":{"line":96,"column":6},"end":{"line":96,"column":53}},"29":{"start":{"line":96,"column":34},"end":{"line":96,"column":51}},"30":{"start":{"line":99,"column":6},"end":{"line":99,"column":32}},"31":{"start":{"line":101,"column":6},"end":{"line":104,"column":9}},"32":{"start":{"line":106,"column":6},"end":{"line":106,"column":20}},"33":{"start":{"line":108,"column":6},"end":{"line":108,"column":25}},"34":{"start":{"line":109,"column":6},"end":{"line":109,"column":15}},"35":{"start":{"line":113,"column":24},"end":{"line":115,"column":3}},"36":{"start":{"line":117,"column":2},"end":{"line":117,"column":25}},"37":{"start":{"line":117,"column":13},"end":{"line":117,"column":25}},"38":{"start":{"line":119,"column":2},"end":{"line":217,"column":4}},"39":{"start":{"line":152,"column":33},"end":{"line":152,"column":53}},"40":{"start":{"line":160,"column":33},"end":{"line":160,"column":42}}},"fnMap":{"0":{"name":"(anonymous_0)","decl":{"start":{"line":31,"column":13},"end":{"line":31,"column":14}},"loc":{"start":{"line":31,"column":19},"end":{"line":218,"column":1}},"line":31},"1":{"name":"(anonymous_1)","decl":{"start":{"line":37,"column":12},"end":{"line":37,"column":13}},"loc":{"start":{"line":37,"column":18},"end":{"line":42,"column":3}},"line":37},"2":{"name":"(anonymous_2)","decl":{"start":{"line":44,"column":28},"end":{"line":44,"column":29}},"loc":{"start":{"line":44,"column":40},"end":{"line":52,"column":3}},"line":44},"3":{"name":"(anonymous_3)","decl":{"start":{"line":56,"column":24},"end":{"line":56,"column":25}},"loc":{"start":{"line":56,"column":49},"end":{"line":111,"column":3}},"line":56},"4":{"name":"(anonymous_4)","decl":{"start":{"line":96,"column":24},"end":{"line":96,"column":25}},"loc":{"start":{"line":96,"column":34},"end":{"line":96,"column":51}},"line":96},"5":{"name":"(anonymous_5)","decl":{"start":{"line":113,"column":24},"end":{"line":113,"column":25}},"loc":{"start":{"line":113,"column":30},"end":{"line":115,"column":3}},"line":113},"6":{"name":"(anonymous_6)","decl":{"start":{"line":152,"column":27},"end":{"line":152,"column":28}},"loc":{"start":{"line":152,"column":33},"end":{"line":152,"column":53}},"line":152},"7":{"name":"(anonymous_7)","decl":{"start":{"line":160,"column":27},"end":{"line":160,"column":28}},"loc":{"start":{"line":160,"column":33},"end":{"line":160,"column":42}},"line":160}},"branchMap":{"0":{"loc":{"start":{"line":38,"column":4},"end":{"line":40,"column":5}},"type":"if","locations":[{"start":{"line":38,"column":4},"end":{"line":40,"column":5}},{"start":{},"end":{}}],"line":38},"1":{"loc":{"start":{"line":67,"column":6},"end":{"line":74,"column":7}},"type":"if","locations":[{"start":{"line":67,"column":6},"end":{"line":74,"column":7}},{"start":{},"end":{}}],"line":67},"2":{"loc":{"start":{"line":117,"column":2},"end":{"line":117,"column":25}},"type":"if","locations":[{"start":{"line":117,"column":2},"end":{"line":117,"column":25}},{"start":{},"end":{}}],"line":117},"3":{"loc":{"start":{"line":137,"column":21},"end":{"line":139,"column":34}},"type":"cond-expr","locations":[{"start":{"line":138,"column":24},"end":{"line":138,"column":76}},{"start":{"line":139,"column":24},"end":{"line":139,"column":34}}],"line":137},"4":{"loc":{"start":{"line":137,"column":21},"end":{"line":137,"column":70}},"type":"binary-expr","locations":[{"start":{"line":137,"column":21},"end":{"line":137,"column":44}},{"start":{"line":137,"column":48},"end":{"line":137,"column":70}}],"line":137},"5":{"loc":{"start":{"line":142,"column":17},"end":{"line":146,"column":17}},"type":"binary-expr","locations":[{"start":{"line":142,"column":17},"end":{"line":142,"column":38}},{"start":{"line":143,"column":18},"end":{"line":145,"column":25}}],"line":142}},"s":{"0":0,"1":0,"2":0,"3":0,"4":0,"5":0,"6":0,"7":0,"8":0,"9":0,"10":0,"11":0,"12":0,"13":0,"14":0,"15":0,"16":0,"17":0,"18":0,"19":0,"20":0,"21":0,"22":0,"23":0,"24":0,"25":0,"26":0,"27":0,"28":0,"29":0,"30":0,"31":0,"32":0,"33":0,"34":0,"35":0,"36":0,"37":0,"38":0,"39":0,"40":0},"f":{"0":0,"1":0,"2":0,"3":0,"4":0,"5":0,"6":0,"7":0},"b":{"0":[0,0],"1":[0,0],"2":[0,0],"3":[0,0],"4":[0,0],"5":[0,0]}}
,"/home/zimele-dubazana/eVuka-REWARDS-app/src/components/analytics/AnalyticsDashboard.tsx": {"path":"/home/zimele-dubazana/eVuka-REWARDS-app/src/components/analytics/AnalyticsDashboard.tsx","statementMap":{"0":{"start":{"line":22,"column":0},"end":{"line":32,"column":2}},"1":{"start":{"line":41,"column":34},"end":{"line":273,"column":1}},"2":{"start":{"line":43,"column":44},"end":{"line":43,"column":59}},"3":{"start":{"line":44,"column":32},"end":{"line":53,"column":4}},"4":{"start":{"line":56,"column":2},"end":{"line":69,"column":9}},"5":{"start":{"line":57,"column":37},"end":{"line":66,"column":5}},"6":{"start":{"line":58,"column":6},"end":{"line":65,"column":7}},"7":{"start":{"line":59,"column":29},"end":{"line":61,"column":39}},"8":{"start":{"line":62,"column":8},"end":{"line":62,"column":33}},"9":{"start":{"line":68,"column":4},"end":{"line":68,"column":31}},"10":{"start":{"line":72,"column":35},"end":{"line":79,"column":3}},"11":{"start":{"line":73,"column":4},"end":{"line":78,"column":5}},"12":{"start":{"line":74,"column":6},"end":{"line":74,"column":72}},"13":{"start":{"line":75,"column":6},"end":{"line":75,"column":30}},"14":{"start":{"line":82,"column":33},"end":{"line":88,"column":3}},"15":{"start":{"line":83,"column":4},"end":{"line":87,"column":6}},"16":{"start":{"line":85,"column":8},"end":{"line":85,"column":75}},"17":{"start":{"line":91,"column":21},"end":{"line":102,"column":3}},"18":{"start":{"line":104,"column":23},"end":{"line":118,"column":3}},"19":{"start":{"line":120,"column":23},"end":{"line":129,"column":3}},"20":{"start":{"line":132,"column":25},"end":{"line":134,"column":38}},"21":{"start":{"line":133,"column":24},"end":{"line":133,"column":38}},"22":{"start":{"line":134,"column":20},"end":{"line":134,"column":37}},"23":{"start":{"line":136,"column":2},"end":{"line":272,"column":4}},"24":{"start":{"line":144,"column":25},"end":{"line":144,"column":57}},"25":{"start":{"line":167,"column":14},"end":{"line":179,"column":20}},"26":{"start":{"line":175,"column":33},"end":{"line":175,"column":66}},"27":{"start":{"line":188,"column":36},"end":{"line":188,"column":60}},"28":{"start":{"line":209,"column":36},"end":{"line":209,"column":53}},"29":{"start":{"line":247,"column":36},"end":{"line":247,"column":62}}},"fnMap":{"0":{"name":"(anonymous_0)","decl":{"start":{"line":41,"column":34},"end":{"line":41,"column":35}},"loc":{"start":{"line":41,"column":40},"end":{"line":273,"column":1}},"line":41},"1":{"name":"(anonymous_1)","decl":{"start":{"line":56,"column":12},"end":{"line":56,"column":13}},"loc":{"start":{"line":56,"column":18},"end":{"line":69,"column":3}},"line":56},"2":{"name":"(anonymous_2)","decl":{"start":{"line":57,"column":37},"end":{"line":57,"column":38}},"loc":{"start":{"line":57,"column":49},"end":{"line":66,"column":5}},"line":57},"3":{"name":"(anonymous_3)","decl":{"start":{"line":72,"column":35},"end":{"line":72,"column":36}},"loc":{"start":{"line":72,"column":47},"end":{"line":79,"column":3}},"line":72},"4":{"name":"(anonymous_4)","decl":{"start":{"line":82,"column":33},"end":{"line":82,"column":34}},"loc":{"start":{"line":82,"column":49},"end":{"line":88,"column":3}},"line":82},"5":{"name":"(anonymous_5)","decl":{"start":{"line":84,"column":18},"end":{"line":84,"column":19}},"loc":{"start":{"line":85,"column":8},"end":{"line":85,"column":75}},"line":85},"6":{"name":"(anonymous_6)","decl":{"start":{"line":133,"column":12},"end":{"line":133,"column":13}},"loc":{"start":{"line":133,"column":24},"end":{"line":133,"column":38}},"line":133},"7":{"name":"(anonymous_7)","decl":{"start":{"line":134,"column":10},"end":{"line":134,"column":11}},"loc":{"start":{"line":134,"column":20},"end":{"line":134,"column":37}},"line":134},"8":{"name":"(anonymous_8)","decl":{"start":{"line":144,"column":19},"end":{"line":144,"column":20}},"loc":{"start":{"line":144,"column":25},"end":{"line":144,"column":57}},"line":144},"9":{"name":"(anonymous_9)","decl":{"start":{"line":166,"column":25},"end":{"line":166,"column":26}},"loc":{"start":{"line":167,"column":14},"end":{"line":179,"column":20}},"line":167},"10":{"name":"(anonymous_10)","decl":{"start":{"line":175,"column":27},"end":{"line":175,"column":28}},"loc":{"start":{"line":175,"column":33},"end":{"line":175,"column":66}},"line":175},"11":{"name":"(anonymous_11)","decl":{"start":{"line":188,"column":29},"end":{"line":188,"column":30}},"loc":{"start":{"line":188,"column":36},"end":{"line":188,"column":60}},"line":188},"12":{"name":"(anonymous_12)","decl":{"start":{"line":209,"column":29},"end":{"line":209,"column":30}},"loc":{"start":{"line":209,"column":36},"end":{"line":209,"column":53}},"line":209},"13":{"name":"(anonymous_13)","decl":{"start":{"line":247,"column":29},"end":{"line":247,"column":30}},"loc":{"start":{"line":247,"column":36},"end":{"line":247,"column":62}},"line":247}},"branchMap":{"0":{"loc":{"start":{"line":85,"column":8},"end":{"line":85,"column":75}},"type":"cond-expr","locations":[{"start":{"line":85,"column":27},"end":{"line":85,"column":66}},{"start":{"line":85,"column":69},"end":{"line":85,"column":75}}],"line":85},"1":{"loc":{"start":{"line":148,"column":11},"end":{"line":148,"column":47}},"type":"cond-expr","locations":[{"start":{"line":148,"column":27},"end":{"line":148,"column":33}},{"start":{"line":148,"column":36},"end":{"line":148,"column":47}}],"line":148},"2":{"loc":{"start":{"line":153,"column":7},"end":{"line":183,"column":7}},"type":"binary-expr","locations":[{"start":{"line":153,"column":7},"end":{"line":153,"column":20}},{"start":{"line":154,"column":8},"end":{"line":182,"column":15}}],"line":153},"3":{"loc":{"start":{"line":173,"column":27},"end":{"line":173,"column":65}},"type":"cond-expr","locations":[{"start":{"line":173,"column":44},"end":{"line":173,"column":53}},{"start":{"line":173,"column":56},"end":{"line":173,"column":65}}],"line":173},"4":{"loc":{"start":{"line":177,"column":19},"end":{"line":177,"column":56}},"type":"cond-expr","locations":[{"start":{"line":177,"column":36},"end":{"line":177,"column":45}},{"start":{"line":177,"column":48},"end":{"line":177,"column":56}}],"line":177},"5":{"loc":{"start":{"line":188,"column":9},"end":{"line":206,"column":9}},"type":"binary-expr","locations":[{"start":{"line":188,"column":9},"end":{"line":188,"column":61}},{"start":{"line":189,"column":10},"end":{"line":205,"column":16}}],"line":188},"6":{"loc":{"start":{"line":209,"column":9},"end":{"line":244,"column":9}},"type":"binary-expr","locations":[{"start":{"line":209,"column":9},"end":{"line":209,"column":54}},{"start":{"line":210,"column":10},"end":{"line":243,"column":17}}],"line":209},"7":{"loc":{"start":{"line":247,"column":9},"end":{"line":269,"column":9}},"type":"binary-expr","locations":[{"start":{"line":247,"column":9},"end":{"line":247,"column":63}},{"start":{"line":248,"column":10},"end":{"line":268,"column":17}}],"line":247}},"s":{"0":0,"1":0,"2":0,"3":0,"4":0,"5":0,"6":0,"7":0,"8":0,"9":0,"10":0,"11":0,"12":0,"13":0,"14":0,"15":0,"16":0,"17":0,"18":0,"19":0,"20":0,"21":0,"22":0,"23":0,"24":0,"25":0,"26":0,"27":0,"28":0,"29":0},"f":{"0":0,"1":0,"2":0,"3":0,"4":0,"5":0,"6":0,"7":0,"8":0,"9":0,"10":0,"11":0,"12":0,"13":0},"b":{"0":[0,0],"1":[0,0],"2":[0,0],"3":[0,0],"4":[0,0],"5":[0,0],"6":[0,0],"7":[0,0]}}
,"/home/zimele-dubazana/eVuka-REWARDS-app/src/components/analytics/PriceTrendsDashboard.tsx": {"path":"/home/zimele-dubazana/eVuka-REWARDS-app/src/components/analytics/PriceTrendsDashboard.tsx","statementMap":{"0":{"start":{"line":39,"column":0},"end":{"line":49,"column":2}},"1":{"start":{"line":76,"column":25},"end":{"line":151,"column":1}},"2":{"start":{"line":77,"column":21},"end":{"line":83,"column":3}},"3":{"start":{"line":84,"column":17},"end":{"line":91,"column":3}},"4":{"start":{"line":92,"column":19},"end":{"line":108,"column":3}},"5":{"start":{"line":110,"column":2},"end":{"line":150,"column":5}},"6":{"start":{"line":111,"column":21},"end":{"line":111,"column":78}},"7":{"start":{"line":112,"column":22},"end":{"line":112,"column":44}},"8":{"start":{"line":115,"column":38},"end":{"line":115,"column":40}},"9":{"start":{"line":116,"column":4},"end":{"line":131,"column":5}},"10":{"start":{"line":116,"column":17},"end":{"line":116,"column":18}},"11":{"start":{"line":117,"column":19},"end":{"line":117,"column":63}},"12":{"start":{"line":120,"column":6},"end":{"line":130,"column":9}},"13":{"start":{"line":122,"column":26},"end":{"line":122,"column":51}},"14":{"start":{"line":123,"column":22},"end":{"line":123,"column":43}},"15":{"start":{"line":125,"column":8},"end":{"line":129,"column":11}},"16":{"start":{"line":134,"column":19},"end":{"line":134,"column":57}},"17":{"start":{"line":134,"column":46},"end":{"line":134,"column":56}},"18":{"start":{"line":135,"column":24},"end":{"line":135,"column":43}},"19":{"start":{"line":136,"column":25},"end":{"line":136,"column":44}},"20":{"start":{"line":137,"column":25},"end":{"line":139,"column":5}},"21":{"start":{"line":138,"column":31},"end":{"line":138,"column":36}},"22":{"start":{"line":141,"column":4},"end":{"line":149,"column":6}},"23":{"start":{"line":153,"column":29},"end":{"line":644,"column":1}},"24":{"start":{"line":154,"column":21},"end":{"line":154,"column":64}},"25":{"start":{"line":156,"column":4},"end":{"line":156,"column":37}},"26":{"start":{"line":157,"column":48},"end":{"line":159,"column":3}},"27":{"start":{"line":160,"column":40},"end":{"line":160,"column":52}},"28":{"start":{"line":161,"column":50},"end":{"line":161,"column":73}},"29":{"start":{"line":162,"column":36},"end":{"line":162,"column":61}},"30":{"start":{"line":163,"column":40},"end":{"line":163,"column":63}},"31":{"start":{"line":166,"column":2},"end":{"line":188,"column":48}},"32":{"start":{"line":167,"column":19},"end":{"line":167,"column":27}},"33":{"start":{"line":169,"column":4},"end":{"line":173,"column":5}},"34":{"start":{"line":170,"column":6},"end":{"line":172,"column":8}},"35":{"start":{"line":171,"column":8},"end":{"line":171,"column":70}},"36":{"start":{"line":175,"column":4},"end":{"line":179,"column":5}},"37":{"start":{"line":176,"column":6},"end":{"line":178,"column":8}},"38":{"start":{"line":177,"column":21},"end":{"line":177,"column":58}},"39":{"start":{"line":181,"column":4},"end":{"line":181,"column":34}},"40":{"start":{"line":184,"column":4},"end":{"line":186,"column":5}},"41":{"start":{"line":185,"column":6},"end":{"line":185,"column":38}},"42":{"start":{"line":191,"column":21},"end":{"line":194,"column":3}},"43":{"start":{"line":193,"column":41},"end":{"line":193,"column":57}},"44":{"start":{"line":197,"column":17},"end":{"line":204,"column":3}},"45":{"start":{"line":201,"column":8},"end":{"line":201,"column":54}},"46":{"start":{"line":201,"column":43},"end":{"line":201,"column":53}},"47":{"start":{"line":207,"column":27},"end":{"line":262,"column":3}},"48":{"start":{"line":208,"column":4},"end":{"line":208,"column":38}},"49":{"start":{"line":208,"column":26},"end":{"line":208,"column":38}},"50":{"start":{"line":211,"column":26},"end":{"line":211,"column":54}},"51":{"start":{"line":212,"column":4},"end":{"line":216,"column":5}},"52":{"start":{"line":213,"column":6},"end":{"line":215,"column":8}},"53":{"start":{"line":214,"column":18},"end":{"line":214,"column":44}},"54":{"start":{"line":219,"column":4},"end":{"line":228,"column":5}},"55":{"start":{"line":220,"column":27},"end":{"line":220,"column":57}},"56":{"start":{"line":221,"column":25},"end":{"line":224,"column":7}},"57":{"start":{"line":225,"column":6},"end":{"line":227,"column":8}},"58":{"start":{"line":226,"column":18},"end":{"line":226,"column":41}},"59":{"start":{"line":231,"column":26},"end":{"line":241,"column":5}},"60":{"start":{"line":233,"column":8},"end":{"line":235,"column":9}},"61":{"start":{"line":234,"column":10},"end":{"line":234,"column":50}},"62":{"start":{"line":236,"column":8},"end":{"line":236,"column":43}},"63":{"start":{"line":237,"column":8},"end":{"line":237,"column":34}},"64":{"start":{"line":238,"column":8},"end":{"line":238,"column":19}},"65":{"start":{"line":244,"column":23},"end":{"line":244,"column":56}},"66":{"start":{"line":245,"column":26},"end":{"line":248,"column":6}},"67":{"start":{"line":246,"column":31},"end":{"line":246,"column":50}},"68":{"start":{"line":247,"column":6},"end":{"line":247,"column":52}},"69":{"start":{"line":250,"column":4},"end":{"line":261,"column":6}},"70":{"start":{"line":265,"column":33},"end":{"line":307,"column":3}},"71":{"start":{"line":266,"column":4},"end":{"line":266,"column":36}},"72":{"start":{"line":266,"column":26},"end":{"line":266,"column":36}},"73":{"start":{"line":269,"column":26},"end":{"line":269,"column":54}},"74":{"start":{"line":270,"column":4},"end":{"line":279,"column":5}},"75":{"start":{"line":271,"column":27},"end":{"line":271,"column":57}},"76":{"start":{"line":272,"column":25},"end":{"line":275,"column":7}},"77":{"start":{"line":276,"column":6},"end":{"line":278,"column":8}},"78":{"start":{"line":277,"column":18},"end":{"line":277,"column":41}},"79":{"start":{"line":282,"column":18},"end":{"line":282,"column":79}},"80":{"start":{"line":282,"column":60},"end":{"line":282,"column":69}},"81":{"start":{"line":283,"column":27},"end":{"line":283,"column":50}},"82":{"start":{"line":286,"column":22},"end":{"line":292,"column":9}},"83":{"start":{"line":287,"column":24},"end":{"line":287,"column":52}},"84":{"start":{"line":288,"column":22},"end":{"line":292,"column":7}},"85":{"start":{"line":296,"column":6},"end":{"line":296,"column":77}},"86":{"start":{"line":296,"column":38},"end":{"line":296,"column":54}},"87":{"start":{"line":299,"column":4},"end":{"line":306,"column":41}},"88":{"start":{"line":300,"column":22},"end":{"line":305,"column":7}},"89":{"start":{"line":306,"column":22},"end":{"line":306,"column":39}},"90":{"start":{"line":309,"column":20},"end":{"line":309,"column":38}},"91":{"start":{"line":310,"column":26},"end":{"line":310,"column":50}},"92":{"start":{"line":312,"column":2},"end":{"line":643,"column":4}},"93":{"start":{"line":344,"column":16},"end":{"line":346,"column":29}},"94":{"start":{"line":362,"column":33},"end":{"line":362,"column":63}},"95":{"start":{"line":369,"column":16},"end":{"line":378,"column":24}},"96":{"start":{"line":375,"column":33},"end":{"line":375,"column":62}},"97":{"start":{"line":384,"column":16},"end":{"line":394,"column":22}},"98":{"start":{"line":387,"column":33},"end":{"line":387,"column":60}},"99":{"start":{"line":449,"column":53},"end":{"line":449,"column":64}},"100":{"start":{"line":488,"column":34},"end":{"line":488,"column":74}},"101":{"start":{"line":519,"column":24},"end":{"line":555,"column":30}},"102":{"start":{"line":582,"column":28},"end":{"line":582,"column":48}},"103":{"start":{"line":583,"column":26},"end":{"line":583,"column":79}},"104":{"start":{"line":583,"column":60},"end":{"line":583,"column":69}},"105":{"start":{"line":584,"column":31},"end":{"line":584,"column":54}},"106":{"start":{"line":585,"column":33},"end":{"line":585,"column":56}},"107":{"start":{"line":587,"column":33},"end":{"line":589,"column":13}},"108":{"start":{"line":588,"column":24},"end":{"line":588,"column":48}},"109":{"start":{"line":590,"column":35},"end":{"line":592,"column":13}},"110":{"start":{"line":591,"column":24},"end":{"line":591,"column":50}},"111":{"start":{"line":595,"column":14},"end":{"line":596,"column":33}},"112":{"start":{"line":595,"column":49},"end":{"line":595,"column":65}},"113":{"start":{"line":598,"column":14},"end":{"line":599,"column":35}},"114":{"start":{"line":598,"column":51},"end":{"line":598,"column":67}},"115":{"start":{"line":601,"column":27},"end":{"line":601,"column":50}},"116":{"start":{"line":602,"column":34},"end":{"line":602,"column":62}},"117":{"start":{"line":604,"column":12},"end":{"line":634,"column":14}}},"fnMap":{"0":{"name":"(anonymous_0)","decl":{"start":{"line":76,"column":25},"end":{"line":76,"column":26}},"loc":{"start":{"line":76,"column":46},"end":{"line":151,"column":1}},"line":76},"1":{"name":"(anonymous_1)","decl":{"start":{"line":110,"column":22},"end":{"line":110,"column":23}},"loc":{"start":{"line":110,"column":42},"end":{"line":150,"column":3}},"line":110},"2":{"name":"(anonymous_2)","decl":{"start":{"line":120,"column":21},"end":{"line":120,"column":22}},"loc":{"start":{"line":120,"column":32},"end":{"line":130,"column":7}},"line":120},"3":{"name":"(anonymous_3)","decl":{"start":{"line":134,"column":36},"end":{"line":134,"column":37}},"loc":{"start":{"line":134,"column":46},"end":{"line":134,"column":56}},"line":134},"4":{"name":"(anonymous_4)","decl":{"start":{"line":138,"column":21},"end":{"line":138,"column":22}},"loc":{"start":{"line":138,"column":31},"end":{"line":138,"column":36}},"line":138},"5":{"name":"(anonymous_5)","decl":{"start":{"line":153,"column":29},"end":{"line":153,"column":30}},"loc":{"start":{"line":153,"column":35},"end":{"line":644,"column":1}},"line":153},"6":{"name":"(anonymous_6)","decl":{"start":{"line":166,"column":12},"end":{"line":166,"column":13}},"loc":{"start":{"line":166,"column":18},"end":{"line":188,"column":3}},"line":166},"7":{"name":"(anonymous_7)","decl":{"start":{"line":170,"column":33},"end":{"line":170,"column":34}},"loc":{"start":{"line":171,"column":8},"end":{"line":171,"column":70}},"line":171},"8":{"name":"(anonymous_8)","decl":{"start":{"line":177,"column":8},"end":{"line":177,"column":9}},"loc":{"start":{"line":177,"column":21},"end":{"line":177,"column":58}},"line":177},"9":{"name":"(anonymous_9)","decl":{"start":{"line":193,"column":28},"end":{"line":193,"column":29}},"loc":{"start":{"line":193,"column":41},"end":{"line":193,"column":57}},"line":193},"10":{"name":"(anonymous_10)","decl":{"start":{"line":200,"column":23},"end":{"line":200,"column":24}},"loc":{"start":{"line":201,"column":8},"end":{"line":201,"column":54}},"line":201},"11":{"name":"(anonymous_11)","decl":{"start":{"line":201,"column":33},"end":{"line":201,"column":34}},"loc":{"start":{"line":201,"column":43},"end":{"line":201,"column":53}},"line":201},"12":{"name":"(anonymous_12)","decl":{"start":{"line":207,"column":27},"end":{"line":207,"column":28}},"loc":{"start":{"line":207,"column":33},"end":{"line":262,"column":3}},"line":207},"13":{"name":"(anonymous_13)","decl":{"start":{"line":214,"column":8},"end":{"line":214,"column":9}},"loc":{"start":{"line":214,"column":18},"end":{"line":214,"column":44}},"line":214},"14":{"name":"(anonymous_14)","decl":{"start":{"line":226,"column":8},"end":{"line":226,"column":9}},"loc":{"start":{"line":226,"column":18},"end":{"line":226,"column":41}},"line":226},"15":{"name":"(anonymous_15)","decl":{"start":{"line":232,"column":6},"end":{"line":232,"column":7}},"loc":{"start":{"line":232,"column":21},"end":{"line":239,"column":7}},"line":232},"16":{"name":"(anonymous_16)","decl":{"start":{"line":245,"column":41},"end":{"line":245,"column":42}},"loc":{"start":{"line":245,"column":51},"end":{"line":248,"column":5}},"line":245},"17":{"name":"(anonymous_17)","decl":{"start":{"line":265,"column":33},"end":{"line":265,"column":34}},"loc":{"start":{"line":265,"column":39},"end":{"line":307,"column":3}},"line":265},"18":{"name":"(anonymous_18)","decl":{"start":{"line":277,"column":8},"end":{"line":277,"column":9}},"loc":{"start":{"line":277,"column":18},"end":{"line":277,"column":41}},"line":277},"19":{"name":"(anonymous_19)","decl":{"start":{"line":282,"column":50},"end":{"line":282,"column":51}},"loc":{"start":{"line":282,"column":60},"end":{"line":282,"column":69}},"line":282},"20":{"name":"(anonymous_20)","decl":{"start":{"line":287,"column":14},"end":{"line":287,"column":15}},"loc":{"start":{"line":287,"column":24},"end":{"line":287,"column":52}},"line":287},"21":{"name":"(anonymous_21)","decl":{"start":{"line":288,"column":11},"end":{"line":288,"column":12}},"loc":{"start":{"line":288,"column":22},"end":{"line":292,"column":7}},"line":288},"22":{"name":"(anonymous_22)","decl":{"start":{"line":296,"column":23},"end":{"line":296,"column":24}},"loc":{"start":{"line":296,"column":38},"end":{"line":296,"column":54}},"line":296},"23":{"name":"(anonymous_23)","decl":{"start":{"line":300,"column":11},"end":{"line":300,"column":12}},"loc":{"start":{"line":300,"column":22},"end":{"line":305,"column":7}},"line":300},"24":{"name":"(anonymous_24)","decl":{"start":{"line":306,"column":12},"end":{"line":306,"column":13}},"loc":{"start":{"line":306,"column":22},"end":{"line":306,"column":39}},"line":306},"25":{"name":"(anonymous_25)","decl":{"start":{"line":343,"column":26},"end":{"line":343,"column":27}},"loc":{"start":{"line":344,"column":16},"end":{"line":346,"column":29}},"line":344},"26":{"name":"(anonymous_26)","decl":{"start":{"line":362,"column":26},"end":{"line":362,"column":27}},"loc":{"start":{"line":362,"column":33},"end":{"line":362,"column":63}},"line":362},"27":{"name":"(anonymous_27)","decl":{"start":{"line":368,"column":30},"end":{"line":368,"column":31}},"loc":{"start":{"line":369,"column":16},"end":{"line":378,"column":24}},"line":369},"28":{"name":"(anonymous_28)","decl":{"start":{"line":375,"column":27},"end":{"line":375,"column":28}},"loc":{"start":{"line":375,"column":33},"end":{"line":375,"column":62}},"line":375},"29":{"name":"(anonymous_29)","decl":{"start":{"line":383,"column":36},"end":{"line":383,"column":37}},"loc":{"start":{"line":384,"column":16},"end":{"line":394,"column":22}},"line":384},"30":{"name":"(anonymous_30)","decl":{"start":{"line":387,"column":27},"end":{"line":387,"column":28}},"loc":{"start":{"line":387,"column":33},"end":{"line":387,"column":60}},"line":387},"31":{"name":"(anonymous_31)","decl":{"start":{"line":449,"column":42},"end":{"line":449,"column":43}},"loc":{"start":{"line":449,"column":53},"end":{"line":449,"column":64}},"line":449},"32":{"name":"(anonymous_32)","decl":{"start":{"line":487,"column":39},"end":{"line":487,"column":40}},"loc":{"start":{"line":488,"column":34},"end":{"line":488,"column":74}},"line":488},"33":{"name":"(anonymous_33)","decl":{"start":{"line":518,"column":43},"end":{"line":518,"column":44}},"loc":{"start":{"line":519,"column":24},"end":{"line":555,"column":30}},"line":519},"34":{"name":"(anonymous_34)","decl":{"start":{"line":580,"column":36},"end":{"line":580,"column":37}},"loc":{"start":{"line":580,"column":49},"end":{"line":635,"column":11}},"line":580},"35":{"name":"(anonymous_35)","decl":{"start":{"line":583,"column":50},"end":{"line":583,"column":51}},"loc":{"start":{"line":583,"column":60},"end":{"line":583,"column":69}},"line":583},"36":{"name":"(anonymous_36)","decl":{"start":{"line":588,"column":14},"end":{"line":588,"column":15}},"loc":{"start":{"line":588,"column":24},"end":{"line":588,"column":48}},"line":588},"37":{"name":"(anonymous_37)","decl":{"start":{"line":591,"column":14},"end":{"line":591,"column":15}},"loc":{"start":{"line":591,"column":24},"end":{"line":591,"column":50}},"line":591},"38":{"name":"(anonymous_38)","decl":{"start":{"line":595,"column":34},"end":{"line":595,"column":35}},"loc":{"start":{"line":595,"column":49},"end":{"line":595,"column":65}},"line":595},"39":{"name":"(anonymous_39)","decl":{"start":{"line":598,"column":36},"end":{"line":598,"column":37}},"loc":{"start":{"line":598,"column":51},"end":{"line":598,"column":67}},"line":598}},"branchMap":{"0":{"loc":{"start":{"line":169,"column":4},"end":{"line":173,"column":5}},"type":"if","locations":[{"start":{"line":169,"column":4},"end":{"line":173,"column":5}},{"start":{},"end":{}}],"line":169},"1":{"loc":{"start":{"line":175,"column":4},"end":{"line":179,"column":5}},"type":"if","locations":[{"start":{"line":175,"column":4},"end":{"line":179,"column":5}},{"start":{},"end":{}}],"line":175},"2":{"loc":{"start":{"line":184,"column":4},"end":{"line":186,"column":5}},"type":"if","locations":[{"start":{"line":184,"column":4},"end":{"line":186,"column":5}},{"start":{},"end":{}}],"line":184},"3":{"loc":{"start":{"line":184,"column":8},"end":{"line":184,"column":47}},"type":"binary-expr","locations":[{"start":{"line":184,"column":8},"end":{"line":184,"column":27}},{"start":{"line":184,"column":31},"end":{"line":184,"column":47}}],"line":184},"4":{"loc":{"start":{"line":208,"column":4},"end":{"line":208,"column":38}},"type":"if","locations":[{"start":{"line":208,"column":4},"end":{"line":208,"column":38}},{"start":{},"end":{}}],"line":208},"5":{"loc":{"start":{"line":212,"column":4},"end":{"line":216,"column":5}},"type":"if","locations":[{"start":{"line":212,"column":4},"end":{"line":216,"column":5}},{"start":{},"end":{}}],"line":212},"6":{"loc":{"start":{"line":219,"column":4},"end":{"line":228,"column":5}},"type":"if","locations":[{"start":{"line":219,"column":4},"end":{"line":228,"column":5}},{"start":{},"end":{}}],"line":219},"7":{"loc":{"start":{"line":220,"column":27},"end":{"line":220,"column":57}},"type":"cond-expr","locations":[{"start":{"line":220,"column":51},"end":{"line":220,"column":52}},{"start":{"line":220,"column":55},"end":{"line":220,"column":57}}],"line":220},"8":{"loc":{"start":{"line":233,"column":8},"end":{"line":235,"column":9}},"type":"if","locations":[{"start":{"line":233,"column":8},"end":{"line":235,"column":9}},{"start":{},"end":{}}],"line":233},"9":{"loc":{"start":{"line":266,"column":4},"end":{"line":266,"column":36}},"type":"if","locations":[{"start":{"line":266,"column":4},"end":{"line":266,"column":36}},{"start":{},"end":{}}],"line":266},"10":{"loc":{"start":{"line":270,"column":4},"end":{"line":279,"column":5}},"type":"if","locations":[{"start":{"line":270,"column":4},"end":{"line":279,"column":5}},{"start":{},"end":{}}],"line":270},"11":{"loc":{"start":{"line":271,"column":27},"end":{"line":271,"column":57}},"type":"cond-expr","locations":[{"start":{"line":271,"column":51},"end":{"line":271,"column":52}},{"start":{"line":271,"column":55},"end":{"line":271,"column":57}}],"line":271},"12":{"loc":{"start":{"line":345,"column":19},"end":{"line":345,"column":57}},"type":"cond-expr","locations":[{"start":{"line":345,"column":37},"end":{"line":345,"column":49}},{"start":{"line":345,"column":52},"end":{"line":345,"column":57}}],"line":345},"13":{"loc":{"start":{"line":372,"column":20},"end":{"line":372,"column":73}},"type":"cond-expr","locations":[{"start":{"line":372,"column":52},"end":{"line":372,"column":61}},{"start":{"line":372,"column":64},"end":{"line":372,"column":73}}],"line":372},"14":{"loc":{"start":{"line":377,"column":19},"end":{"line":377,"column":67}},"type":"cond-expr","locations":[{"start":{"line":377,"column":40},"end":{"line":377,"column":56}},{"start":{"line":377,"column":59},"end":{"line":377,"column":67}}],"line":377},"15":{"loc":{"start":{"line":386,"column":62},"end":{"line":386,"column":154}},"type":"cond-expr","locations":[{"start":{"line":386,"column":99},"end":{"line":386,"column":135}},{"start":{"line":386,"column":138},"end":{"line":386,"column":154}}],"line":386},"16":{"loc":{"start":{"line":397,"column":15},"end":{"line":401,"column":15}},"type":"binary-expr","locations":[{"start":{"line":397,"column":15},"end":{"line":397,"column":44}},{"start":{"line":398,"column":16},"end":{"line":400,"column":22}}],"line":397},"17":{"loc":{"start":{"line":408,"column":11},"end":{"line":570,"column":11}},"type":"cond-expr","locations":[{"start":{"line":409,"column":12},"end":{"line":565,"column":18}},{"start":{"line":567,"column":12},"end":{"line":569,"column":18}}],"line":408},"18":{"loc":{"start":{"line":438,"column":19},"end":{"line":512,"column":19}},"type":"cond-expr","locations":[{"start":{"line":439,"column":20},"end":{"line":507,"column":26}},{"start":{"line":509,"column":20},"end":{"line":511,"column":26}}],"line":438},"19":{"loc":{"start":{"line":516,"column":19},"end":{"line":562,"column":19}},"type":"cond-expr","locations":[{"start":{"line":517,"column":20},"end":{"line":557,"column":26}},{"start":{"line":559,"column":20},"end":{"line":561,"column":26}}],"line":516},"20":{"loc":{"start":{"line":526,"column":31},"end":{"line":542,"column":31}},"type":"binary-expr","locations":[{"start":{"line":526,"column":31},"end":{"line":526,"column":52}},{"start":{"line":527,"column":32},"end":{"line":541,"column":39}}],"line":526},"21":{"loc":{"start":{"line":528,"column":74},"end":{"line":528,"column":129}},"type":"cond-expr","locations":[{"start":{"line":528,"column":96},"end":{"line":528,"column":112}},{"start":{"line":528,"column":115},"end":{"line":528,"column":129}}],"line":528},"22":{"loc":{"start":{"line":530,"column":35},"end":{"line":540,"column":35}},"type":"cond-expr","locations":[{"start":{"line":531,"column":36},"end":{"line":534,"column":39}},{"start":{"line":536,"column":36},"end":{"line":539,"column":39}}],"line":530},"23":{"loc":{"start":{"line":549,"column":30},"end":{"line":549,"column":70}},"type":"cond-expr","locations":[{"start":{"line":549,"column":44},"end":{"line":549,"column":58}},{"start":{"line":549,"column":61},"end":{"line":549,"column":70}}],"line":549},"24":{"loc":{"start":{"line":613,"column":60},"end":{"line":613,"column":137}},"type":"cond-expr","locations":[{"start":{"line":613,"column":73},"end":{"line":613,"column":89}},{"start":{"line":613,"column":92},"end":{"line":613,"column":137}}],"line":613},"25":{"loc":{"start":{"line":613,"column":92},"end":{"line":613,"column":137}},"type":"cond-expr","locations":[{"start":{"line":613,"column":105},"end":{"line":613,"column":119}},{"start":{"line":613,"column":122},"end":{"line":613,"column":137}}],"line":613},"26":{"loc":{"start":{"line":615,"column":21},"end":{"line":627,"column":21}},"type":"cond-expr","locations":[{"start":{"line":616,"column":22},"end":{"line":616,"column":33}},{"start":{"line":617,"column":24},"end":{"line":627,"column":21}}],"line":615},"27":{"loc":{"start":{"line":617,"column":24},"end":{"line":627,"column":21}},"type":"cond-expr","locations":[{"start":{"line":618,"column":22},"end":{"line":621,"column":25}},{"start":{"line":623,"column":22},"end":{"line":626,"column":25}}],"line":617}},"s":{"0":0,"1":0,"2":0,"3":0,"4":0,"5":0,"6":0,"7":0,"8":0,"9":0,"10":0,"11":0,"12":0,"13":0,"14":0,"15":0,"16":0,"17":0,"18":0,"19":0,"20":0,"21":0,"22":0,"23":0,"24":0,"25":0,"26":0,"27":0,"28":0,"29":0,"30":0,"31":0,"32":0,"33":0,"34":0,"35":0,"36":0,"37":0,"38":0,"39":0,"40":0,"41":0,"42":0,"43":0,"44":0,"45":0,"46":0,"47":0,"48":0,"49":0,"50":0,"51":0,"52":0,"53":0,"54":0,"55":0,"56":0,"57":0,"58":0,"59":0,"60":0,"61":0,"62":0,"63":0,"64":0,"65":0,"66":0,"67":0,"68":0,"69":0,"70":0,"71":0,"72":0,"73":0,"74":0,"75":0,"76":0,"77":0,"78":0,"79":0,"80":0,"81":0,"82":0,"83":0,"84":0,"85":0,"86":0,"87":0,"88":0,"89":0,"90":0,"91":0,"92":0,"93":0,"94":0,"95":0,"96":0,"97":0,"98":0,"99":0,"100":0,"101":0,"102":0,"103":0,"104":0,"105":0,"106":0,"107":0,"108":0,"109":0,"110":0,"111":0,"112":0,"113":0,"114":0,"115":0,"116":0,"117":0},"f":{"0":0,"1":0,"2":0,"3":0,"4":0,"5":0,"6":0,"7":0,"8":0,"9":0,"10":0,"11":0,"12":0,"13":0,"14":0,"15":0,"16":0,"17":0,"18":0,"19":0,"20":0,"21":0,"22":0,"23":0,"24":0,"25":0,"26":0,"27":0,"28":0,"29":0,"30":0,"31":0,"32":0,"33":0,"34":0,"35":0,"36":0,"37":0,"38":0,"39":0},"b":{"0":[0,0],"1":[0,0],"2":[0,0],"3":[0,0],"4":[0,0],"5":[0,0],"6":[0,0],"7":[0,0],"8":[0,0],"9":[0,0],"10":[0,0],"11":[0,0],"12":[0,0],"13":[0,0],"14":[0,0],"15":[0,0],"16":[0,0],"17":[0,0],"18":[0,0],"19":[0,0],"20":[0,0],"21":[0,0],"22":[0,0],"23":[0,0],"24":[0,0],"25":[0,0],"26":[0,0],"27":[0,0]}}
,"/home/zimele-dubazana/eVuka-REWARDS-app/src/components/auth/AuthGuard.tsx": {"path":"/home/zimele-dubazana/eVuka-REWARDS-app/src/components/auth/AuthGuard.tsx","statementMap":{"0":{"start":{"line":6,"column":25},"end":{"line":21,"column":1}},"1":{"start":{"line":7,"column":28},"end":{"line":7,"column":37}},"2":{"start":{"line":8,"column":19},"end":{"line":8,"column":32}},"3":{"start":{"line":10,"column":2},"end":{"line":14,"column":32}},"4":{"start":{"line":11,"column":4},"end":{"line":13,"column":5}},"5":{"start":{"line":12,"column":6},"end":{"line":12,"column":30}},"6":{"start":{"line":16,"column":2},"end":{"line":18,"column":3}},"7":{"start":{"line":17,"column":4},"end":{"line":17,"column":30}},"8":{"start":{"line":20,"column":2},"end":{"line":20,"column":39}}},"fnMap":{"0":{"name":"(anonymous_0)","decl":{"start":{"line":6,"column":25},"end":{"line":6,"column":26}},"loc":{"start":{"line":6,"column":74},"end":{"line":21,"column":1}},"line":6},"1":{"name":"(anonymous_1)","decl":{"start":{"line":10,"column":12},"end":{"line":10,"column":13}},"loc":{"start":{"line":10,"column":18},"end":{"line":14,"column":3}},"line":10}},"branchMap":{"0":{"loc":{"start":{"line":11,"column":4},"end":{"line":13,"column":5}},"type":"if","locations":[{"start":{"line":11,"column":4},"end":{"line":13,"column":5}},{"start":{},"end":{}}],"line":11},"1":{"loc":{"start":{"line":11,"column":8},"end":{"line":11,"column":25}},"type":"binary-expr","locations":[{"start":{"line":11,"column":8},"end":{"line":11,"column":16}},{"start":{"line":11,"column":20},"end":{"line":11,"column":25}}],"line":11},"2":{"loc":{"start":{"line":16,"column":2},"end":{"line":18,"column":3}},"type":"if","locations":[{"start":{"line":16,"column":2},"end":{"line":18,"column":3}},{"start":{},"end":{}}],"line":16},"3":{"loc":{"start":{"line":20,"column":9},"end":{"line":20,"column":38}},"type":"cond-expr","locations":[{"start":{"line":20,"column":16},"end":{"line":20,"column":31}},{"start":{"line":20,"column":34},"end":{"line":20,"column":38}}],"line":20}},"s":{"0":0,"1":0,"2":0,"3":0,"4":0,"5":0,"6":0,"7":0,"8":0},"f":{"0":0,"1":0},"b":{"0":[0,0],"1":[0,0],"2":[0,0],"3":[0,0]}}
,"/home/zimele-dubazana/eVuka-REWARDS-app/src/components/auth/AuthTestHarness.tsx": {"path":"/home/zimele-dubazana/eVuka-REWARDS-app/src/components/auth/AuthTestHarness.tsx","statementMap":{"0":{"start":{"line":13,"column":34},"end":{"line":163,"column":1}},"1":{"start":{"line":14,"column":28},"end":{"line":14,"column":37}},"2":{"start":{"line":15,"column":36},"end":{"line":15,"column":54}},"3":{"start":{"line":16,"column":38},"end":{"line":19,"column":17}},"4":{"start":{"line":21,"column":18},"end":{"line":37,"column":3}},"5":{"start":{"line":22,"column":4},"end":{"line":22,"column":24}},"6":{"start":{"line":23,"column":4},"end":{"line":36,"column":5}},"7":{"start":{"line":24,"column":22},"end":{"line":24,"column":36}},"8":{"start":{"line":25,"column":6},"end":{"line":30,"column":9}},"9":{"start":{"line":32,"column":6},"end":{"line":35,"column":9}},"10":{"start":{"line":39,"column":33},"end":{"line":42,"column":3}},"11":{"start":{"line":41,"column":4},"end":{"line":41,"column":18}},"12":{"start":{"line":44,"column":22},"end":{"line":60,"column":3}},"13":{"start":{"line":45,"column":4},"end":{"line":51,"column":5}},"14":{"start":{"line":46,"column":6},"end":{"line":49,"column":9}},"15":{"start":{"line":50,"column":6},"end":{"line":50,"column":19}},"16":{"start":{"line":53,"column":4},"end":{"line":59,"column":5}},"17":{"start":{"line":54,"column":6},"end":{"line":54,"column":22}},"18":{"start":{"line":55,"column":6},"end":{"line":55,"column":18}},"19":{"start":{"line":57,"column":6},"end":{"line":57,"column":45}},"20":{"start":{"line":58,"column":6},"end":{"line":58,"column":19}},"21":{"start":{"line":62,"column":2},"end":{"line":162,"column":4}},"22":{"start":{"line":109,"column":18},"end":{"line":109,"column":72}},"23":{"start":{"line":116,"column":31},"end":{"line":116,"column":63}}},"fnMap":{"0":{"name":"(anonymous_0)","decl":{"start":{"line":13,"column":34},"end":{"line":13,"column":35}},"loc":{"start":{"line":13,"column":40},"end":{"line":163,"column":1}},"line":13},"1":{"name":"(anonymous_1)","decl":{"start":{"line":21,"column":18},"end":{"line":21,"column":19}},"loc":{"start":{"line":21,"column":78},"end":{"line":37,"column":3}},"line":21},"2":{"name":"(anonymous_2)","decl":{"start":{"line":39,"column":33},"end":{"line":39,"column":34}},"loc":{"start":{"line":39,"column":45},"end":{"line":42,"column":3}},"line":39},"3":{"name":"(anonymous_3)","decl":{"start":{"line":44,"column":22},"end":{"line":44,"column":23}},"loc":{"start":{"line":44,"column":34},"end":{"line":60,"column":3}},"line":44},"4":{"name":"(anonymous_4)","decl":{"start":{"line":108,"column":25},"end":{"line":108,"column":26}},"loc":{"start":{"line":109,"column":18},"end":{"line":109,"column":72}},"line":109},"5":{"name":"(anonymous_5)","decl":{"start":{"line":116,"column":25},"end":{"line":116,"column":26}},"loc":{"start":{"line":116,"column":31},"end":{"line":116,"column":63}},"line":116},"6":{"name":"(anonymous_6)","decl":{"start":{"line":150,"column":62},"end":{"line":150,"column":63}},"loc":{"start":{"line":150,"column":68},"end":{"line":150,"column":70}},"line":150}},"branchMap":{"0":{"loc":{"start":{"line":27,"column":17},"end":{"line":29,"column":38}},"type":"cond-expr","locations":[{"start":{"line":28,"column":12},"end":{"line":28,"column":38}},{"start":{"line":29,"column":12},"end":{"line":29,"column":38}}],"line":27},"1":{"loc":{"start":{"line":34,"column":47},"end":{"line":34,"column":101}},"type":"cond-expr","locations":[{"start":{"line":34,"column":72},"end":{"line":34,"column":85}},{"start":{"line":34,"column":88},"end":{"line":34,"column":101}}],"line":34},"2":{"loc":{"start":{"line":45,"column":4},"end":{"line":51,"column":5}},"type":"if","locations":[{"start":{"line":45,"column":4},"end":{"line":51,"column":5}},{"start":{},"end":{}}],"line":45},"3":{"loc":{"start":{"line":79,"column":49},"end":{"line":79,"column":68}},"type":"cond-expr","locations":[{"start":{"line":79,"column":56},"end":{"line":79,"column":61}},{"start":{"line":79,"column":64},"end":{"line":79,"column":68}}],"line":79},"4":{"loc":{"start":{"line":81,"column":15},"end":{"line":100,"column":15}},"type":"binary-expr","locations":[{"start":{"line":81,"column":15},"end":{"line":81,"column":19}},{"start":{"line":82,"column":16},"end":{"line":99,"column":19}}],"line":81},"5":{"loc":{"start":{"line":91,"column":21},"end":{"line":91,"column":59}},"type":"cond-expr","locations":[{"start":{"line":91,"column":47},"end":{"line":91,"column":52}},{"start":{"line":91,"column":55},"end":{"line":91,"column":59}}],"line":91},"6":{"loc":{"start":{"line":95,"column":21},"end":{"line":97,"column":29}},"type":"cond-expr","locations":[{"start":{"line":96,"column":24},"end":{"line":96,"column":71}},{"start":{"line":97,"column":24},"end":{"line":97,"column":29}}],"line":95},"7":{"loc":{"start":{"line":125,"column":11},"end":{"line":137,"column":11}},"type":"binary-expr","locations":[{"start":{"line":125,"column":11},"end":{"line":125,"column":21}},{"start":{"line":126,"column":12},"end":{"line":136,"column":20}}],"line":125},"8":{"loc":{"start":{"line":127,"column":23},"end":{"line":127,"column":69}},"type":"cond-expr","locations":[{"start":{"line":127,"column":44},"end":{"line":127,"column":53}},{"start":{"line":127,"column":56},"end":{"line":127,"column":69}}],"line":127},"9":{"loc":{"start":{"line":128,"column":25},"end":{"line":128,"column":71}},"type":"cond-expr","locations":[{"start":{"line":128,"column":46},"end":{"line":128,"column":59}},{"start":{"line":128,"column":62},"end":{"line":128,"column":71}}],"line":128},"10":{"loc":{"start":{"line":130,"column":15},"end":{"line":134,"column":15}},"type":"cond-expr","locations":[{"start":{"line":131,"column":16},"end":{"line":131,"column":66}},{"start":{"line":133,"column":16},"end":{"line":133,"column":51}}],"line":130},"11":{"loc":{"start":{"line":149,"column":11},"end":{"line":158,"column":11}},"type":"cond-expr","locations":[{"start":{"line":150,"column":12},"end":{"line":150,"column":74}},{"start":{"line":152,"column":12},"end":{"line":157,"column":20}}],"line":149}},"s":{"0":0,"1":0,"2":0,"3":0,"4":0,"5":0,"6":0,"7":0,"8":0,"9":0,"10":0,"11":0,"12":0,"13":0,"14":0,"15":0,"16":0,"17":0,"18":0,"19":0,"20":0,"21":0,"22":0,"23":0},"f":{"0":0,"1":0,"2":0,"3":0,"4":0,"5":0,"6":0},"b":{"0":[0,0],"1":[0,0],"2":[0,0],"3":[0,0],"4":[0,0],"5":[0,0],"6":[0,0],"7":[0,0],"8":[0,0],"9":[0,0],"10":[0,0],"11":[0,0]}}
,"/home/zimele-dubazana/eVuka-REWARDS-app/src/components/auth/EmailVerification.tsx": {"path":"/home/zimele-dubazana/eVuka-REWARDS-app/src/components/auth/EmailVerification.tsx","statementMap":{"0":{"start":{"line":10,"column":33},"end":{"line":146,"column":1}},"1":{"start":{"line":11,"column":25},"end":{"line":11,"column":42}},"2":{"start":{"line":12,"column":16},"end":{"line":12,"column":41}},"3":{"start":{"line":13,"column":36},"end":{"line":13,"column":53}},"4":{"start":{"line":14,"column":34},"end":{"line":14,"column":49}},"5":{"start":{"line":15,"column":28},"end":{"line":15,"column":57}},"6":{"start":{"line":16,"column":44},"end":{"line":16,"column":59}},"7":{"start":{"line":17,"column":44},"end":{"line":17,"column":59}},"8":{"start":{"line":18,"column":57},"end":{"line":18,"column":66}},"9":{"start":{"line":19,"column":19},"end":{"line":19,"column":32}},"10":{"start":{"line":21,"column":2},"end":{"line":40,"column":27}},"11":{"start":{"line":22,"column":19},"end":{"line":37,"column":5}},"12":{"start":{"line":23,"column":6},"end":{"line":36,"column":7}},"13":{"start":{"line":24,"column":8},"end":{"line":33,"column":9}},"14":{"start":{"line":25,"column":10},"end":{"line":25,"column":35}},"15":{"start":{"line":26,"column":10},"end":{"line":26,"column":28}},"16":{"start":{"line":28,"column":10},"end":{"line":30,"column":12}},"17":{"start":{"line":32,"column":10},"end":{"line":32,"column":30}},"18":{"start":{"line":35,"column":8},"end":{"line":35,"column":28}},"19":{"start":{"line":39,"column":4},"end":{"line":39,"column":13}},"20":{"start":{"line":42,"column":35},"end":{"line":59,"column":3}},"21":{"start":{"line":43,"column":4},"end":{"line":43,"column":27}},"22":{"start":{"line":44,"column":4},"end":{"line":44,"column":19}},"23":{"start":{"line":45,"column":4},"end":{"line":45,"column":28}},"24":{"start":{"line":47,"column":4},"end":{"line":58,"column":5}},"25":{"start":{"line":48,"column":6},"end":{"line":48,"column":38}},"26":{"start":{"line":49,"column":6},"end":{"line":49,"column":29}},"27":{"start":{"line":51,"column":6},"end":{"line":55,"column":8}},"28":{"start":{"line":57,"column":6},"end":{"line":57,"column":30}},"29":{"start":{"line":61,"column":2},"end":{"line":73,"column":3}},"30":{"start":{"line":62,"column":4},"end":{"line":72,"column":6}},"31":{"start":{"line":75,"column":2},"end":{"line":91,"column":3}},"32":{"start":{"line":76,"column":4},"end":{"line":90,"column":6}},"33":{"start":{"line":85,"column":33},"end":{"line":85,"column":46}},"34":{"start":{"line":93,"column":2},"end":{"line":145,"column":4}},"35":{"start":{"line":140,"column":49},"end":{"line":140,"column":72}}},"fnMap":{"0":{"name":"(anonymous_0)","decl":{"start":{"line":10,"column":33},"end":{"line":10,"column":34}},"loc":{"start":{"line":10,"column":39},"end":{"line":146,"column":1}},"line":10},"1":{"name":"(anonymous_1)","decl":{"start":{"line":21,"column":12},"end":{"line":21,"column":13}},"loc":{"start":{"line":21,"column":18},"end":{"line":40,"column":3}},"line":21},"2":{"name":"(anonymous_2)","decl":{"start":{"line":22,"column":19},"end":{"line":22,"column":20}},"loc":{"start":{"line":22,"column":31},"end":{"line":37,"column":5}},"line":22},"3":{"name":"(anonymous_3)","decl":{"start":{"line":42,"column":35},"end":{"line":42,"column":36}},"loc":{"start":{"line":42,"column":47},"end":{"line":59,"column":3}},"line":42},"4":{"name":"(anonymous_4)","decl":{"start":{"line":85,"column":27},"end":{"line":85,"column":28}},"loc":{"start":{"line":85,"column":33},"end":{"line":85,"column":46}},"line":85},"5":{"name":"(anonymous_5)","decl":{"start":{"line":140,"column":43},"end":{"line":140,"column":44}},"loc":{"start":{"line":140,"column":49},"end":{"line":140,"column":72}},"line":140}},"branchMap":{"0":{"loc":{"start":{"line":23,"column":6},"end":{"line":36,"column":7}},"type":"if","locations":[{"start":{"line":23,"column":6},"end":{"line":36,"column":7}},{"start":{"line":34,"column":13},"end":{"line":36,"column":7}}],"line":23},"1":{"loc":{"start":{"line":29,"column":12},"end":{"line":29,"column":73}},"type":"cond-expr","locations":[{"start":{"line":29,"column":35},"end":{"line":29,"column":46}},{"start":{"line":29,"column":49},"end":{"line":29,"column":73}}],"line":29},"2":{"loc":{"start":{"line":52,"column":8},"end":{"line":54,"column":49}},"type":"cond-expr","locations":[{"start":{"line":53,"column":12},"end":{"line":53,"column":23}},{"start":{"line":54,"column":12},"end":{"line":54,"column":49}}],"line":52},"3":{"loc":{"start":{"line":61,"column":2},"end":{"line":73,"column":3}},"type":"if","locations":[{"start":{"line":61,"column":2},"end":{"line":73,"column":3}},{"start":{},"end":{}}],"line":61},"4":{"loc":{"start":{"line":75,"column":2},"end":{"line":91,"column":3}},"type":"if","locations":[{"start":{"line":75,"column":2},"end":{"line":91,"column":3}},{"start":{},"end":{}}],"line":75},"5":{"loc":{"start":{"line":102,"column":9},"end":{"line":106,"column":9}},"type":"binary-expr","locations":[{"start":{"line":102,"column":9},"end":{"line":102,"column":14}},{"start":{"line":103,"column":10},"end":{"line":105,"column":18}}],"line":102},"6":{"loc":{"start":{"line":108,"column":9},"end":{"line":114,"column":9}},"type":"binary-expr","locations":[{"start":{"line":108,"column":9},"end":{"line":108,"column":22}},{"start":{"line":109,"column":10},"end":{"line":113,"column":18}}],"line":108},"7":{"loc":{"start":{"line":117,"column":11},"end":{"line":119,"column":119}},"type":"cond-expr","locations":[{"start":{"line":118,"column":14},"end":{"line":118,"column":110}},{"start":{"line":119,"column":14},"end":{"line":119,"column":119}}],"line":117},"8":{"loc":{"start":{"line":127,"column":11},"end":{"line":137,"column":11}},"type":"cond-expr","locations":[{"start":{"line":128,"column":12},"end":{"line":131,"column":15}},{"start":{"line":133,"column":12},"end":{"line":136,"column":15}}],"line":127}},"s":{"0":0,"1":0,"2":0,"3":0,"4":0,"5":0,"6":0,"7":0,"8":0,"9":0,"10":0,"11":0,"12":0,"13":0,"14":0,"15":0,"16":0,"17":0,"18":0,"19":0,"20":0,"21":0,"22":0,"23":0,"24":0,"25":0,"26":0,"27":0,"28":0,"29":0,"30":0,"31":0,"32":0,"33":0,"34":0,"35":0},"f":{"0":0,"1":0,"2":0,"3":0,"4":0,"5":0},"b":{"0":[0,0],"1":[0,0],"2":[0,0],"3":[0,0],"4":[0,0],"5":[0,0],"6":[0,0],"7":[0,0],"8":[0,0]}}
,"/home/zimele-dubazana/eVuka-REWARDS-app/src/components/auth/LoginForm.tsx": {"path":"/home/zimele-dubazana/eVuka-REWARDS-app/src/components/auth/LoginForm.tsx","statementMap":{"0":{"start":{"line":14,"column":35},"end":{"line":209,"column":1}},"1":{"start":{"line":15,"column":51},"end":{"line":15,"column":60}},"2":{"start":{"line":16,"column":28},"end":{"line":16,"column":40}},"3":{"start":{"line":17,"column":34},"end":{"line":17,"column":46}},"4":{"start":{"line":18,"column":32},"end":{"line":18,"column":47}},"5":{"start":{"line":19,"column":28},"end":{"line":19,"column":57}},"6":{"start":{"line":20,"column":32},"end":{"line":20,"column":47}},"7":{"start":{"line":21,"column":30},"end":{"line":21,"column":59}},"8":{"start":{"line":22,"column":46},"end":{"line":22,"column":75}},"9":{"start":{"line":23,"column":19},"end":{"line":23,"column":32}},"10":{"start":{"line":24,"column":19},"end":{"line":24,"column":32}},"11":{"start":{"line":27,"column":2},"end":{"line":35,"column":27}},"12":{"start":{"line":28,"column":19},"end":{"line":28,"column":55}},"13":{"start":{"line":29,"column":20},"end":{"line":29,"column":41}},"14":{"start":{"line":30,"column":4},"end":{"line":34,"column":5}},"15":{"start":{"line":31,"column":6},"end":{"line":31,"column":53}},"16":{"start":{"line":33,"column":6},"end":{"line":33,"column":53}},"17":{"start":{"line":38,"column":2},"end":{"line":41,"column":19}},"18":{"start":{"line":39,"column":4},"end":{"line":39,"column":17}},"19":{"start":{"line":40,"column":4},"end":{"line":40,"column":30}},"20":{"start":{"line":40,"column":17},"end":{"line":40,"column":29}},"21":{"start":{"line":44,"column":2},"end":{"line":48,"column":18}},"22":{"start":{"line":45,"column":4},"end":{"line":47,"column":5}},"23":{"start":{"line":46,"column":6},"end":{"line":46,"column":26}},"24":{"start":{"line":50,"column":23},"end":{"line":106,"column":3}},"25":{"start":{"line":51,"column":4},"end":{"line":51,"column":23}},"26":{"start":{"line":52,"column":4},"end":{"line":52,"column":21}},"27":{"start":{"line":53,"column":4},"end":{"line":53,"column":19}},"28":{"start":{"line":54,"column":4},"end":{"line":54,"column":28}},"29":{"start":{"line":56,"column":4},"end":{"line":56,"column":65}},"30":{"start":{"line":59,"column":4},"end":{"line":63,"column":5}},"31":{"start":{"line":60,"column":6},"end":{"line":60,"column":55}},"32":{"start":{"line":61,"column":6},"end":{"line":61,"column":24}},"33":{"start":{"line":62,"column":6},"end":{"line":62,"column":13}},"34":{"start":{"line":66,"column":23},"end":{"line":66,"column":73}},"35":{"start":{"line":67,"column":4},"end":{"line":71,"column":5}},"36":{"start":{"line":68,"column":6},"end":{"line":68,"column":53}},"37":{"start":{"line":69,"column":6},"end":{"line":69,"column":24}},"38":{"start":{"line":70,"column":6},"end":{"line":70,"column":13}},"39":{"start":{"line":73,"column":4},"end":{"line":105,"column":5}},"40":{"start":{"line":74,"column":21},"end":{"line":74,"column":71}},"41":{"start":{"line":76,"column":6},"end":{"line":83,"column":7}},"42":{"start":{"line":77,"column":8},"end":{"line":77,"column":54}},"43":{"start":{"line":78,"column":8},"end":{"line":81,"column":11}},"44":{"start":{"line":82,"column":8},"end":{"line":82,"column":15}},"45":{"start":{"line":85,"column":6},"end":{"line":94,"column":7}},"46":{"start":{"line":86,"column":8},"end":{"line":86,"column":77}},"47":{"start":{"line":87,"column":8},"end":{"line":87,"column":38}},"48":{"start":{"line":88,"column":8},"end":{"line":88,"column":25}},"49":{"start":{"line":91,"column":8},"end":{"line":91,"column":21}},"50":{"start":{"line":92,"column":8},"end":{"line":92,"column":24}},"51":{"start":{"line":93,"column":8},"end":{"line":93,"column":72}},"52":{"start":{"line":97,"column":8},"end":{"line":97,"column":64}},"53":{"start":{"line":98,"column":6},"end":{"line":98,"column":29}},"54":{"start":{"line":99,"column":6},"end":{"line":102,"column":9}},"55":{"start":{"line":104,"column":6},"end":{"line":104,"column":24}},"56":{"start":{"line":108,"column":2},"end":{"line":208,"column":4}},"57":{"start":{"line":114,"column":27},"end":{"line":114,"column":40}},"58":{"start":{"line":143,"column":33},"end":{"line":143,"column":57}},"59":{"start":{"line":158,"column":33},"end":{"line":158,"column":60}},"60":{"start":{"line":170,"column":31},"end":{"line":170,"column":63}},"61":{"start":{"line":197,"column":31},"end":{"line":197,"column":57}}},"fnMap":{"0":{"name":"(anonymous_0)","decl":{"start":{"line":14,"column":35},"end":{"line":14,"column":36}},"loc":{"start":{"line":14,"column":41},"end":{"line":209,"column":1}},"line":14},"1":{"name":"(anonymous_1)","decl":{"start":{"line":27,"column":12},"end":{"line":27,"column":13}},"loc":{"start":{"line":27,"column":18},"end":{"line":35,"column":3}},"line":27},"2":{"name":"(anonymous_2)","decl":{"start":{"line":38,"column":12},"end":{"line":38,"column":13}},"loc":{"start":{"line":38,"column":18},"end":{"line":41,"column":3}},"line":38},"3":{"name":"(anonymous_3)","decl":{"start":{"line":40,"column":11},"end":{"line":40,"column":12}},"loc":{"start":{"line":40,"column":17},"end":{"line":40,"column":29}},"line":40},"4":{"name":"(anonymous_4)","decl":{"start":{"line":44,"column":12},"end":{"line":44,"column":13}},"loc":{"start":{"line":44,"column":18},"end":{"line":48,"column":3}},"line":44},"5":{"name":"(anonymous_5)","decl":{"start":{"line":50,"column":23},"end":{"line":50,"column":24}},"loc":{"start":{"line":50,"column":53},"end":{"line":106,"column":3}},"line":50},"6":{"name":"(anonymous_6)","decl":{"start":{"line":114,"column":21},"end":{"line":114,"column":22}},"loc":{"start":{"line":114,"column":27},"end":{"line":114,"column":40}},"line":114},"7":{"name":"(anonymous_7)","decl":{"start":{"line":143,"column":26},"end":{"line":143,"column":27}},"loc":{"start":{"line":143,"column":33},"end":{"line":143,"column":57}},"line":143},"8":{"name":"(anonymous_8)","decl":{"start":{"line":158,"column":26},"end":{"line":158,"column":27}},"loc":{"start":{"line":158,"column":33},"end":{"line":158,"column":60}},"line":158},"9":{"name":"(anonymous_9)","decl":{"start":{"line":170,"column":25},"end":{"line":170,"column":26}},"loc":{"start":{"line":170,"column":31},"end":{"line":170,"column":63}},"line":170},"10":{"name":"(anonymous_10)","decl":{"start":{"line":197,"column":25},"end":{"line":197,"column":26}},"loc":{"start":{"line":197,"column":31},"end":{"line":197,"column":57}},"line":197}},"branchMap":{"0":{"loc":{"start":{"line":30,"column":4},"end":{"line":34,"column":5}},"type":"if","locations":[{"start":{"line":30,"column":4},"end":{"line":34,"column":5}},{"start":{},"end":{}}],"line":30},"1":{"loc":{"start":{"line":45,"column":4},"end":{"line":47,"column":5}},"type":"if","locations":[{"start":{"line":45,"column":4},"end":{"line":47,"column":5}},{"start":{},"end":{}}],"line":45},"2":{"loc":{"start":{"line":59,"column":4},"end":{"line":63,"column":5}},"type":"if","locations":[{"start":{"line":59,"column":4},"end":{"line":63,"column":5}},{"start":{},"end":{}}],"line":59},"3":{"loc":{"start":{"line":59,"column":8},"end":{"line":59,"column":34}},"type":"binary-expr","locations":[{"start":{"line":59,"column":8},"end":{"line":59,"column":21}},{"start":{"line":59,"column":25},"end":{"line":59,"column":34}}],"line":59},"4":{"loc":{"start":{"line":67,"column":4},"end":{"line":71,"column":5}},"type":"if","locations":[{"start":{"line":67,"column":4},"end":{"line":71,"column":5}},{"start":{},"end":{}}],"line":67},"5":{"loc":{"start":{"line":76,"column":6},"end":{"line":83,"column":7}},"type":"if","locations":[{"start":{"line":76,"column":6},"end":{"line":83,"column":7}},{"start":{},"end":{}}],"line":76},"6":{"loc":{"start":{"line":77,"column":17},"end":{"line":77,"column":52}},"type":"binary-expr","locations":[{"start":{"line":77,"column":17},"end":{"line":77,"column":29}},{"start":{"line":77,"column":33},"end":{"line":77,"column":52}}],"line":77},"7":{"loc":{"start":{"line":85,"column":6},"end":{"line":94,"column":7}},"type":"if","locations":[{"start":{"line":85,"column":6},"end":{"line":94,"column":7}},{"start":{"line":89,"column":13},"end":{"line":94,"column":7}}],"line":85},"8":{"
[...]
,"/home/zimele-dubazana/eVuka-REWARDS-app/src/stories/label.stories.tsx": {"path":"/home/zimele-dubazana/eVuka-REWARDS-app/src/stories/label.stories.tsx","statementMap":{"0":{"start":{"line":4,"column":13},"end":{"line":9,"column":1}},"1":{"start":{"line":12,"column":20},"end":{"line":15,"column":1}},"2":{"start":{"line":13,"column":16},"end":{"line":13,"column":65}}},"fnMap":{"0":{"name":"(anonymous_0)","decl":{"start":{"line":13,"column":10},"end":{"line":13,"column":11}},"loc":{"start":{"line":13,"column":16},"end":{"line":13,"column":65}},"line":13}},"branchMap":{},"s":{"0":0,"1":0,"2":0},"f":{"0":0},"b":{}}
,"/home/zimele-dubazana/eVuka-REWARDS-app/src/stories/menubar.stories.tsx": {"path":"/home/zimele-dubazana/eVuka-REWARDS-app/src/stories/menubar.stories.tsx","statementMap":{"0":{"start":{"line":18,"column":13},"end":{"line":23,"column":1}},"1":{"start":{"line":26,"column":20},"end":{"line":117,"column":1}},"2":{"start":{"line":28,"column":4},"end":{"line":114,"column":14}},"3":{"start":{"line":120,"column":2},"end":{"line":120,"column":8}}},"fnMap":{"0":{"name":"(anonymous_0)","decl":{"start":{"line":27,"column":10},"end":{"line":27,"column":11}},"loc":{"start":{"line":28,"column":4},"end":{"line":114,"column":14}},"line":28}},"branchMap":{},"s":{"0":0,"1":0,"2":0,"3":0},"f":{"0":0},"b":{}}
,"/home/zimele-dubazana/eVuka-REWARDS-app/src/stories/navigation-menu.stories.tsx": {"path":"/home/zimele-dubazana/eVuka-REWARDS-app/src/stories/navigation-menu.stories.tsx","statementMap":{"0":{"start":{"line":13,"column":13},"end":{"line":18,"column":1}},"1":{"start":{"line":21,"column":20},"end":{"line":236,"column":1}},"2":{"start":{"line":23,"column":4},"end":{"line":233,"column":6}}},"fnMap":{"0":{"name":"(anonymous_0)","decl":{"start":{"line":22,"column":10},"end":{"line":22,"column":11}},"loc":{"start":{"line":22,"column":16},"end":{"line":234,"column":3}},"line":22}},"branchMap":{},"s":{"0":0,"1":0,"2":0},"f":{"0":0},"b":{}}
,"/home/zimele-dubazana/eVuka-REWARDS-app/src/stories/notification-preferences.stories.tsx": {"path":"/home/zimele-dubazana/eVuka-REWARDS-app/src/stories/notification-preferences.stories.tsx","statementMap":{"0":{"start":{"line":4,"column":51},"end":{"line":11,"column":1}},"1":{"start":{"line":16,"column":30},"end":{"line":16,"column":32}},"2":{"start":{"line":18,"column":44},"end":{"line":41,"column":1}},"3":{"start":{"line":43,"column":38},"end":{"line":48,"column":1}}},"fnMap":{},"branchMap":{},"s":{"0":0,"1":0,"2":0,"3":0},"f":{},"b":{}}
,"/home/zimele-dubazana/eVuka-REWARDS-app/src/stories/pagination.stories.tsx": {"path":"/home/zimele-dubazana/eVuka-REWARDS-app/src/stories/pagination.stories.tsx","statementMap":{"0":{"start":{"line":11,"column":13},"end":{"line":16,"column":1}},"1":{"start":{"line":19,"column":20},"end":{"line":45,"column":1}},"2":{"start":{"line":21,"column":4},"end":{"line":42,"column":17}}},"fnMap":{"0":{"name":"(anonymous_0)","decl":{"start":{"line":20,"column":10},"end":{"line":20,"column":11}},"loc":{"start":{"line":21,"column":4},"end":{"line":42,"column":17}},"line":21}},"branchMap":{},"s":{"0":0,"1":0,"2":0},"f":{"0":0},"b":{}}
,"/home/zimele-dubazana/eVuka-REWARDS-app/src/stories/popover.stories.tsx": {"path":"/home/zimele-dubazana/eVuka-REWARDS-app/src/stories/popover.stories.tsx","statementMap":{"0":{"start":{"line":13,"column":13},"end":{"line":18,"column":1}},"1":{"start":{"line":21,"column":20},"end":{"line":77,"column":1}},"2":{"start":{"line":23,"column":4},"end":{"line":74,"column":14}}},"fnMap":{"0":{"name":"(anonymous_0)","decl":{"start":{"line":22,"column":10},"end":{"line":22,"column":11}},"loc":{"start":{"line":23,"column":4},"end":{"line":74,"column":14}},"line":23}},"branchMap":{},"s":{"0":0,"1":0,"2":0},"f":{"0":0},"b":{}}
,"/home/zimele-dubazana/eVuka-REWARDS-app/src/stories/progress.stories.tsx": {"path":"/home/zimele-dubazana/eVuka-REWARDS-app/src/stories/progress.stories.tsx","statementMap":{"0":{"start":{"line":4,"column":13},"end":{"line":9,"column":1}},"1":{"start":{"line":12,"column":20},"end":{"line":15,"column":1}},"2":{"start":{"line":13,"column":16},"end":{"line":13,"column":39}}},"fnMap":{"0":{"name":"(anonymous_0)","decl":{"start":{"line":13,"column":10},"end":{"line":13,"column":11}},"loc":{"start":{"line":13,"column":16},"end":{"line":13,"column":39}},"line":13}},"branchMap":{},"s":{"0":0,"1":0,"2":0},"f":{"0":0},"b":{}}
,"/home/zimele-dubazana/eVuka-REWARDS-app/src/stories/radio-group.stories.tsx": {"path":"/home/zimele-dubazana/eVuka-REWARDS-app/src/stories/radio-group.stories.tsx","statementMap":{"0":{"start":{"line":5,"column":13},"end":{"line":10,"column":1}},"1":{"start":{"line":13,"column":20},"end":{"line":31,"column":1}},"2":{"start":{"line":15,"column":4},"end":{"line":28,"column":17}}},"fnMap":{"0":{"name":"(anonymous_0)","decl":{"start":{"line":14,"column":10},"end":{"line":14,"column":11}},"loc":{"start":{"line":15,"column":4},"end":{"line":28,"column":17}},"line":15}},"branchMap":{},"s":{"0":0,"1":0,"2":0},"f":{"0":0},"b":{}}
,"/home/zimele-dubazana/eVuka-REWARDS-app/src/stories/resizable.stories.tsx": {"path":"/home/zimele-dubazana/eVuka-REWARDS-app/src/stories/resizable.stories.tsx","statementMap":{"0":{"start":{"line":7,"column":12},"end":{"line":12,"column":1}},"1":{"start":{"line":15,"column":20},"end":{"line":46,"column":1}},"2":{"start":{"line":17,"column":4},"end":{"line":43,"column":26}}},"fnMap":{"0":{"name":"(anonymous_0)","decl":{"start":{"line":16,"column":10},"end":{"line":16,"column":11}},"loc":{"start":{"line":17,"column":4},"end":{"line":43,"column":26}},"line":17}},"branchMap":{},"s":{"0":0,"1":0,"2":0},"f":{"0":0},"b":{}}
,"/home/zimele-dubazana/eVuka-REWARDS-app/src/stories/scroll-area.stories.tsx": {"path":"/home/zimele-dubazana/eVuka-REWARDS-app/src/stories/scroll-area.stories.tsx","statementMap":{"0":{"start":{"line":7,"column":13},"end":{"line":12,"column":1}},"1":{"start":{"line":15,"column":20},"end":{"line":34,"column":1}},"2":{"start":{"line":17,"column":4},"end":{"line":31,"column":17}},"3":{"start":{"line":21,"column":28},"end":{"line":21,"column":57}},"4":{"start":{"line":23,"column":12},"end":{"line":28,"column":29}}},"fnMap":{"0":{"name":"(anonymous_0)","decl":{"start":{"line":16,"column":10},"end":{"line":16,"column":11}},"loc":{"start":{"line":17,"column":4},"end":{"line":31,"column":17}},"line":17},"1":{"name":"(anonymous_1)","decl":{"start":{"line":21,"column":15},"end":{"line":21,"column":16}},"loc":{"start":{"line":21,"column":28},"end":{"line":21,"column":57}},"line":21},"2":{"name":"(anonymous_2)","decl":{"start":{"line":22,"column":15},"end":{"line":22,"column":16}},"loc":{"start":{"line":23,"column":12},"end":{"line":28,"column":29}},"line":23}},"branchMap":{},"s":{"0":0,"1":0,"2":0,"3":0,"4":0},"f":{"0":0,"1":0,"2":0},"b":{}}
,"/home/zimele-dubazana/eVuka-REWARDS-app/src/stories/select.stories.tsx": {"path":"/home/zimele-dubazana/eVuka-REWARDS-app/src/stories/select.stories.tsx","statementMap":{"0":{"start":{"line":13,"column":13},"end":{"line":18,"column":1}},"1":{"start":{"line":21,"column":20},"end":{"line":59,"column":1}},"2":{"start":{"line":23,"column":4},"end":{"line":56,"column":13}}},"fnMap":{"0":{"name":"(anonymous_0)","decl":{"start":{"line":22,"column":10},"end":{"line":22,"column":11}},"loc":{"start":{"line":23,"column":4},"end":{"line":56,"column":13}},"line":23}},"branchMap":{},"s":{"0":0,"1":0,"2":0},"f":{"0":0},"b":{}}
,"/home/zimele-dubazana/eVuka-REWARDS-app/src/stories/separator.stories.tsx": {"path":"/home/zimele-dubazana/eVuka-REWARDS-app/src/stories/separator.stories.tsx","statementMap":{"0":{"start":{"line":4,"column":13},"end":{"line":9,"column":1}},"1":{"start":{"line":12,"column":20},"end":{"line":32,"column":1}},"2":{"start":{"line":14,"column":4},"end":{"line":29,"column":10}}},"fnMap":{"0":{"name":"(anonymous_0)","decl":{"start":{"line":13,"column":10},"end":{"line":13,"column":11}},"loc":{"start":{"line":14,"column":4},"end":{"line":29,"column":10}},"line":14}},"branchMap":{},"s":{"0":0,"1":0,"2":0},"f":{"0":0},"b":{}}
,"/home/zimele-dubazana/eVuka-REWARDS-app/src/stories/sheet.stories.tsx": {"path":"/home/zimele-dubazana/eVuka-REWARDS-app/src/stories/sheet.stories.tsx","statementMap":{"0":{"start":{"line":11,"column":13},"end":{"line":16,"column":1}},"1":{"start":{"line":19,"column":23},"end":{"line":39,"column":1}},"2":{"start":{"line":21,"column":4},"end":{"line":34,"column":6}},"3":{"start":{"line":41,"column":20},"end":{"line":61,"column":1}},"4":{"start":{"line":43,"column":4},"end":{"line":56,"column":6}},"5":{"start":{"line":63,"column":19},"end":{"line":83,"column":1}},"6":{"start":{"line":65,"column":4},"end":{"line":78,"column":6}},"7":{"start":{"line":85,"column":22},"end":{"line":105,"column":1}},"8":{"start":{"line":87,"column":4},"end":{"line":100,"column":6}}},"fnMap":{"0":{"name":"(anonymous_0)","decl":{"start":{"line":20,"column":10},"end":{"line":20,"column":11}},"loc":{"start":{"line":20,"column":25},"end":{"line":35,"column":3}},"line":20},"1":{"name":"(anonymous_1)","decl":{"start":{"line":42,"column":10},"end":{"line":42,"column":11}},"loc":{"start":{"line":42,"column":25},"end":{"line":57,"column":3}},"line":42},"2":{"name":"(anonymous_2)","decl":{"start":{"line":64,"column":10},"end":{"line":64,"column":11}},"loc":{"start":{"line":64,"column":25},"end":{"line":79,"column":3}},"line":64},"3":{"name":"(anonymous_3)","decl":{"start":{"line":86,"column":10},"end":{"line":86,"column":11}},"loc":{"start":{"line":86,"column":25},"end":{"line":101,"column":3}},"line":86}},"branchMap":{},"s":{"0":0,"1":0,"2":0,"3":0,"4":0,"5":0,"6":0,"7":0,"8":0},"f":{"0":0,"1":0,"2":0,"3":0},"b":{}}
,"/home/zimele-dubazana/eVuka-REWARDS-app/src/stories/skeleton.stories.tsx": {"path":"/home/zimele-dubazana/eVuka-REWARDS-app/src/stories/skeleton.stories.tsx","statementMap":{"0":{"start":{"line":5,"column":13},"end":{"line":10,"column":1}},"1":{"start":{"line":13,"column":23},"end":{"line":26,"column":1}},"2":{"start":{"line":15,"column":4},"end":{"line":23,"column":6}}},"fnMap":{"0":{"name":"(anonymous_0)","decl":{"start":{"line":14,"column":10},"end":{"line":14,"column":11}},"loc":{"start":{"line":14,"column":16},"end":{"line":24,"column":3}},"line":14}},"branchMap":{},"s":{"0":0,"1":0,"2":0},"f":{"0":0},"b":{}}
,"/home/zimele-dubazana/eVuka-REWARDS-app/src/stories/slider.stories.tsx": {"path":"/home/zimele-dubazana/eVuka-REWARDS-app/src/stories/slider.stories.tsx","statementMap":{"0":{"start":{"line":4,"column":13},"end":{"line":9,"column":1}},"1":{"start":{"line":12,"column":20},"end":{"line":18,"column":1}}},"fnMap":{},"branchMap":{},"s":{"0":0,"1":0},"f":{},"b":{}}
,"/home/zimele-dubazana/eVuka-REWARDS-app/src/stories/switch.stories.tsx": {"path":"/home/zimele-dubazana/eVuka-REWARDS-app/src/stories/switch.stories.tsx","statementMap":{"0":{"start":{"line":5,"column":13},"end":{"line":10,"column":1}},"1":{"start":{"line":13,"column":20},"end":{"line":21,"column":1}},"2":{"start":{"line":15,"column":4},"end":{"line":18,"column":10}}},"fnMap":{"0":{"name":"(anonymous_0)","decl":{"start":{"line":14,"column":10},"end":{"line":14,"column":11}},"loc":{"start":{"line":15,"column":4},"end":{"line":18,"column":10}},"line":15}},"branchMap":{},"s":{"0":0,"1":0,"2":0},"f":{"0":0},"b":{}}
,"/home/zimele-dubazana/eVuka-REWARDS-app/src/stories/table.stories.tsx": {"path":"/home/zimele-dubazana/eVuka-REWARDS-app/src/stories/table.stories.tsx","statementMap":{"0":{"start":{"line":12,"column":13},"end":{"line":17,"column":1}},"1":{"start":{"line":20,"column":23},"end":{"line":69,"column":1}},"2":{"start":{"line":22,"column":4},"end":{"line":66,"column":6}}},"fnMap":{"0":{"name":"(anonymous_0)","decl":{"start":{"line":21,"column":10},"end":{"line":21,"column":11}},"loc":{"start":{"line":21,"column":16},"end":{"line":67,"column":3}},"line":21}},"branchMap":{},"s":{"0":0,"1":0,"2":0},"f":{"0":0},"b":{}}
,"/home/zimele-dubazana/eVuka-REWARDS-app/src/stories/tabs.stories.tsx": {"path":"/home/zimele-dubazana/eVuka-REWARDS-app/src/stories/tabs.stories.tsx","statementMap":{"0":{"start":{"line":12,"column":13},"end":{"line":17,"column":1}},"1":{"start":{"line":20,"column":20},"end":{"line":68,"column":1}},"2":{"start":{"line":22,"column":4},"end":{"line":63,"column":11}}},"fnMap":{"0":{"name":"(anonymous_0)","decl":{"start":{"line":21,"column":10},"end":{"line":21,"column":11}},"loc":{"start":{"line":22,"column":4},"end":{"line":63,"column":11}},"line":22}},"branchMap":{},"s":{"0":0,"1":0,"2":0},"f":{"0":0},"b":{}}
,"/home/zimele-dubazana/eVuka-REWARDS-app/src/stories/textarea.stories.tsx": {"path":"/home/zimele-dubazana/eVuka-REWARDS-app/src/stories/textarea.stories.tsx","statementMap":{"0":{"start":{"line":6,"column":13},"end":{"line":11,"column":1}},"1":{"start":{"line":14,"column":23},"end":{"line":19,"column":1}},"2":{"start":{"line":15,"column":25},"end":{"line":15,"column":47}},"3":{"start":{"line":21,"column":24},"end":{"line":27,"column":1}},"4":{"start":{"line":22,"column":25},"end":{"line":22,"column":47}},"5":{"start":{"line":29,"column":25},"end":{"line":37,"column":1}},"6":{"start":{"line":31,"column":4},"end":{"line":34,"column":10}},"7":{"start":{"line":39,"column":24},"end":{"line":50,"column":1}},"8":{"start":{"line":41,"column":4},"end":{"line":47,"column":10}},"9":{"start":{"line":52,"column":26},"end":{"line":60,"column":1}},"10":{"start":{"line":54,"column":4},"end":{"line":57,"column":10}}},"fnMap":{"0":{"name":"(anonymous_0)","decl":{"start":{"line":15,"column":10},"end":{"line":15,"column":11}},"loc":{"start":{"line":15,"column":25},"end":{"line":15,"column":47}},"line":15},"1":{"name":"(anonymous_1)","decl":{"start":{"line":22,"column":10},"end":{"line":22,"column":11}},"loc":{"start":{"line":22,"column":25},"end":{"line":22,"column":47}},"line":22},"2":{"name":"(anonymous_2)","decl":{"start":{"line":30,"column":10},"end":{"line":30,"column":11}},"loc":{"start":{"line":31,"column":4},"end":{"line":34,"column":10}},"line":31},"3":{"name":"(anonymous_3)","decl":{"start":{"line":40,"column":10},"end":{"line":40,"column":11}},"loc":{"start":{"line":41,"column":4},"end":{"line":47,"column":10}},"line":41},"4":{"name":"(anonymous_4)","decl":{"start":{"line":53,"column":10},"end":{"line":53,"column":11}},"loc":{"start":{"line":54,"column":4},"end":{"line":57,"column":10}},"line":54}},"branchMap":{},"s":{"0":0,"1":0,"2":0,"3":0,"4":0,"5":0,"6":0,"7":0,"8":0,"9":0,"10":0},"f":{"0":0,"1":0,"2":0,"3":0,"4":0},"b":{}}
,"/home/zimele-dubazana/eVuka-REWARDS-app/src/stories/toggle.stories.tsx": {"path":"/home/zimele-dubazana/eVuka-REWARDS-app/src/stories/toggle.stories.tsx","statementMap":{"0":{"start":{"line":5,"column":13},"end":{"line":10,"column":1}},"1":{"start":{"line":13,"column":23},"end":{"line":20,"column":1}},"2":{"start":{"line":15,"column":4},"end":{"line":17,"column":13}},"3":{"start":{"line":22,"column":23},"end":{"line":29,"column":1}},"4":{"start":{"line":24,"column":4},"end":{"line":26,"column":13}},"5":{"start":{"line":31,"column":24},"end":{"line":39,"column":1}},"6":{"start":{"line":33,"column":4},"end":{"line":36,"column":13}},"7":{"start":{"line":41,"column":21},"end":{"line":48,"column":1}},"8":{"start":{"line":43,"column":4},"end":{"line":45,"column":13}},"9":{"start":{"line":50,"column":21},"end":{"line":57,"column":1}},"10":{"start":{"line":52,"column":4},"end":{"line":54,"column":13}},"11":{"start":{"line":59,"column":27},"end":{"line":68,"column":1}},"12":{"start":{"line":61,"column":4},"end":{"line":63,"column":13}}},"fnMap":{"0":{"name":"(anonymous_0)","decl":{"start":{"line":14,"column":10},"end":{"line":14,"column":11}},"loc":{"start":{"line":15,"column":4},"end":{"line":17,"column":13}},"line":15},"1":{"name":"(anonymous_1)","decl":{"start":{"line":23,"column":10},"end":{"line":23,"column":11}},"loc":{"start":{"line":24,"column":4},"end":{"line":26,"column":13}},"line":24},"2":{"name":"(anonymous_2)","decl":{"start":{"line":32,"column":10},"end":{"line":32,"column":11}},"loc":{"start":{"line":33,"column":4},"end":{"line":36,"column":13}},"line":33},"3":{"name":"(anonymous_3)","decl":{"start":{"line":42,"column":10},"end":{"line":42,"column":11}},"loc":{"start":{"line":43,"column":4},"end":{"line":45,"column":13}},"line":43},"4":{"name":"(anonymous_4)","decl":{"start":{"line":51,"column":10},"end":{"line":51,"column":11}},"loc":{"start":{"line":52,"column":4},"end":{"line":54,"column":13}},"line":52},"5":{"name":"(anonymous_5)","decl":{"start":{"line":60,"column":10},"end":{"line":60,"column":11}},"loc":{"start":{"line":61,"column":4},"end":{"line":63,"column":13}},"line":61}},"branchMap":{},"s":{"0":0,"1":0,"2":0,"3":0,"4":0,"5":0,"6":0,"7":0,"8":0,"9":0,"10":0,"11":0,"12":0},"f":{"0":0,"1":0,"2":0,"3":0,"4":0,"5":0},"b":{}}
,"/home/zimele-dubazana/eVuka-REWARDS-app/src/stories/tooltip.stories.tsx": {"path":"/home/zimele-dubazana/eVuka-REWARDS-app/src/stories/tooltip.stories.tsx","statementMap":{"0":{"start":{"line":12,"column":13},"end":{"line":17,"column":1}},"1":{"start":{"line":20,"column":20},"end":{"line":37,"column":1}},"2":{"start":{"line":22,"column":4},"end":{"line":34,"column":22}}},"fnMap":{"0":{"name":"(anonymous_0)","decl":{"start":{"line":21,"column":10},"end":{"line":21,"column":11}},"loc":{"start":{"line":22,"column":4},"end":{"line":34,"column":22}},"line":22}},"branchMap":{},"s":{"0":0,"1":0,"2":0},"f":{"0":0},"b":{}}
,"/home/zimele-dubazana/eVuka-REWARDS-app/src/types/errors.ts": {"path":"/home/zimele-dubazana/eVuka-REWARDS-app/src/types/errors.ts","statementMap":{"0":{"start":{"line":7,"column":4},"end":{"line":7,"column":19}},"1":{"start":{"line":8,"column":4},"end":{"line":8,"column":27}},"2":{"start":{"line":14,"column":4},"end":{"line":14,"column":77}},"3":{"start":{"line":20,"column":4},"end":{"line":24,"column":6}},"4":{"start":{"line":30,"column":4},"end":{"line":34,"column":6}},"5":{"start":{"line":40,"column":4},"end":{"line":40,"column":78}}},"fnMap":{"0":{"name":"(anonymous_0)","decl":{"start":{"line":2,"column":2},"end":{"line":2,"column":3}},"loc":{"start":{"line":6,"column":4},"end":{"line":9,"column":3}},"line":6},"1":{"name":"(anonymous_1)","decl":{"start":{"line":13,"column":2},"end":{"line":13,"column":3}},"loc":{"start":{"line":13,"column":31},"end":{"line":15,"column":3}},"line":13},"2":{"name":"(anonymous_2)","decl":{"start":{"line":19,"column":2},"end":{"line":19,"column":3}},"loc":{"start":{"line":19,"column":31},"end":{"line":25,"column":3}},"line":19},"3":{"name":"(anonymous_3)","decl":{"start":{"line":29,"column":2},"end":{"line":29,"column":3}},"loc":{"start":{"line":29,"column":66},"end":{"line":35,"column":3}},"line":29},"4":{"name":"(anonymous_4)","decl":{"start":{"line":39,"column":2},"end":{"line":39,"column":3}},"loc":{"start":{"line":39,"column":31},"end":{"line":41,"column":3}},"line":39}},"branchMap":{"0":{"loc":{"start":{"line":5,"column":11},"end":{"line":5,"column":40}},"type":"default-arg","locations":[{"start":{"line":5,"column":33},"end":{"line":5,"column":40}}],"line":5},"1":{"loc":{"start":{"line":29,"column":31},"end":{"line":29,"column":64}},"type":"default-arg","locations":[{"start":{"line":29,"column":46},"end":{"line":29,"column":64}}],"line":29}},"s":{"0":8,"1":8,"2":0,"3":0,"4":8,"5":0},"f":{"0":8,"1":0,"2":0,"3":8,"4":0},"b":{"0":[0],"1":[0]},"_coverageSchema":"1a1c01bbd47fc00a2c39e90264f33305004495a9","hash":"30fbeaa4c01199a73d2ec421b041c2469a654fde"}
,"/home/zimele-dubazana/eVuka-REWARDS-app/src/types/supabase.ts": {"path":"/home/zimele-dubazana/eVuka-REWARDS-app/src/types/supabase.ts","statementMap":{},"fnMap":{},"branchMap":{},"s":{},"f":{},"b":{}}
}
